[1.026s] DEBUG:colcon:Command line arguments: ['/usr/bin/colcon', 'build']
[1.026s] DEBUG:colcon:Parsed command line arguments: Namespace(log_base=None, log_level=None, verb_name='build', build_base='build', install_base='install', merge_install=False, symlink_install=False, test_result_base=None, continue_on_error=False, executor='parallel', parallel_workers=2, event_handlers=None, ignore_user_meta=False, metas=['./colcon.meta'], base_paths=['.'], packages_ignore=None, packages_ignore_regex=None, paths=None, packages_up_to=None, packages_up_to_regex=None, packages_above=None, packages_above_and_dependencies=None, packages_above_depth=None, packages_select_by_dep=None, packages_skip_by_dep=None, packages_skip_up_to=None, packages_select_build_failed=False, packages_skip_build_finished=False, packages_select_test_failures=False, packages_skip_test_passed=False, packages_select=None, packages_skip=None, packages_select_regex=None, packages_skip_regex=None, packages_start=None, packages_end=None, allow_overriding=[], cmake_args=None, cmake_target=None, cmake_target_skip_unavailable=False, cmake_clean_cache=False, cmake_clean_first=False, cmake_force_configure=False, ament_cmake_args=None, catkin_cmake_args=None, catkin_skip_building_tests=False, verb_parser=<colcon_defaults.argument_parser.defaults.DefaultArgumentsDecorator object at 0x7f6000e05cc0>, verb_extension=<colcon_core.verb.build.BuildVerb object at 0x7f6000e04f10>, main=<bound method BuildVerb.main of <colcon_core.verb.build.BuildVerb object at 0x7f6000e04f10>>)
[1.074s] Level 1:colcon.colcon_core.package_discovery:discover_packages(colcon_meta) check parameters
[1.074s] Level 1:colcon.colcon_core.package_discovery:discover_packages(recursive) check parameters
[1.075s] Level 1:colcon.colcon_core.package_discovery:discover_packages(ignore) check parameters
[1.075s] Level 1:colcon.colcon_core.package_discovery:discover_packages(path) check parameters
[1.075s] Level 1:colcon.colcon_core.package_discovery:discover_packages(colcon_meta) discover
[1.075s] Level 1:colcon.colcon_core.package_discovery:discover_packages(recursive) discover
[1.075s] INFO:colcon.colcon_core.package_discovery:Crawling recursively for packages in '/workspaces/jibo-workshop-fol2024/ros2_workspace'
[1.076s] Level 1:colcon.colcon_core.package_identification:_identify(.) by extensions ['ignore', 'ignore_ament_install']
[1.076s] Level 1:colcon.colcon_core.package_identification:_identify(.) by extension 'ignore'
[1.076s] Level 1:colcon.colcon_core.package_identification:_identify(.) by extension 'ignore_ament_install'
[1.076s] Level 1:colcon.colcon_core.package_identification:_identify(.) by extensions ['colcon_pkg']
[1.077s] Level 1:colcon.colcon_core.package_identification:_identify(.) by extension 'colcon_pkg'
[1.077s] Level 1:colcon.colcon_core.package_identification:_identify(.) by extensions ['colcon_meta']
[1.077s] Level 1:colcon.colcon_core.package_identification:_identify(.) by extension 'colcon_meta'
[1.077s] Level 1:colcon.colcon_core.package_identification:_identify(.) by extensions ['ros']
[1.078s] Level 1:colcon.colcon_core.package_identification:_identify(.) by extension 'ros'
[1.088s] Level 1:colcon.colcon_core.package_identification:_identify(.) by extensions ['cmake', 'python']
[1.089s] Level 1:colcon.colcon_core.package_identification:_identify(.) by extension 'cmake'
[1.089s] Level 1:colcon.colcon_core.package_identification:_identify(.) by extension 'python'
[1.089s] Level 1:colcon.colcon_core.package_identification:_identify(.) by extensions ['python_setup_py']
[1.089s] Level 1:colcon.colcon_core.package_identification:_identify(.) by extension 'python_setup_py'
[1.090s] Level 1:colcon.colcon_core.package_identification:_identify(build) by extensions ['ignore', 'ignore_ament_install']
[1.090s] Level 1:colcon.colcon_core.package_identification:_identify(build) by extension 'ignore'
[1.090s] Level 1:colcon.colcon_core.package_identification:_identify(build) ignored
[1.091s] Level 1:colcon.colcon_core.package_identification:_identify(install) by extensions ['ignore', 'ignore_ament_install']
[1.091s] Level 1:colcon.colcon_core.package_identification:_identify(install) by extension 'ignore'
[1.091s] Level 1:colcon.colcon_core.package_identification:_identify(install) ignored
[1.091s] Level 1:colcon.colcon_core.package_identification:_identify(log) by extensions ['ignore', 'ignore_ament_install']
[1.092s] Level 1:colcon.colcon_core.package_identification:_identify(log) by extension 'ignore'
[1.092s] Level 1:colcon.colcon_core.package_identification:_identify(log) ignored
[1.092s] Level 1:colcon.colcon_core.package_identification:_identify(src) by extensions ['ignore', 'ignore_ament_install']
[1.092s] Level 1:colcon.colcon_core.package_identification:_identify(src) by extension 'ignore'
[1.093s] Level 1:colcon.colcon_core.package_identification:_identify(src) by extension 'ignore_ament_install'
[1.093s] Level 1:colcon.colcon_core.package_identification:_identify(src) by extensions ['colcon_pkg']
[1.093s] Level 1:colcon.colcon_core.package_identification:_identify(src) by extension 'colcon_pkg'
[1.093s] Level 1:colcon.colcon_core.package_identification:_identify(src) by extensions ['colcon_meta']
[1.094s] Level 1:colcon.colcon_core.package_identification:_identify(src) by extension 'colcon_meta'
[1.094s] Level 1:colcon.colcon_core.package_identification:_identify(src) by extensions ['ros']
[1.094s] Level 1:colcon.colcon_core.package_identification:_identify(src) by extension 'ros'
[1.094s] Level 1:colcon.colcon_core.package_identification:_identify(src) by extensions ['cmake', 'python']
[1.095s] Level 1:colcon.colcon_core.package_identification:_identify(src) by extension 'cmake'
[1.095s] Level 1:colcon.colcon_core.package_identification:_identify(src) by extension 'python'
[1.095s] Level 1:colcon.colcon_core.package_identification:_identify(src) by extensions ['python_setup_py']
[1.095s] Level 1:colcon.colcon_core.package_identification:_identify(src) by extension 'python_setup_py'
[1.096s] Level 1:colcon.colcon_core.package_identification:_identify(src/jibo_msgs) by extensions ['ignore', 'ignore_ament_install']
[1.096s] Level 1:colcon.colcon_core.package_identification:_identify(src/jibo_msgs) by extension 'ignore'
[1.096s] Level 1:colcon.colcon_core.package_identification:_identify(src/jibo_msgs) by extension 'ignore_ament_install'
[1.096s] Level 1:colcon.colcon_core.package_identification:_identify(src/jibo_msgs) by extensions ['colcon_pkg']
[1.097s] Level 1:colcon.colcon_core.package_identification:_identify(src/jibo_msgs) by extension 'colcon_pkg'
[1.097s] Level 1:colcon.colcon_core.package_identification:_identify(src/jibo_msgs) by extensions ['colcon_meta']
[1.097s] Level 1:colcon.colcon_core.package_identification:_identify(src/jibo_msgs) by extension 'colcon_meta'
[1.097s] Level 1:colcon.colcon_core.package_identification:_identify(src/jibo_msgs) by extensions ['ros']
[1.097s] Level 1:colcon.colcon_core.package_identification:_identify(src/jibo_msgs) by extension 'ros'
[1.101s] DEBUG:colcon.colcon_core.package_identification:Package 'src/jibo_msgs' with type 'ros.ament_cmake' and name 'jibo_msgs'
[1.101s] Level 1:colcon.colcon_core.package_discovery:discover_packages(recursive) using defaults
[1.101s] Level 1:colcon.colcon_core.package_discovery:discover_packages(ignore) discover
[1.102s] Level 1:colcon.colcon_core.package_discovery:discover_packages(ignore) using defaults
[1.102s] Level 1:colcon.colcon_core.package_discovery:discover_packages(path) discover
[1.102s] Level 1:colcon.colcon_core.package_discovery:discover_packages(path) using defaults
[1.220s] Level 1:colcon.colcon_core.package_discovery:discover_packages(prefix_path) check parameters
[1.221s] Level 1:colcon.colcon_core.package_discovery:discover_packages(prefix_path) discover
[1.261s] DEBUG:colcon.colcon_installed_package_information.package_discovery:Found 1 installed packages in /workspaces/jibo-workshop-fol2024/ros2_workspace/install
[1.277s] DEBUG:colcon.colcon_installed_package_information.package_discovery:Found 198 installed packages in /opt/ros/iron
[1.278s] Level 1:colcon.colcon_core.package_discovery:discover_packages(prefix_path) using defaults
[1.391s] Level 5:colcon.colcon_core.verb:set package 'jibo_msgs' build argument 'cmake_args' from command line to 'None'
[1.392s] Level 5:colcon.colcon_core.verb:set package 'jibo_msgs' build argument 'cmake_target' from command line to 'None'
[1.392s] Level 5:colcon.colcon_core.verb:set package 'jibo_msgs' build argument 'cmake_target_skip_unavailable' from command line to 'False'
[1.393s] Level 5:colcon.colcon_core.verb:set package 'jibo_msgs' build argument 'cmake_clean_cache' from command line to 'False'
[1.393s] Level 5:colcon.colcon_core.verb:set package 'jibo_msgs' build argument 'cmake_clean_first' from command line to 'False'
[1.393s] Level 5:colcon.colcon_core.verb:set package 'jibo_msgs' build argument 'cmake_force_configure' from command line to 'False'
[1.394s] Level 5:colcon.colcon_core.verb:set package 'jibo_msgs' build argument 'ament_cmake_args' from command line to 'None'
[1.394s] Level 5:colcon.colcon_core.verb:set package 'jibo_msgs' build argument 'catkin_cmake_args' from command line to 'None'
[1.394s] Level 5:colcon.colcon_core.verb:set package 'jibo_msgs' build argument 'catkin_skip_building_tests' from command line to 'False'
[1.395s] DEBUG:colcon.colcon_core.verb:Building package 'jibo_msgs' with the following arguments: {'ament_cmake_args': None, 'build_base': '/workspaces/jibo-workshop-fol2024/ros2_workspace/build/jibo_msgs', 'catkin_cmake_args': None, 'catkin_skip_building_tests': False, 'cmake_args': None, 'cmake_clean_cache': False, 'cmake_clean_first': False, 'cmake_force_configure': False, 'cmake_target': None, 'cmake_target_skip_unavailable': False, 'install_base': '/workspaces/jibo-workshop-fol2024/ros2_workspace/install/jibo_msgs', 'merge_install': False, 'path': '/workspaces/jibo-workshop-fol2024/ros2_workspace/src/jibo_msgs', 'symlink_install': False, 'test_result_base': None}
[1.412s] INFO:colcon.colcon_core.executor:Executing jobs using 'parallel' executor
[1.426s] DEBUG:colcon.colcon_parallel_executor.executor.parallel:run_until_complete
[1.426s] INFO:colcon.colcon_ros.task.ament_cmake.build:Building ROS package in '/workspaces/jibo-workshop-fol2024/ros2_workspace/src/jibo_msgs' with build type 'ament_cmake'
[1.426s] INFO:colcon.colcon_cmake.task.cmake.build:Building CMake package in '/workspaces/jibo-workshop-fol2024/ros2_workspace/src/jibo_msgs'
[1.443s] INFO:colcon.colcon_core.plugin_system:Skipping extension 'colcon_core.shell.bat': Not used on non-Windows systems
[1.443s] INFO:colcon.colcon_core.shell:Skip shell extension 'powershell' for command environment: Not usable outside of PowerShell
[1.444s] DEBUG:colcon.colcon_core.shell:Skip shell extension 'dsv' for command environment
[1.493s] DEBUG:colcon.colcon_core.event_handler.log_command:Invoking command in '/workspaces/jibo-workshop-fol2024/ros2_workspace/build/jibo_msgs': CMAKE_PREFIX_PATH=${CMAKE_PREFIX_PATH}:/opt/ros/iron /usr/bin/cmake --build /workspaces/jibo-workshop-fol2024/ros2_workspace/build/jibo_msgs -- -j2 -l2
[25.944s] DEBUG:colcon.colcon_core.event_handler.log_command:Invoked command in '/workspaces/jibo-workshop-fol2024/ros2_workspace/build/jibo_msgs' returned '0': CMAKE_PREFIX_PATH=${CMAKE_PREFIX_PATH}:/opt/ros/iron /usr/bin/cmake --build /workspaces/jibo-workshop-fol2024/ros2_workspace/build/jibo_msgs -- -j2 -l2
[26.158s] DEBUG:colcon.colcon_core.event_handler.log_command:Invoking command in '/workspaces/jibo-workshop-fol2024/ros2_workspace/build/jibo_msgs': CMAKE_PREFIX_PATH=${CMAKE_PREFIX_PATH}:/opt/ros/iron /usr/bin/cmake --install /workspaces/jibo-workshop-fol2024/ros2_workspace/build/jibo_msgs
[26.448s] Level 1:colcon.colcon_core.environment:create_environment_scripts_only(jibo_msgs)
[26.453s] DEBUG:colcon.colcon_core.event_handler.log_command:Invoked command in '/workspaces/jibo-workshop-fol2024/ros2_workspace/build/jibo_msgs' returned '0': CMAKE_PREFIX_PATH=${CMAKE_PREFIX_PATH}:/opt/ros/iron /usr/bin/cmake --install /workspaces/jibo-workshop-fol2024/ros2_workspace/build/jibo_msgs
[26.477s] Level 1:colcon.colcon_core.environment:checking '/workspaces/jibo-workshop-fol2024/ros2_workspace/install/jibo_msgs' for CMake module files
[26.480s] Level 1:colcon.colcon_core.environment:checking '/workspaces/jibo-workshop-fol2024/ros2_workspace/install/jibo_msgs' for CMake config files
[26.480s] Level 1:colcon.colcon_core.shell:create_environment_hook('jibo_msgs', 'cmake_prefix_path')
[26.513s] INFO:colcon.colcon_core.shell:Creating environment hook '/workspaces/jibo-workshop-fol2024/ros2_workspace/install/jibo_msgs/share/jibo_msgs/hook/cmake_prefix_path.ps1'
[26.515s] INFO:colcon.colcon_core.shell:Creating environment descriptor '/workspaces/jibo-workshop-fol2024/ros2_workspace/install/jibo_msgs/share/jibo_msgs/hook/cmake_prefix_path.dsv'
[26.515s] INFO:colcon.colcon_core.shell:Creating environment hook '/workspaces/jibo-workshop-fol2024/ros2_workspace/install/jibo_msgs/share/jibo_msgs/hook/cmake_prefix_path.sh'
[26.516s] Level 1:colcon.colcon_core.environment:checking '/workspaces/jibo-workshop-fol2024/ros2_workspace/install/jibo_msgs/lib'
[26.517s] Level 1:colcon.colcon_core.shell:create_environment_hook('jibo_msgs', 'ld_library_path_lib')
[26.536s] INFO:colcon.colcon_core.shell:Creating environment hook '/workspaces/jibo-workshop-fol2024/ros2_workspace/install/jibo_msgs/share/jibo_msgs/hook/ld_library_path_lib.ps1'
[26.537s] INFO:colcon.colcon_core.shell:Creating environment descriptor '/workspaces/jibo-workshop-fol2024/ros2_workspace/install/jibo_msgs/share/jibo_msgs/hook/ld_library_path_lib.dsv'
[26.537s] INFO:colcon.colcon_core.shell:Creating environment hook '/workspaces/jibo-workshop-fol2024/ros2_workspace/install/jibo_msgs/share/jibo_msgs/hook/ld_library_path_lib.sh'
[26.538s] Level 1:colcon.colcon_core.environment:checking '/workspaces/jibo-workshop-fol2024/ros2_workspace/install/jibo_msgs/bin'
[26.538s] Level 1:colcon.colcon_core.environment:checking '/workspaces/jibo-workshop-fol2024/ros2_workspace/install/jibo_msgs/lib/pkgconfig/jibo_msgs.pc'
[26.538s] Level 1:colcon.colcon_core.environment:checking '/workspaces/jibo-workshop-fol2024/ros2_workspace/install/jibo_msgs/lib/python3.10/site-packages'
[26.538s] Level 1:colcon.colcon_core.shell:create_environment_hook('jibo_msgs', 'pythonpath')
[26.557s] INFO:colcon.colcon_core.shell:Creating environment hook '/workspaces/jibo-workshop-fol2024/ros2_workspace/install/jibo_msgs/share/jibo_msgs/hook/pythonpath.ps1'
[26.558s] INFO:colcon.colcon_core.shell:Creating environment descriptor '/workspaces/jibo-workshop-fol2024/ros2_workspace/install/jibo_msgs/share/jibo_msgs/hook/pythonpath.dsv'
[26.558s] INFO:colcon.colcon_core.shell:Creating environment hook '/workspaces/jibo-workshop-fol2024/ros2_workspace/install/jibo_msgs/share/jibo_msgs/hook/pythonpath.sh'
[26.559s] Level 1:colcon.colcon_core.environment:checking '/workspaces/jibo-workshop-fol2024/ros2_workspace/install/jibo_msgs/bin'
[26.580s] INFO:colcon.colcon_core.shell:Creating package script '/workspaces/jibo-workshop-fol2024/ros2_workspace/install/jibo_msgs/share/jibo_msgs/package.ps1'
[26.582s] INFO:colcon.colcon_core.shell:Creating package descriptor '/workspaces/jibo-workshop-fol2024/ros2_workspace/install/jibo_msgs/share/jibo_msgs/package.dsv'
[26.583s] INFO:colcon.colcon_core.shell:Creating package script '/workspaces/jibo-workshop-fol2024/ros2_workspace/install/jibo_msgs/share/jibo_msgs/package.sh'
[26.584s] INFO:colcon.colcon_core.shell:Creating package script '/workspaces/jibo-workshop-fol2024/ros2_workspace/install/jibo_msgs/share/jibo_msgs/package.bash'
[26.585s] INFO:colcon.colcon_core.shell:Creating package script '/workspaces/jibo-workshop-fol2024/ros2_workspace/install/jibo_msgs/share/jibo_msgs/package.zsh'
[26.586s] Level 1:colcon.colcon_core.environment:create_file_with_runtime_dependencies(/workspaces/jibo-workshop-fol2024/ros2_workspace/install/jibo_msgs/share/colcon-core/packages/jibo_msgs)
[27.014s] Level 1:colcon.colcon_core.environment:create_environment_scripts_only(jibo_msgs)
[27.028s] Level 1:colcon.colcon_core.environment:checking '/workspaces/jibo-workshop-fol2024/ros2_workspace/install/jibo_msgs' for CMake module files
[27.029s] Level 1:colcon.colcon_core.environment:checking '/workspaces/jibo-workshop-fol2024/ros2_workspace/install/jibo_msgs' for CMake config files
[27.029s] Level 1:colcon.colcon_core.shell:create_environment_hook('jibo_msgs', 'cmake_prefix_path')
[27.045s] INFO:colcon.colcon_core.shell:Creating environment hook '/workspaces/jibo-workshop-fol2024/ros2_workspace/install/jibo_msgs/share/jibo_msgs/hook/cmake_prefix_path.ps1'
[27.046s] INFO:colcon.colcon_core.shell:Creating environment descriptor '/workspaces/jibo-workshop-fol2024/ros2_workspace/install/jibo_msgs/share/jibo_msgs/hook/cmake_prefix_path.dsv'
[27.047s] INFO:colcon.colcon_core.shell:Creating environment hook '/workspaces/jibo-workshop-fol2024/ros2_workspace/install/jibo_msgs/share/jibo_msgs/hook/cmake_prefix_path.sh'
[27.047s] Level 1:colcon.colcon_core.environment:checking '/workspaces/jibo-workshop-fol2024/ros2_workspace/install/jibo_msgs/lib'
[27.047s] Level 1:colcon.colcon_core.shell:create_environment_hook('jibo_msgs', 'ld_library_path_lib')
[27.061s] INFO:colcon.colcon_core.shell:Creating environment hook '/workspaces/jibo-workshop-fol2024/ros2_workspace/install/jibo_msgs/share/jibo_msgs/hook/ld_library_path_lib.ps1'
[27.061s] INFO:colcon.colcon_core.shell:Creating environment descriptor '/workspaces/jibo-workshop-fol2024/ros2_workspace/install/jibo_msgs/share/jibo_msgs/hook/ld_library_path_lib.dsv'
[27.062s] INFO:colcon.colcon_core.shell:Creating environment hook '/workspaces/jibo-workshop-fol2024/ros2_workspace/install/jibo_msgs/share/jibo_msgs/hook/ld_library_path_lib.sh'
[27.063s] Level 1:colcon.colcon_core.environment:checking '/workspaces/jibo-workshop-fol2024/ros2_workspace/install/jibo_msgs/bin'
[27.063s] Level 1:colcon.colcon_core.environment:checking '/workspaces/jibo-workshop-fol2024/ros2_workspace/install/jibo_msgs/lib/pkgconfig/jibo_msgs.pc'
[27.065s] Level 1:colcon.colcon_core.environment:checking '/workspaces/jibo-workshop-fol2024/ros2_workspace/install/jibo_msgs/lib/python3.10/site-packages'
[27.065s] Level 1:colcon.colcon_core.shell:create_environment_hook('jibo_msgs', 'pythonpath')
[27.085s] INFO:colcon.colcon_core.shell:Creating environment hook '/workspaces/jibo-workshop-fol2024/ros2_workspace/install/jibo_msgs/share/jibo_msgs/hook/pythonpath.ps1'
[27.085s] INFO:colcon.colcon_core.shell:Creating environment descriptor '/workspaces/jibo-workshop-fol2024/ros2_workspace/install/jibo_msgs/share/jibo_msgs/hook/pythonpath.dsv'
[27.086s] INFO:colcon.colcon_core.shell:Creating environment hook '/workspaces/jibo-workshop-fol2024/ros2_workspace/install/jibo_msgs/share/jibo_msgs/hook/pythonpath.sh'
[27.086s] Level 1:colcon.colcon_core.environment:checking '/workspaces/jibo-workshop-fol2024/ros2_workspace/install/jibo_msgs/bin'
[27.109s] INFO:colcon.colcon_core.shell:Creating package script '/workspaces/jibo-workshop-fol2024/ros2_workspace/install/jibo_msgs/share/jibo_msgs/package.ps1'
[27.110s] INFO:colcon.colcon_core.shell:Creating package descriptor '/workspaces/jibo-workshop-fol2024/ros2_workspace/install/jibo_msgs/share/jibo_msgs/package.dsv'
[27.112s] INFO:colcon.colcon_core.shell:Creating package script '/workspaces/jibo-workshop-fol2024/ros2_workspace/install/jibo_msgs/share/jibo_msgs/package.sh'
[27.113s] INFO:colcon.colcon_core.shell:Creating package script '/workspaces/jibo-workshop-fol2024/ros2_workspace/install/jibo_msgs/share/jibo_msgs/package.bash'
[27.114s] INFO:colcon.colcon_core.shell:Creating package script '/workspaces/jibo-workshop-fol2024/ros2_workspace/install/jibo_msgs/share/jibo_msgs/package.zsh'
[27.114s] Level 1:colcon.colcon_core.environment:create_file_with_runtime_dependencies(/workspaces/jibo-workshop-fol2024/ros2_workspace/install/jibo_msgs/share/colcon-core/packages/jibo_msgs)
[27.115s] DEBUG:colcon.colcon_parallel_executor.executor.parallel:closing loop
[27.115s] DEBUG:colcon.colcon_parallel_executor.executor.parallel:loop closed
[27.115s] DEBUG:colcon.colcon_parallel_executor.executor.parallel:run_until_complete finished with '0'
[27.116s] DEBUG:colcon.colcon_core.event_reactor:joining thread
[27.147s] INFO:colcon.colcon_core.plugin_system:Skipping extension 'colcon_notification.desktop_notification.notify_send': Could not find 'notify-send'
[27.148s] INFO:colcon.colcon_core.plugin_system:Skipping extension 'colcon_notification.desktop_notification.terminal_notifier': Not used on non-Darwin systems
[27.148s] INFO:colcon.colcon_core.plugin_system:Skipping extension 'colcon_notification.desktop_notification.win32': Not used on non-Windows systems
[27.149s] INFO:colcon.colcon_notification.desktop_notification:Sending desktop notification using 'notify2'
[27.149s] DEBUG:colcon.colcon_notification.desktop_notification.notify2:Failed to initialize notify2: org.freedesktop.DBus.Error.NotSupported: Unable to autolaunch a dbus-daemon without a $DISPLAY for X11
[27.149s] DEBUG:colcon.colcon_core.event_reactor:joined thread
[27.167s] INFO:colcon.colcon_core.shell:Creating prefix script '/workspaces/jibo-workshop-fol2024/ros2_workspace/install/local_setup.ps1'
[27.168s] INFO:colcon.colcon_core.shell:Creating prefix util module '/workspaces/jibo-workshop-fol2024/ros2_workspace/install/_local_setup_util_ps1.py'
[27.170s] INFO:colcon.colcon_core.shell:Creating prefix chain script '/workspaces/jibo-workshop-fol2024/ros2_workspace/install/setup.ps1'
[27.184s] INFO:colcon.colcon_core.shell:Creating prefix script '/workspaces/jibo-workshop-fol2024/ros2_workspace/install/local_setup.sh'
[27.185s] INFO:colcon.colcon_core.shell:Creating prefix util module '/workspaces/jibo-workshop-fol2024/ros2_workspace/install/_local_setup_util_sh.py'
[27.186s] INFO:colcon.colcon_core.shell:Creating prefix chain script '/workspaces/jibo-workshop-fol2024/ros2_workspace/install/setup.sh'
[27.201s] INFO:colcon.colcon_core.shell:Creating prefix script '/workspaces/jibo-workshop-fol2024/ros2_workspace/install/local_setup.bash'
[27.201s] INFO:colcon.colcon_core.shell:Creating prefix chain script '/workspaces/jibo-workshop-fol2024/ros2_workspace/install/setup.bash'
[27.216s] INFO:colcon.colcon_core.shell:Creating prefix script '/workspaces/jibo-workshop-fol2024/ros2_workspace/install/local_setup.zsh'
[27.216s] INFO:colcon.colcon_core.shell:Creating prefix chain script '/workspaces/jibo-workshop-fol2024/ros2_workspace/install/setup.zsh'
