[  1%] Built target jibo_msgs__rosidl_generator_type_description
[  1%] Built target ament_cmake_python_copy_jibo_msgs
[  2%] Built target jibo_msgs__cpp
[  4%] [32mBuilding C object CMakeFiles/jibo_msgs__rosidl_generator_c.dir/rosidl_generator_c/jibo_msgs/msg/detail/jibo_action__description.c.o[0m
[  5%] [32mBuilding C object CMakeFiles/jibo_msgs__rosidl_generator_c.dir/rosidl_generator_c/jibo_msgs/msg/detail/jibo_action__functions.c.o[0m
[  6%] [32mBuilding C object CMakeFiles/jibo_msgs__rosidl_generator_c.dir/rosidl_generator_c/jibo_msgs/msg/detail/jibo_action__type_support.c.o[0m
[  8%] [32mBuilding C object CMakeFiles/jibo_msgs__rosidl_generator_c.dir/rosidl_generator_c/jibo_msgs/msg/detail/jibo_asr_command__description.c.o[0m
[  9%] [32mBuilding C object CMakeFiles/jibo_msgs__rosidl_generator_c.dir/rosidl_generator_c/jibo_msgs/msg/detail/jibo_asr_command__functions.c.o[0m
running egg_info
writing jibo_msgs.egg-info/PKG-INFO
writing dependency_links to jibo_msgs.egg-info/dependency_links.txt
writing top-level names to jibo_msgs.egg-info/top_level.txt
reading manifest file 'jibo_msgs.egg-info/SOURCES.txt'
writing manifest file 'jibo_msgs.egg-info/SOURCES.txt'
[ 10%] [32mBuilding C object CMakeFiles/jibo_msgs__rosidl_generator_c.dir/rosidl_generator_c/jibo_msgs/msg/detail/jibo_asr_command__type_support.c.o[0m
[ 10%] Built target ament_cmake_python_build_jibo_msgs_egg
[ 12%] [32mBuilding C object CMakeFiles/jibo_msgs__rosidl_generator_c.dir/rosidl_generator_c/jibo_msgs/msg/detail/jibo_asr_result__description.c.o[0m
[ 13%] [32mBuilding C object CMakeFiles/jibo_msgs__rosidl_generator_c.dir/rosidl_generator_c/jibo_msgs/msg/detail/jibo_asr_result__functions.c.o[0m
[ 14%] [32mBuilding C object CMakeFiles/jibo_msgs__rosidl_generator_c.dir/rosidl_generator_c/jibo_msgs/msg/detail/jibo_asr_result__type_support.c.o[0m
[ 16%] [32mBuilding C object CMakeFiles/jibo_msgs__rosidl_generator_c.dir/rosidl_generator_c/jibo_msgs/msg/detail/jibo_remote__description.c.o[0m
[ 17%] [32mBuilding C object CMakeFiles/jibo_msgs__rosidl_generator_c.dir/rosidl_generator_c/jibo_msgs/msg/detail/jibo_remote__functions.c.o[0m
[ 18%] [32mBuilding C object CMakeFiles/jibo_msgs__rosidl_generator_c.dir/rosidl_generator_c/jibo_msgs/msg/detail/jibo_remote__type_support.c.o[0m
[ 20%] [32mBuilding C object CMakeFiles/jibo_msgs__rosidl_generator_c.dir/rosidl_generator_c/jibo_msgs/msg/detail/jibo_state__description.c.o[0m
[ 21%] [32mBuilding C object CMakeFiles/jibo_msgs__rosidl_generator_c.dir/rosidl_generator_c/jibo_msgs/msg/detail/jibo_state__functions.c.o[0m
[ 22%] [32mBuilding C object CMakeFiles/jibo_msgs__rosidl_generator_c.dir/rosidl_generator_c/jibo_msgs/msg/detail/jibo_state__type_support.c.o[0m
[ 24%] [32m[1mLinking C shared library libjibo_msgs__rosidl_generator_c.so[0m
[ 25%] Built target jibo_msgs__rosidl_generator_c
[ 27%] [34m[1mGenerating C type support for eProsima Fast-RTPS[0m
[ 28%] [34m[1mGenerating C++ type support dispatch for ROS interfaces[0m
[ 29%] [32mBuilding CXX object CMakeFiles/jibo_msgs__rosidl_typesupport_cpp.dir/rosidl_typesupport_cpp/jibo_msgs/msg/jibo_action__type_support.cpp.o[0m
[ 31%] [32mBuilding CXX object CMakeFiles/jibo_msgs__rosidl_typesupport_fastrtps_c.dir/rosidl_typesupport_fastrtps_c/jibo_msgs/msg/detail/jibo_action__type_support_c.cpp.o[0m
[ 32%] [32mBuilding CXX object CMakeFiles/jibo_msgs__rosidl_typesupport_cpp.dir/rosidl_typesupport_cpp/jibo_msgs/msg/jibo_asr_command__type_support.cpp.o[0m
[ 33%] [32mBuilding CXX object CMakeFiles/jibo_msgs__rosidl_typesupport_fastrtps_c.dir/rosidl_typesupport_fastrtps_c/jibo_msgs/msg/detail/jibo_asr_command__type_support_c.cpp.o[0m
[ 35%] [32mBuilding CXX object CMakeFiles/jibo_msgs__rosidl_typesupport_cpp.dir/rosidl_typesupport_cpp/jibo_msgs/msg/jibo_asr_result__type_support.cpp.o[0m
[ 36%] [32mBuilding CXX object CMakeFiles/jibo_msgs__rosidl_typesupport_fastrtps_c.dir/rosidl_typesupport_fastrtps_c/jibo_msgs/msg/detail/jibo_asr_result__type_support_c.cpp.o[0m
[ 37%] [32mBuilding CXX object CMakeFiles/jibo_msgs__rosidl_typesupport_cpp.dir/rosidl_typesupport_cpp/jibo_msgs/msg/jibo_remote__type_support.cpp.o[0m
[ 39%] [32mBuilding CXX object CMakeFiles/jibo_msgs__rosidl_typesupport_fastrtps_c.dir/rosidl_typesupport_fastrtps_c/jibo_msgs/msg/detail/jibo_remote__type_support_c.cpp.o[0m
[ 40%] [32mBuilding CXX object CMakeFiles/jibo_msgs__rosidl_typesupport_cpp.dir/rosidl_typesupport_cpp/jibo_msgs/msg/jibo_state__type_support.cpp.o[0m
[ 41%] [32mBuilding CXX object CMakeFiles/jibo_msgs__rosidl_typesupport_fastrtps_c.dir/rosidl_typesupport_fastrtps_c/jibo_msgs/msg/detail/jibo_state__type_support_c.cpp.o[0m
[ 43%] [32m[1mLinking CXX shared library libjibo_msgs__rosidl_typesupport_fastrtps_c.so[0m
[ 44%] [32m[1mLinking CXX shared library libjibo_msgs__rosidl_typesupport_cpp.so[0m
[ 44%] Built target jibo_msgs__rosidl_typesupport_cpp
[ 44%] Built target jibo_msgs__rosidl_typesupport_fastrtps_c
[ 45%] [34m[1mGenerating C introspection for ROS interfaces[0m
[ 47%] [34m[1mGenerating C type support dispatch for ROS interfaces[0m
[ 48%] [32mBuilding CXX object CMakeFiles/jibo_msgs__rosidl_typesupport_c.dir/rosidl_typesupport_c/jibo_msgs/msg/jibo_action__type_support.cpp.o[0m
[ 50%] [32mBuilding CXX object CMakeFiles/jibo_msgs__rosidl_typesupport_c.dir/rosidl_typesupport_c/jibo_msgs/msg/jibo_asr_command__type_support.cpp.o[0m
[ 51%] [32mBuilding C object CMakeFiles/jibo_msgs__rosidl_typesupport_introspection_c.dir/rosidl_typesupport_introspection_c/jibo_msgs/msg/detail/jibo_action__type_support.c.o[0m
[ 52%] [32mBuilding CXX object CMakeFiles/jibo_msgs__rosidl_typesupport_c.dir/rosidl_typesupport_c/jibo_msgs/msg/jibo_asr_result__type_support.cpp.o[0m
[ 54%] [32mBuilding C object CMakeFiles/jibo_msgs__rosidl_typesupport_introspection_c.dir/rosidl_typesupport_introspection_c/jibo_msgs/msg/detail/jibo_asr_command__type_support.c.o[0m
[ 55%] [32mBuilding CXX object CMakeFiles/jibo_msgs__rosidl_typesupport_c.dir/rosidl_typesupport_c/jibo_msgs/msg/jibo_remote__type_support.cpp.o[0m
[ 56%] [32mBuilding C object CMakeFiles/jibo_msgs__rosidl_typesupport_introspection_c.dir/rosidl_typesupport_introspection_c/jibo_msgs/msg/detail/jibo_asr_result__type_support.c.o[0m
[ 58%] [32mBuilding CXX object CMakeFiles/jibo_msgs__rosidl_typesupport_c.dir/rosidl_typesupport_c/jibo_msgs/msg/jibo_state__type_support.cpp.o[0m
[ 59%] [32mBuilding C object CMakeFiles/jibo_msgs__rosidl_typesupport_introspection_c.dir/rosidl_typesupport_introspection_c/jibo_msgs/msg/detail/jibo_remote__type_support.c.o[0m
[ 60%] [32m[1mLinking CXX shared library libjibo_msgs__rosidl_typesupport_c.so[0m
[ 62%] [32mBuilding C object CMakeFiles/jibo_msgs__rosidl_typesupport_introspection_c.dir/rosidl_typesupport_introspection_c/jibo_msgs/msg/detail/jibo_state__type_support.c.o[0m
[ 63%] [32m[1mLinking C shared library libjibo_msgs__rosidl_typesupport_introspection_c.so[0m
[ 63%] Built target jibo_msgs__rosidl_typesupport_c
[ 64%] [34m[1mGenerating C++ type support for eProsima Fast-RTPS[0m
[ 64%] Built target jibo_msgs__rosidl_typesupport_introspection_c
[ 66%] [34m[1mGenerating C++ introspection for ROS interfaces[0m
[ 67%] [32mBuilding CXX object CMakeFiles/jibo_msgs__rosidl_typesupport_fastrtps_cpp.dir/rosidl_typesupport_fastrtps_cpp/jibo_msgs/msg/detail/dds_fastrtps/jibo_action__type_support.cpp.o[0m
[ 68%] [32mBuilding CXX object CMakeFiles/jibo_msgs__rosidl_typesupport_introspection_cpp.dir/rosidl_typesupport_introspection_cpp/jibo_msgs/msg/detail/jibo_action__type_support.cpp.o[0m
[ 70%] [32mBuilding CXX object CMakeFiles/jibo_msgs__rosidl_typesupport_introspection_cpp.dir/rosidl_typesupport_introspection_cpp/jibo_msgs/msg/detail/jibo_asr_command__type_support.cpp.o[0m
[ 71%] [32mBuilding CXX object CMakeFiles/jibo_msgs__rosidl_typesupport_fastrtps_cpp.dir/rosidl_typesupport_fastrtps_cpp/jibo_msgs/msg/detail/dds_fastrtps/jibo_asr_command__type_support.cpp.o[0m
[ 72%] [32mBuilding CXX object CMakeFiles/jibo_msgs__rosidl_typesupport_introspection_cpp.dir/rosidl_typesupport_introspection_cpp/jibo_msgs/msg/detail/jibo_asr_result__type_support.cpp.o[0m
[ 74%] [32mBuilding CXX object CMakeFiles/jibo_msgs__rosidl_typesupport_fastrtps_cpp.dir/rosidl_typesupport_fastrtps_cpp/jibo_msgs/msg/detail/dds_fastrtps/jibo_asr_result__type_support.cpp.o[0m
[ 75%] [32mBuilding CXX object CMakeFiles/jibo_msgs__rosidl_typesupport_introspection_cpp.dir/rosidl_typesupport_introspection_cpp/jibo_msgs/msg/detail/jibo_remote__type_support.cpp.o[0m
[ 77%] [32mBuilding CXX object CMakeFiles/jibo_msgs__rosidl_typesupport_introspection_cpp.dir/rosidl_typesupport_introspection_cpp/jibo_msgs/msg/detail/jibo_state__type_support.cpp.o[0m
[ 78%] [32mBuilding CXX object CMakeFiles/jibo_msgs__rosidl_typesupport_fastrtps_cpp.dir/rosidl_typesupport_fastrtps_cpp/jibo_msgs/msg/detail/dds_fastrtps/jibo_remote__type_support.cpp.o[0m
[ 79%] [32m[1mLinking CXX shared library libjibo_msgs__rosidl_typesupport_introspection_cpp.so[0m
[ 79%] Built target jibo_msgs__rosidl_typesupport_introspection_cpp
[ 81%] [32mBuilding CXX object CMakeFiles/jibo_msgs__rosidl_typesupport_fastrtps_cpp.dir/rosidl_typesupport_fastrtps_cpp/jibo_msgs/msg/detail/dds_fastrtps/jibo_state__type_support.cpp.o[0m
[ 82%] [32m[1mLinking CXX shared library libjibo_msgs__rosidl_typesupport_fastrtps_cpp.so[0m
[ 82%] Built target jibo_msgs__rosidl_typesupport_fastrtps_cpp
[ 82%] Built target jibo_msgs
[ 83%] [34m[1mGenerating Python code for ROS interfaces[0m
[ 83%] Built target jibo_msgs__py
[ 85%] [32mBuilding C object CMakeFiles/jibo_msgs__rosidl_generator_py.dir/rosidl_generator_py/jibo_msgs/msg/_jibo_action_s.c.o[0m
[ 86%] [32mBuilding C object CMakeFiles/jibo_msgs__rosidl_generator_py.dir/rosidl_generator_py/jibo_msgs/msg/_jibo_asr_command_s.c.o[0m
[ 87%] [32mBuilding C object CMakeFiles/jibo_msgs__rosidl_generator_py.dir/rosidl_generator_py/jibo_msgs/msg/_jibo_asr_result_s.c.o[0m
[ 89%] [32mBuilding C object CMakeFiles/jibo_msgs__rosidl_generator_py.dir/rosidl_generator_py/jibo_msgs/msg/_jibo_remote_s.c.o[0m
[ 90%] [32mBuilding C object CMakeFiles/jibo_msgs__rosidl_generator_py.dir/rosidl_generator_py/jibo_msgs/msg/_jibo_state_s.c.o[0m
[ 91%] [32m[1mLinking C shared library rosidl_generator_py/jibo_msgs/libjibo_msgs__rosidl_generator_py.so[0m
[ 91%] Built target jibo_msgs__rosidl_generator_py
[ 93%] [32mBuilding C object CMakeFiles/jibo_msgs__rosidl_typesupport_introspection_c__pyext.dir/rosidl_generator_py/jibo_msgs/_jibo_msgs_s.ep.rosidl_typesupport_introspection_c.c.o[0m
[ 94%] [32mBuilding C object CMakeFiles/jibo_msgs__rosidl_typesupport_fastrtps_c__pyext.dir/rosidl_generator_py/jibo_msgs/_jibo_msgs_s.ep.rosidl_typesupport_fastrtps_c.c.o[0m
[ 95%] [32m[1mLinking C shared library rosidl_generator_py/jibo_msgs/jibo_msgs_s__rosidl_typesupport_introspection_c.cpython-310-x86_64-linux-gnu.so[0m
[ 97%] [32m[1mLinking C shared library rosidl_generator_py/jibo_msgs/jibo_msgs_s__rosidl_typesupport_fastrtps_c.cpython-310-x86_64-linux-gnu.so[0m
[ 97%] Built target jibo_msgs__rosidl_typesupport_introspection_c__pyext
[ 98%] [32mBuilding C object CMakeFiles/jibo_msgs__rosidl_typesupport_c__pyext.dir/rosidl_generator_py/jibo_msgs/_jibo_msgs_s.ep.rosidl_typesupport_c.c.o[0m
[ 98%] Built target jibo_msgs__rosidl_typesupport_fastrtps_c__pyext
[100%] [32m[1mLinking C shared library rosidl_generator_py/jibo_msgs/jibo_msgs_s__rosidl_typesupport_c.cpython-310-x86_64-linux-gnu.so[0m
[100%] Built target jibo_msgs__rosidl_typesupport_c__pyext
-- Install configuration: ""
-- Installing: /workspaces/jibo-workshop-fol2024/ros2_workspace/install/jibo_msgs/share/ament_index/resource_index/rosidl_interfaces/jibo_msgs
-- Installing: /workspaces/jibo-workshop-fol2024/ros2_workspace/install/jibo_msgs/share/jibo_msgs/msg/JiboAction.json
-- Installing: /workspaces/jibo-workshop-fol2024/ros2_workspace/install/jibo_msgs/share/jibo_msgs/msg/JiboAsrCommand.json
-- Installing: /workspaces/jibo-workshop-fol2024/ros2_workspace/install/jibo_msgs/share/jibo_msgs/msg/JiboAsrResult.json
-- Installing: /workspaces/jibo-workshop-fol2024/ros2_workspace/install/jibo_msgs/share/jibo_msgs/msg/JiboRemote.json
-- Installing: /workspaces/jibo-workshop-fol2024/ros2_workspace/install/jibo_msgs/share/jibo_msgs/msg/JiboState.json
-- Installing: /workspaces/jibo-workshop-fol2024/ros2_workspace/install/jibo_msgs/include/jibo_msgs/jibo_msgs
-- Installing: /workspaces/jibo-workshop-fol2024/ros2_workspace/install/jibo_msgs/include/jibo_msgs/jibo_msgs/msg
-- Installing: /workspaces/jibo-workshop-fol2024/ros2_workspace/install/jibo_msgs/include/jibo_msgs/jibo_msgs/msg/jibo_remote.h
-- Installing: /workspaces/jibo-workshop-fol2024/ros2_workspace/install/jibo_msgs/include/jibo_msgs/jibo_msgs/msg/rosidl_generator_c__visibility_control.h
-- Installing: /workspaces/jibo-workshop-fol2024/ros2_workspace/install/jibo_msgs/include/jibo_msgs/jibo_msgs/msg/jibo_asr_command.h
-- Installing: /workspaces/jibo-workshop-fol2024/ros2_workspace/install/jibo_msgs/include/jibo_msgs/jibo_msgs/msg/jibo_state.h
-- Installing: /workspaces/jibo-workshop-fol2024/ros2_workspace/install/jibo_msgs/include/jibo_msgs/jibo_msgs/msg/jibo_action.h
-- Installing: /workspaces/jibo-workshop-fol2024/ros2_workspace/install/jibo_msgs/include/jibo_msgs/jibo_msgs/msg/jibo_asr_result.h
-- Installing: /workspaces/jibo-workshop-fol2024/ros2_workspace/install/jibo_msgs/include/jibo_msgs/jibo_msgs/msg/detail
-- Installing: /workspaces/jibo-workshop-fol2024/ros2_workspace/install/jibo_msgs/include/jibo_msgs/jibo_msgs/msg/detail/jibo_action__type_support.h
-- Installing: /workspaces/jibo-workshop-fol2024/ros2_workspace/install/jibo_msgs/include/jibo_msgs/jibo_msgs/msg/detail/jibo_action__type_support.c
-- Installing: /workspaces/jibo-workshop-fol2024/ros2_workspace/install/jibo_msgs/include/jibo_msgs/jibo_msgs/msg/detail/jibo_asr_command__type_support.c
-- Installing: /workspaces/jibo-workshop-fol2024/ros2_workspace/install/jibo_msgs/include/jibo_msgs/jibo_msgs/msg/detail/jibo_asr_command__description.c
-- Installing: /workspaces/jibo-workshop-fol2024/ros2_workspace/install/jibo_msgs/include/jibo_msgs/jibo_msgs/msg/detail/jibo_asr_result__description.c
-- Installing: /workspaces/jibo-workshop-fol2024/ros2_workspace/install/jibo_msgs/include/jibo_msgs/jibo_msgs/msg/detail/jibo_action__struct.h
-- Installing: /workspaces/jibo-workshop-fol2024/ros2_workspace/install/jibo_msgs/include/jibo_msgs/jibo_msgs/msg/detail/jibo_remote__description.c
-- Installing: /workspaces/jibo-workshop-fol2024/ros2_workspace/install/jibo_msgs/include/jibo_msgs/jibo_msgs/msg/detail/jibo_state__functions.h
-- Installing: /workspaces/jibo-workshop-fol2024/ros2_workspace/install/jibo_msgs/include/jibo_msgs/jibo_msgs/msg/detail/jibo_asr_command__type_support.h
-- Installing: /workspaces/jibo-workshop-fol2024/ros2_workspace/install/jibo_msgs/include/jibo_msgs/jibo_msgs/msg/detail/jibo_remote__type_support.c
-- Installing: /workspaces/jibo-workshop-fol2024/ros2_workspace/install/jibo_msgs/include/jibo_msgs/jibo_msgs/msg/detail/jibo_action__functions.h
-- Installing: /workspaces/jibo-workshop-fol2024/ros2_workspace/install/jibo_msgs/include/jibo_msgs/jibo_msgs/msg/detail/jibo_asr_result__type_support.c
-- Installing: /workspaces/jibo-workshop-fol2024/ros2_workspace/install/jibo_msgs/include/jibo_msgs/jibo_msgs/msg/detail/jibo_state__type_support.c
-- Installing: /workspaces/jibo-workshop-fol2024/ros2_workspace/install/jibo_msgs/include/jibo_msgs/jibo_msgs/msg/detail/jibo_state__type_support.h
-- Installing: /workspaces/jibo-workshop-fol2024/ros2_workspace/install/jibo_msgs/include/jibo_msgs/jibo_msgs/msg/detail/jibo_action__functions.c
-- Installing: /workspaces/jibo-workshop-fol2024/ros2_workspace/install/jibo_msgs/include/jibo_msgs/jibo_msgs/msg/detail/jibo_action__description.c
-- Installing: /workspaces/jibo-workshop-fol2024/ros2_workspace/install/jibo_msgs/include/jibo_msgs/jibo_msgs/msg/detail/jibo_remote__functions.h
-- Installing: /workspaces/jibo-workshop-fol2024/ros2_workspace/install/jibo_msgs/include/jibo_msgs/jibo_msgs/msg/detail/jibo_remote__type_support.h
-- Installing: /workspaces/jibo-workshop-fol2024/ros2_workspace/install/jibo_msgs/include/jibo_msgs/jibo_msgs/msg/detail/jibo_asr_result__functions.c
-- Installing: /workspaces/jibo-workshop-fol2024/ros2_workspace/install/jibo_msgs/include/jibo_msgs/jibo_msgs/msg/detail/jibo_asr_command__functions.c
-- Installing: /workspaces/jibo-workshop-fol2024/ros2_workspace/install/jibo_msgs/include/jibo_msgs/jibo_msgs/msg/detail/jibo_state__struct.h
-- Installing: /workspaces/jibo-workshop-fol2024/ros2_workspace/install/jibo_msgs/include/jibo_msgs/jibo_msgs/msg/detail/jibo_asr_command__struct.h
-- Installing: /workspaces/jibo-workshop-fol2024/ros2_workspace/install/jibo_msgs/include/jibo_msgs/jibo_msgs/msg/detail/jibo_asr_result__struct.h
-- Installing: /workspaces/jibo-workshop-fol2024/ros2_workspace/install/jibo_msgs/include/jibo_msgs/jibo_msgs/msg/detail/jibo_remote__struct.h
-- Installing: /workspaces/jibo-workshop-fol2024/ros2_workspace/install/jibo_msgs/include/jibo_msgs/jibo_msgs/msg/detail/jibo_state__functions.c
-- Installing: /workspaces/jibo-workshop-fol2024/ros2_workspace/install/jibo_msgs/include/jibo_msgs/jibo_msgs/msg/detail/jibo_asr_result__type_support.h
-- Installing: /workspaces/jibo-workshop-fol2024/ros2_workspace/install/jibo_msgs/include/jibo_msgs/jibo_msgs/msg/detail/jibo_asr_command__functions.h
-- Installing: /workspaces/jibo-workshop-fol2024/ros2_workspace/install/jibo_msgs/include/jibo_msgs/jibo_msgs/msg/detail/jibo_state__description.c
-- Installing: /workspaces/jibo-workshop-fol2024/ros2_workspace/install/jibo_msgs/include/jibo_msgs/jibo_msgs/msg/detail/jibo_asr_result__functions.h
-- Installing: /workspaces/jibo-workshop-fol2024/ros2_workspace/install/jibo_msgs/include/jibo_msgs/jibo_msgs/msg/detail/jibo_remote__functions.c
-- Installing: /workspaces/jibo-workshop-fol2024/ros2_workspace/install/jibo_msgs/share/jibo_msgs/environment/library_path.sh
-- Installing: /workspaces/jibo-workshop-fol2024/ros2_workspace/install/jibo_msgs/share/jibo_msgs/environment/library_path.dsv
-- Installing: /workspaces/jibo-workshop-fol2024/ros2_workspace/install/jibo_msgs/lib/libjibo_msgs__rosidl_generator_c.so
-- Set runtime path of "/workspaces/jibo-workshop-fol2024/ros2_workspace/install/jibo_msgs/lib/libjibo_msgs__rosidl_generator_c.so" to ""
-- Up-to-date: /workspaces/jibo-workshop-fol2024/ros2_workspace/install/jibo_msgs/include/jibo_msgs/jibo_msgs
-- Up-to-date: /workspaces/jibo-workshop-fol2024/ros2_workspace/install/jibo_msgs/include/jibo_msgs/jibo_msgs/msg
-- Installing: /workspaces/jibo-workshop-fol2024/ros2_workspace/install/jibo_msgs/include/jibo_msgs/jibo_msgs/msg/rosidl_typesupport_fastrtps_c__visibility_control.h
-- Up-to-date: /workspaces/jibo-workshop-fol2024/ros2_workspace/install/jibo_msgs/include/jibo_msgs/jibo_msgs/msg/detail
-- Installing: /workspaces/jibo-workshop-fol2024/ros2_workspace/install/jibo_msgs/include/jibo_msgs/jibo_msgs/msg/detail/jibo_action__rosidl_typesupport_fastrtps_c.h
-- Installing: /workspaces/jibo-workshop-fol2024/ros2_workspace/install/jibo_msgs/include/jibo_msgs/jibo_msgs/msg/detail/jibo_asr_result__rosidl_typesupport_fastrtps_c.h
-- Installing: /workspaces/jibo-workshop-fol2024/ros2_workspace/install/jibo_msgs/include/jibo_msgs/jibo_msgs/msg/detail/jibo_state__rosidl_typesupport_fastrtps_c.h
-- Installing: /workspaces/jibo-workshop-fol2024/ros2_workspace/install/jibo_msgs/include/jibo_msgs/jibo_msgs/msg/detail/jibo_remote__rosidl_typesupport_fastrtps_c.h
-- Installing: /workspaces/jibo-workshop-fol2024/ros2_workspace/install/jibo_msgs/include/jibo_msgs/jibo_msgs/msg/detail/jibo_asr_command__rosidl_typesupport_fastrtps_c.h
-- Installing: /workspaces/jibo-workshop-fol2024/ros2_workspace/install/jibo_msgs/lib/libjibo_msgs__rosidl_typesupport_fastrtps_c.so
-- Set runtime path of "/workspaces/jibo-workshop-fol2024/ros2_workspace/install/jibo_msgs/lib/libjibo_msgs__rosidl_typesupport_fastrtps_c.so" to ""
-- Up-to-date: /workspaces/jibo-workshop-fol2024/ros2_workspace/install/jibo_msgs/include/jibo_msgs/jibo_msgs
-- Up-to-date: /workspaces/jibo-workshop-fol2024/ros2_workspace/install/jibo_msgs/include/jibo_msgs/jibo_msgs/msg
-- Installing: /workspaces/jibo-workshop-fol2024/ros2_workspace/install/jibo_msgs/include/jibo_msgs/jibo_msgs/msg/rosidl_typesupport_introspection_c__visibility_control.h
-- Up-to-date: /workspaces/jibo-workshop-fol2024/ros2_workspace/install/jibo_msgs/include/jibo_msgs/jibo_msgs/msg/detail
-- Installing: /workspaces/jibo-workshop-fol2024/ros2_workspace/install/jibo_msgs/include/jibo_msgs/jibo_msgs/msg/detail/jibo_action__type_support.c
-- Installing: /workspaces/jibo-workshop-fol2024/ros2_workspace/install/jibo_msgs/include/jibo_msgs/jibo_msgs/msg/detail/jibo_asr_command__rosidl_typesupport_introspection_c.h
-- Installing: /workspaces/jibo-workshop-fol2024/ros2_workspace/install/jibo_msgs/include/jibo_msgs/jibo_msgs/msg/detail/jibo_asr_command__type_support.c
-- Installing: /workspaces/jibo-workshop-fol2024/ros2_workspace/install/jibo_msgs/include/jibo_msgs/jibo_msgs/msg/detail/jibo_remote__type_support.c
-- Installing: /workspaces/jibo-workshop-fol2024/ros2_workspace/install/jibo_msgs/include/jibo_msgs/jibo_msgs/msg/detail/jibo_asr_result__rosidl_typesupport_introspection_c.h
-- Installing: /workspaces/jibo-workshop-fol2024/ros2_workspace/install/jibo_msgs/include/jibo_msgs/jibo_msgs/msg/detail/jibo_asr_result__type_support.c
-- Installing: /workspaces/jibo-workshop-fol2024/ros2_workspace/install/jibo_msgs/include/jibo_msgs/jibo_msgs/msg/detail/jibo_state__type_support.c
-- Installing: /workspaces/jibo-workshop-fol2024/ros2_workspace/install/jibo_msgs/include/jibo_msgs/jibo_msgs/msg/detail/jibo_state__rosidl_typesupport_introspection_c.h
-- Installing: /workspaces/jibo-workshop-fol2024/ros2_workspace/install/jibo_msgs/include/jibo_msgs/jibo_msgs/msg/detail/jibo_action__rosidl_typesupport_introspection_c.h
-- Installing: /workspaces/jibo-workshop-fol2024/ros2_workspace/install/jibo_msgs/include/jibo_msgs/jibo_msgs/msg/detail/jibo_remote__rosidl_typesupport_introspection_c.h
-- Installing: /workspaces/jibo-workshop-fol2024/ros2_workspace/install/jibo_msgs/lib/libjibo_msgs__rosidl_typesupport_introspection_c.so
-- Set runtime path of "/workspaces/jibo-workshop-fol2024/ros2_workspace/install/jibo_msgs/lib/libjibo_msgs__rosidl_typesupport_introspection_c.so" to ""
-- Installing: /workspaces/jibo-workshop-fol2024/ros2_workspace/install/jibo_msgs/lib/libjibo_msgs__rosidl_typesupport_c.so
-- Set runtime path of "/workspaces/jibo-workshop-fol2024/ros2_workspace/install/jibo_msgs/lib/libjibo_msgs__rosidl_typesupport_c.so" to ""
-- Up-to-date: /workspaces/jibo-workshop-fol2024/ros2_workspace/install/jibo_msgs/include/jibo_msgs/jibo_msgs
-- Up-to-date: /workspaces/jibo-workshop-fol2024/ros2_workspace/install/jibo_msgs/include/jibo_msgs/jibo_msgs/msg
-- Installing: /workspaces/jibo-workshop-fol2024/ros2_workspace/install/jibo_msgs/include/jibo_msgs/jibo_msgs/msg/jibo_state.hpp
-- Installing: /workspaces/jibo-workshop-fol2024/ros2_workspace/install/jibo_msgs/include/jibo_msgs/jibo_msgs/msg/jibo_asr_command.hpp
-- Installing: /workspaces/jibo-workshop-fol2024/ros2_workspace/install/jibo_msgs/include/jibo_msgs/jibo_msgs/msg/jibo_remote.hpp
-- Installing: /workspaces/jibo-workshop-fol2024/ros2_workspace/install/jibo_msgs/include/jibo_msgs/jibo_msgs/msg/jibo_action.hpp
-- Installing: /workspaces/jibo-workshop-fol2024/ros2_workspace/install/jibo_msgs/include/jibo_msgs/jibo_msgs/msg/jibo_asr_result.hpp
-- Up-to-date: /workspaces/jibo-workshop-fol2024/ros2_workspace/install/jibo_msgs/include/jibo_msgs/jibo_msgs/msg/detail
-- Installing: /workspaces/jibo-workshop-fol2024/ros2_workspace/install/jibo_msgs/include/jibo_msgs/jibo_msgs/msg/detail/jibo_action__struct.hpp
-- Installing: /workspaces/jibo-workshop-fol2024/ros2_workspace/install/jibo_msgs/include/jibo_msgs/jibo_msgs/msg/detail/jibo_state__traits.hpp
-- Installing: /workspaces/jibo-workshop-fol2024/ros2_workspace/install/jibo_msgs/include/jibo_msgs/jibo_msgs/msg/detail/jibo_remote__struct.hpp
-- Installing: /workspaces/jibo-workshop-fol2024/ros2_workspace/install/jibo_msgs/include/jibo_msgs/jibo_msgs/msg/detail/jibo_asr_result__builder.hpp
-- Installing: /workspaces/jibo-workshop-fol2024/ros2_workspace/install/jibo_msgs/include/jibo_msgs/jibo_msgs/msg/detail/jibo_asr_command__struct.hpp
-- Installing: /workspaces/jibo-workshop-fol2024/ros2_workspace/install/jibo_msgs/include/jibo_msgs/jibo_msgs/msg/detail/jibo_state__struct.hpp
-- Installing: /workspaces/jibo-workshop-fol2024/ros2_workspace/install/jibo_msgs/include/jibo_msgs/jibo_msgs/msg/detail/jibo_state__builder.hpp
-- Installing: /workspaces/jibo-workshop-fol2024/ros2_workspace/install/jibo_msgs/include/jibo_msgs/jibo_msgs/msg/detail/jibo_action__traits.hpp
-- Installing: /workspaces/jibo-workshop-fol2024/ros2_workspace/install/jibo_msgs/include/jibo_msgs/jibo_msgs/msg/detail/jibo_asr_result__traits.hpp
-- Installing: /workspaces/jibo-workshop-fol2024/ros2_workspace/install/jibo_msgs/include/jibo_msgs/jibo_msgs/msg/detail/jibo_remote__builder.hpp
-- Installing: /workspaces/jibo-workshop-fol2024/ros2_workspace/install/jibo_msgs/include/jibo_msgs/jibo_msgs/msg/detail/jibo_action__builder.hpp
-- Installing: /workspaces/jibo-workshop-fol2024/ros2_workspace/install/jibo_msgs/include/jibo_msgs/jibo_msgs/msg/detail/jibo_asr_result__struct.hpp
-- Installing: /workspaces/jibo-workshop-fol2024/ros2_workspace/install/jibo_msgs/include/jibo_msgs/jibo_msgs/msg/detail/jibo_remote__traits.hpp
-- Installing: /workspaces/jibo-workshop-fol2024/ros2_workspace/install/jibo_msgs/include/jibo_msgs/jibo_msgs/msg/detail/jibo_asr_command__traits.hpp
-- Installing: /workspaces/jibo-workshop-fol2024/ros2_workspace/install/jibo_msgs/include/jibo_msgs/jibo_msgs/msg/detail/jibo_asr_command__builder.hpp
-- Up-to-date: /workspaces/jibo-workshop-fol2024/ros2_workspace/install/jibo_msgs/include/jibo_msgs/jibo_msgs
-- Up-to-date: /workspaces/jibo-workshop-fol2024/ros2_workspace/install/jibo_msgs/include/jibo_msgs/jibo_msgs/msg
-- Installing: /workspaces/jibo-workshop-fol2024/ros2_workspace/install/jibo_msgs/include/jibo_msgs/jibo_msgs/msg/rosidl_typesupport_fastrtps_cpp__visibility_control.h
-- Up-to-date: /workspaces/jibo-workshop-fol2024/ros2_workspace/install/jibo_msgs/include/jibo_msgs/jibo_msgs/msg/detail
-- Installing: /workspaces/jibo-workshop-fol2024/ros2_workspace/install/jibo_msgs/include/jibo_msgs/jibo_msgs/msg/detail/dds_fastrtps
-- Installing: /workspaces/jibo-workshop-fol2024/ros2_workspace/install/jibo_msgs/include/jibo_msgs/jibo_msgs/msg/detail/jibo_asr_result__rosidl_typesupport_fastrtps_cpp.hpp
-- Installing: /workspaces/jibo-workshop-fol2024/ros2_workspace/install/jibo_msgs/include/jibo_msgs/jibo_msgs/msg/detail/jibo_asr_command__rosidl_typesupport_fastrtps_cpp.hpp
-- Installing: /workspaces/jibo-workshop-fol2024/ros2_workspace/install/jibo_msgs/include/jibo_msgs/jibo_msgs/msg/detail/jibo_state__rosidl_typesupport_fastrtps_cpp.hpp
-- Installing: /workspaces/jibo-workshop-fol2024/ros2_workspace/install/jibo_msgs/include/jibo_msgs/jibo_msgs/msg/detail/jibo_remote__rosidl_typesupport_fastrtps_cpp.hpp
-- Installing: /workspaces/jibo-workshop-fol2024/ros2_workspace/install/jibo_msgs/include/jibo_msgs/jibo_msgs/msg/detail/jibo_action__rosidl_typesupport_fastrtps_cpp.hpp
-- Installing: /workspaces/jibo-workshop-fol2024/ros2_workspace/install/jibo_msgs/lib/libjibo_msgs__rosidl_typesupport_fastrtps_cpp.so
-- Set runtime path of "/workspaces/jibo-workshop-fol2024/ros2_workspace/install/jibo_msgs/lib/libjibo_msgs__rosidl_typesupport_fastrtps_cpp.so" to ""
-- Up-to-date: /workspaces/jibo-workshop-fol2024/ros2_workspace/install/jibo_msgs/include/jibo_msgs/jibo_msgs
-- Up-to-date: /workspaces/jibo-workshop-fol2024/ros2_workspace/install/jibo_msgs/include/jibo_msgs/jibo_msgs/msg
-- Up-to-date: /workspaces/jibo-workshop-fol2024/ros2_workspace/install/jibo_msgs/include/jibo_msgs/jibo_msgs/msg/detail
-- Installing: /workspaces/jibo-workshop-fol2024/ros2_workspace/install/jibo_msgs/include/jibo_msgs/jibo_msgs/msg/detail/jibo_asr_command__type_support.cpp
-- Installing: /workspaces/jibo-workshop-fol2024/ros2_workspace/install/jibo_msgs/include/jibo_msgs/jibo_msgs/msg/detail/jibo_remote__type_support.cpp
-- Installing: /workspaces/jibo-workshop-fol2024/ros2_workspace/install/jibo_msgs/include/jibo_msgs/jibo_msgs/msg/detail/jibo_action__type_support.cpp
-- Installing: /workspaces/jibo-workshop-fol2024/ros2_workspace/install/jibo_msgs/include/jibo_msgs/jibo_msgs/msg/detail/jibo_state__type_support.cpp
-- Installing: /workspaces/jibo-workshop-fol2024/ros2_workspace/install/jibo_msgs/include/jibo_msgs/jibo_msgs/msg/detail/jibo_action__rosidl_typesupport_introspection_cpp.hpp
-- Installing: /workspaces/jibo-workshop-fol2024/ros2_workspace/install/jibo_msgs/include/jibo_msgs/jibo_msgs/msg/detail/jibo_asr_command__rosidl_typesupport_introspection_cpp.hpp
-- Installing: /workspaces/jibo-workshop-fol2024/ros2_workspace/install/jibo_msgs/include/jibo_msgs/jibo_msgs/msg/detail/jibo_asr_result__rosidl_typesupport_introspection_cpp.hpp
-- Installing: /workspaces/jibo-workshop-fol2024/ros2_workspace/install/jibo_msgs/include/jibo_msgs/jibo_msgs/msg/detail/jibo_remote__rosidl_typesupport_introspection_cpp.hpp
-- Installing: /workspaces/jibo-workshop-fol2024/ros2_workspace/install/jibo_msgs/include/jibo_msgs/jibo_msgs/msg/detail/jibo_asr_result__type_support.cpp
-- Installing: /workspaces/jibo-workshop-fol2024/ros2_workspace/install/jibo_msgs/include/jibo_msgs/jibo_msgs/msg/detail/jibo_state__rosidl_typesupport_introspection_cpp.hpp
-- Installing: /workspaces/jibo-workshop-fol2024/ros2_workspace/install/jibo_msgs/lib/libjibo_msgs__rosidl_typesupport_introspection_cpp.so
-- Set runtime path of "/workspaces/jibo-workshop-fol2024/ros2_workspace/install/jibo_msgs/lib/libjibo_msgs__rosidl_typesupport_introspection_cpp.so" to ""
-- Installing: /workspaces/jibo-workshop-fol2024/ros2_workspace/install/jibo_msgs/lib/libjibo_msgs__rosidl_typesupport_cpp.so
-- Set runtime path of "/workspaces/jibo-workshop-fol2024/ros2_workspace/install/jibo_msgs/lib/libjibo_msgs__rosidl_typesupport_cpp.so" to ""
-- Installing: /workspaces/jibo-workshop-fol2024/ros2_workspace/install/jibo_msgs/share/jibo_msgs/environment/pythonpath.sh
-- Installing: /workspaces/jibo-workshop-fol2024/ros2_workspace/install/jibo_msgs/share/jibo_msgs/environment/pythonpath.dsv
-- Installing: /workspaces/jibo-workshop-fol2024/ros2_workspace/install/jibo_msgs/lib/python3.10/site-packages/jibo_msgs-3.0.0-py3.10.egg-info
-- Installing: /workspaces/jibo-workshop-fol2024/ros2_workspace/install/jibo_msgs/lib/python3.10/site-packages/jibo_msgs-3.0.0-py3.10.egg-info/PKG-INFO
-- Installing: /workspaces/jibo-workshop-fol2024/ros2_workspace/install/jibo_msgs/lib/python3.10/site-packages/jibo_msgs-3.0.0-py3.10.egg-info/SOURCES.txt
-- Installing: /workspaces/jibo-workshop-fol2024/ros2_workspace/install/jibo_msgs/lib/python3.10/site-packages/jibo_msgs-3.0.0-py3.10.egg-info/top_level.txt
-- Installing: /workspaces/jibo-workshop-fol2024/ros2_workspace/install/jibo_msgs/lib/python3.10/site-packages/jibo_msgs-3.0.0-py3.10.egg-info/dependency_links.txt
-- Installing: /workspaces/jibo-workshop-fol2024/ros2_workspace/install/jibo_msgs/lib/python3.10/site-packages/jibo_msgs
-- Installing: /workspaces/jibo-workshop-fol2024/ros2_workspace/install/jibo_msgs/lib/python3.10/site-packages/jibo_msgs/msg
-- Installing: /workspaces/jibo-workshop-fol2024/ros2_workspace/install/jibo_msgs/lib/python3.10/site-packages/jibo_msgs/msg/_jibo_state.py
-- Installing: /workspaces/jibo-workshop-fol2024/ros2_workspace/install/jibo_msgs/lib/python3.10/site-packages/jibo_msgs/msg/_jibo_action_s.c
-- Installing: /workspaces/jibo-workshop-fol2024/ros2_workspace/install/jibo_msgs/lib/python3.10/site-packages/jibo_msgs/msg/_jibo_asr_result.py
-- Installing: /workspaces/jibo-workshop-fol2024/ros2_workspace/install/jibo_msgs/lib/python3.10/site-packages/jibo_msgs/msg/_jibo_state_s.c
-- Installing: /workspaces/jibo-workshop-fol2024/ros2_workspace/install/jibo_msgs/lib/python3.10/site-packages/jibo_msgs/msg/_jibo_asr_result_s.c
-- Installing: /workspaces/jibo-workshop-fol2024/ros2_workspace/install/jibo_msgs/lib/python3.10/site-packages/jibo_msgs/msg/_jibo_asr_command_s.c
-- Installing: /workspaces/jibo-workshop-fol2024/ros2_workspace/install/jibo_msgs/lib/python3.10/site-packages/jibo_msgs/msg/_jibo_remote.py
-- Installing: /workspaces/jibo-workshop-fol2024/ros2_workspace/install/jibo_msgs/lib/python3.10/site-packages/jibo_msgs/msg/__init__.py
-- Installing: /workspaces/jibo-workshop-fol2024/ros2_workspace/install/jibo_msgs/lib/python3.10/site-packages/jibo_msgs/msg/_jibo_action.py
-- Installing: /workspaces/jibo-workshop-fol2024/ros2_workspace/install/jibo_msgs/lib/python3.10/site-packages/jibo_msgs/msg/_jibo_asr_command.py
-- Installing: /workspaces/jibo-workshop-fol2024/ros2_workspace/install/jibo_msgs/lib/python3.10/site-packages/jibo_msgs/msg/_jibo_remote_s.c
-- Installing: /workspaces/jibo-workshop-fol2024/ros2_workspace/install/jibo_msgs/lib/python3.10/site-packages/jibo_msgs/_jibo_msgs_s.ep.rosidl_typesupport_introspection_c.c
-- Installing: /workspaces/jibo-workshop-fol2024/ros2_workspace/install/jibo_msgs/lib/python3.10/site-packages/jibo_msgs/_jibo_msgs_s.ep.rosidl_typesupport_c.c
-- Installing: /workspaces/jibo-workshop-fol2024/ros2_workspace/install/jibo_msgs/lib/python3.10/site-packages/jibo_msgs/_jibo_msgs_s.ep.rosidl_typesupport_fastrtps_c.c
-- Installing: /workspaces/jibo-workshop-fol2024/ros2_workspace/install/jibo_msgs/lib/python3.10/site-packages/jibo_msgs/jibo_msgs_s__rosidl_typesupport_fastrtps_c.cpython-310-x86_64-linux-gnu.so
-- Installing: /workspaces/jibo-workshop-fol2024/ros2_workspace/install/jibo_msgs/lib/python3.10/site-packages/jibo_msgs/__init__.py
-- Installing: /workspaces/jibo-workshop-fol2024/ros2_workspace/install/jibo_msgs/lib/python3.10/site-packages/jibo_msgs/libjibo_msgs__rosidl_generator_py.so
-- Installing: /workspaces/jibo-workshop-fol2024/ros2_workspace/install/jibo_msgs/lib/python3.10/site-packages/jibo_msgs/jibo_msgs_s__rosidl_typesupport_introspection_c.cpython-310-x86_64-linux-gnu.so
-- Installing: /workspaces/jibo-workshop-fol2024/ros2_workspace/install/jibo_msgs/lib/python3.10/site-packages/jibo_msgs/jibo_msgs_s__rosidl_typesupport_c.cpython-310-x86_64-linux-gnu.so
Listing '/workspaces/jibo-workshop-fol2024/ros2_workspace/install/jibo_msgs/lib/python3.10/site-packages/jibo_msgs'...
Compiling '/workspaces/jibo-workshop-fol2024/ros2_workspace/install/jibo_msgs/lib/python3.10/site-packages/jibo_msgs/__init__.py'...
Listing '/workspaces/jibo-workshop-fol2024/ros2_workspace/install/jibo_msgs/lib/python3.10/site-packages/jibo_msgs/msg'...
Compiling '/workspaces/jibo-workshop-fol2024/ros2_workspace/install/jibo_msgs/lib/python3.10/site-packages/jibo_msgs/msg/__init__.py'...
Compiling '/workspaces/jibo-workshop-fol2024/ros2_workspace/install/jibo_msgs/lib/python3.10/site-packages/jibo_msgs/msg/_jibo_action.py'...
Compiling '/workspaces/jibo-workshop-fol2024/ros2_workspace/install/jibo_msgs/lib/python3.10/site-packages/jibo_msgs/msg/_jibo_asr_command.py'...
Compiling '/workspaces/jibo-workshop-fol2024/ros2_workspace/install/jibo_msgs/lib/python3.10/site-packages/jibo_msgs/msg/_jibo_asr_result.py'...
Compiling '/workspaces/jibo-workshop-fol2024/ros2_workspace/install/jibo_msgs/lib/python3.10/site-packages/jibo_msgs/msg/_jibo_remote.py'...
Compiling '/workspaces/jibo-workshop-fol2024/ros2_workspace/install/jibo_msgs/lib/python3.10/site-packages/jibo_msgs/msg/_jibo_state.py'...
-- Installing: /workspaces/jibo-workshop-fol2024/ros2_workspace/install/jibo_msgs/lib/python3.10/site-packages/jibo_msgs/jibo_msgs_s__rosidl_typesupport_fastrtps_c.cpython-310-x86_64-linux-gnu.so
-- Set runtime path of "/workspaces/jibo-workshop-fol2024/ros2_workspace/install/jibo_msgs/lib/python3.10/site-packages/jibo_msgs/jibo_msgs_s__rosidl_typesupport_fastrtps_c.cpython-310-x86_64-linux-gnu.so" to ""
-- Installing: /workspaces/jibo-workshop-fol2024/ros2_workspace/install/jibo_msgs/lib/python3.10/site-packages/jibo_msgs/jibo_msgs_s__rosidl_typesupport_introspection_c.cpython-310-x86_64-linux-gnu.so
-- Set runtime path of "/workspaces/jibo-workshop-fol2024/ros2_workspace/install/jibo_msgs/lib/python3.10/site-packages/jibo_msgs/jibo_msgs_s__rosidl_typesupport_introspection_c.cpython-310-x86_64-linux-gnu.so" to ""
-- Installing: /workspaces/jibo-workshop-fol2024/ros2_workspace/install/jibo_msgs/lib/python3.10/site-packages/jibo_msgs/jibo_msgs_s__rosidl_typesupport_c.cpython-310-x86_64-linux-gnu.so
-- Set runtime path of "/workspaces/jibo-workshop-fol2024/ros2_workspace/install/jibo_msgs/lib/python3.10/site-packages/jibo_msgs/jibo_msgs_s__rosidl_typesupport_c.cpython-310-x86_64-linux-gnu.so" to ""
-- Installing: /workspaces/jibo-workshop-fol2024/ros2_workspace/install/jibo_msgs/lib/libjibo_msgs__rosidl_generator_py.so
-- Set runtime path of "/workspaces/jibo-workshop-fol2024/ros2_workspace/install/jibo_msgs/lib/libjibo_msgs__rosidl_generator_py.so" to ""
-- Installing: /workspaces/jibo-workshop-fol2024/ros2_workspace/install/jibo_msgs/share/jibo_msgs/msg/JiboAction.idl
-- Installing: /workspaces/jibo-workshop-fol2024/ros2_workspace/install/jibo_msgs/share/jibo_msgs/msg/JiboAsrCommand.idl
-- Installing: /workspaces/jibo-workshop-fol2024/ros2_workspace/install/jibo_msgs/share/jibo_msgs/msg/JiboAsrResult.idl
-- Installing: /workspaces/jibo-workshop-fol2024/ros2_workspace/install/jibo_msgs/share/jibo_msgs/msg/JiboRemote.idl
-- Installing: /workspaces/jibo-workshop-fol2024/ros2_workspace/install/jibo_msgs/share/jibo_msgs/msg/JiboState.idl
-- Installing: /workspaces/jibo-workshop-fol2024/ros2_workspace/install/jibo_msgs/share/jibo_msgs/msg/JiboAction.msg
-- Installing: /workspaces/jibo-workshop-fol2024/ros2_workspace/install/jibo_msgs/share/jibo_msgs/msg/JiboAsrCommand.msg
-- Installing: /workspaces/jibo-workshop-fol2024/ros2_workspace/install/jibo_msgs/share/jibo_msgs/msg/JiboAsrResult.msg
-- Installing: /workspaces/jibo-workshop-fol2024/ros2_workspace/install/jibo_msgs/share/jibo_msgs/msg/JiboRemote.msg
-- Installing: /workspaces/jibo-workshop-fol2024/ros2_workspace/install/jibo_msgs/share/jibo_msgs/msg/JiboState.msg
-- Installing: /workspaces/jibo-workshop-fol2024/ros2_workspace/install/jibo_msgs/share/ament_index/resource_index/package_run_dependencies/jibo_msgs
-- Installing: /workspaces/jibo-workshop-fol2024/ros2_workspace/install/jibo_msgs/share/ament_index/resource_index/parent_prefix_path/jibo_msgs
-- Installing: /workspaces/jibo-workshop-fol2024/ros2_workspace/install/jibo_msgs/share/jibo_msgs/environment/ament_prefix_path.sh
-- Installing: /workspaces/jibo-workshop-fol2024/ros2_workspace/install/jibo_msgs/share/jibo_msgs/environment/ament_prefix_path.dsv
-- Installing: /workspaces/jibo-workshop-fol2024/ros2_workspace/install/jibo_msgs/share/jibo_msgs/environment/path.sh
-- Installing: /workspaces/jibo-workshop-fol2024/ros2_workspace/install/jibo_msgs/share/jibo_msgs/environment/path.dsv
-- Installing: /workspaces/jibo-workshop-fol2024/ros2_workspace/install/jibo_msgs/share/jibo_msgs/local_setup.bash
-- Installing: /workspaces/jibo-workshop-fol2024/ros2_workspace/install/jibo_msgs/share/jibo_msgs/local_setup.sh
-- Installing: /workspaces/jibo-workshop-fol2024/ros2_workspace/install/jibo_msgs/share/jibo_msgs/local_setup.zsh
-- Installing: /workspaces/jibo-workshop-fol2024/ros2_workspace/install/jibo_msgs/share/jibo_msgs/local_setup.dsv
-- Installing: /workspaces/jibo-workshop-fol2024/ros2_workspace/install/jibo_msgs/share/jibo_msgs/package.dsv
-- Installing: /workspaces/jibo-workshop-fol2024/ros2_workspace/install/jibo_msgs/share/ament_index/resource_index/packages/jibo_msgs
-- Installing: /workspaces/jibo-workshop-fol2024/ros2_workspace/install/jibo_msgs/share/jibo_msgs/cmake/export_jibo_msgs__rosidl_generator_cExport.cmake
-- Installing: /workspaces/jibo-workshop-fol2024/ros2_workspace/install/jibo_msgs/share/jibo_msgs/cmake/export_jibo_msgs__rosidl_generator_cExport-noconfig.cmake
-- Installing: /workspaces/jibo-workshop-fol2024/ros2_workspace/install/jibo_msgs/share/jibo_msgs/cmake/export_jibo_msgs__rosidl_typesupport_fastrtps_cExport.cmake
-- Installing: /workspaces/jibo-workshop-fol2024/ros2_workspace/install/jibo_msgs/share/jibo_msgs/cmake/export_jibo_msgs__rosidl_typesupport_fastrtps_cExport-noconfig.cmake
-- Installing: /workspaces/jibo-workshop-fol2024/ros2_workspace/install/jibo_msgs/share/jibo_msgs/cmake/jibo_msgs__rosidl_typesupport_introspection_cExport.cmake
-- Installing: /workspaces/jibo-workshop-fol2024/ros2_workspace/install/jibo_msgs/share/jibo_msgs/cmake/jibo_msgs__rosidl_typesupport_introspection_cExport-noconfig.cmake
-- Installing: /workspaces/jibo-workshop-fol2024/ros2_workspace/install/jibo_msgs/share/jibo_msgs/cmake/jibo_msgs__rosidl_typesupport_cExport.cmake
-- Installing: /workspaces/jibo-workshop-fol2024/ros2_workspace/install/jibo_msgs/share/jibo_msgs/cmake/jibo_msgs__rosidl_typesupport_cExport-noconfig.cmake
-- Installing: /workspaces/jibo-workshop-fol2024/ros2_workspace/install/jibo_msgs/share/jibo_msgs/cmake/export_jibo_msgs__rosidl_generator_cppExport.cmake
-- Installing: /workspaces/jibo-workshop-fol2024/ros2_workspace/install/jibo_msgs/share/jibo_msgs/cmake/export_jibo_msgs__rosidl_typesupport_fastrtps_cppExport.cmake
-- Installing: /workspaces/jibo-workshop-fol2024/ros2_workspace/install/jibo_msgs/share/jibo_msgs/cmake/export_jibo_msgs__rosidl_typesupport_fastrtps_cppExport-noconfig.cmake
-- Installing: /workspaces/jibo-workshop-fol2024/ros2_workspace/install/jibo_msgs/share/jibo_msgs/cmake/jibo_msgs__rosidl_typesupport_introspection_cppExport.cmake
-- Installing: /workspaces/jibo-workshop-fol2024/ros2_workspace/install/jibo_msgs/share/jibo_msgs/cmake/jibo_msgs__rosidl_typesupport_introspection_cppExport-noconfig.cmake
-- Installing: /workspaces/jibo-workshop-fol2024/ros2_workspace/install/jibo_msgs/share/jibo_msgs/cmake/jibo_msgs__rosidl_typesupport_cppExport.cmake
-- Installing: /workspaces/jibo-workshop-fol2024/ros2_workspace/install/jibo_msgs/share/jibo_msgs/cmake/jibo_msgs__rosidl_typesupport_cppExport-noconfig.cmake
-- Installing: /workspaces/jibo-workshop-fol2024/ros2_workspace/install/jibo_msgs/share/jibo_msgs/cmake/export_jibo_msgs__rosidl_generator_pyExport.cmake
-- Installing: /workspaces/jibo-workshop-fol2024/ros2_workspace/install/jibo_msgs/share/jibo_msgs/cmake/export_jibo_msgs__rosidl_generator_pyExport-noconfig.cmake
-- Installing: /workspaces/jibo-workshop-fol2024/ros2_workspace/install/jibo_msgs/share/jibo_msgs/cmake/rosidl_cmake-extras.cmake
-- Installing: /workspaces/jibo-workshop-fol2024/ros2_workspace/install/jibo_msgs/share/jibo_msgs/cmake/ament_cmake_export_include_directories-extras.cmake
-- Installing: /workspaces/jibo-workshop-fol2024/ros2_workspace/install/jibo_msgs/share/jibo_msgs/cmake/ament_cmake_export_libraries-extras.cmake
-- Installing: /workspaces/jibo-workshop-fol2024/ros2_workspace/install/jibo_msgs/share/jibo_msgs/cmake/ament_cmake_export_targets-extras.cmake
-- Installing: /workspaces/jibo-workshop-fol2024/ros2_workspace/install/jibo_msgs/share/jibo_msgs/cmake/rosidl_cmake_export_typesupport_targets-extras.cmake
-- Installing: /workspaces/jibo-workshop-fol2024/ros2_workspace/install/jibo_msgs/share/jibo_msgs/cmake/ament_cmake_export_dependencies-extras.cmake
-- Installing: /workspaces/jibo-workshop-fol2024/ros2_workspace/install/jibo_msgs/share/jibo_msgs/cmake/rosidl_cmake_export_typesupport_libraries-extras.cmake
-- Installing: /workspaces/jibo-workshop-fol2024/ros2_workspace/install/jibo_msgs/share/jibo_msgs/cmake/jibo_msgsConfig.cmake
-- Installing: /workspaces/jibo-workshop-fol2024/ros2_workspace/install/jibo_msgs/share/jibo_msgs/cmake/jibo_msgsConfig-version.cmake
-- Installing: /workspaces/jibo-workshop-fol2024/ros2_workspace/install/jibo_msgs/share/jibo_msgs/package.xml
