[0.051s] Invoking command in '/workspaces/jibo-workshop-fol2024/ros2_workspace/build/jibo_msgs': CMAKE_PREFIX_PATH=/opt/ros/iron /usr/bin/cmake --build /workspaces/jibo-workshop-fol2024/ros2_workspace/build/jibo_msgs -- -j2 -l2
[0.117s] [  1%] Built target jibo_msgs__rosidl_generator_type_description
[0.128s] [  1%] Built target ament_cmake_python_copy_jibo_msgs
[0.149s] [  2%] Built target jibo_msgs__cpp
[0.161s] [  4%] [32mBuilding C object CMakeFiles/jibo_msgs__rosidl_generator_c.dir/rosidl_generator_c/jibo_msgs/msg/detail/jibo_action__description.c.o[0m
[0.225s] [  5%] [32mBuilding C object CMakeFiles/jibo_msgs__rosidl_generator_c.dir/rosidl_generator_c/jibo_msgs/msg/detail/jibo_action__functions.c.o[0m
[0.313s] [  6%] [32mBuilding C object CMakeFiles/jibo_msgs__rosidl_generator_c.dir/rosidl_generator_c/jibo_msgs/msg/detail/jibo_action__type_support.c.o[0m
[0.372s] [  8%] [32mBuilding C object CMakeFiles/jibo_msgs__rosidl_generator_c.dir/rosidl_generator_c/jibo_msgs/msg/detail/jibo_asr_command__description.c.o[0m
[0.475s] [  9%] [32mBuilding C object CMakeFiles/jibo_msgs__rosidl_generator_c.dir/rosidl_generator_c/jibo_msgs/msg/detail/jibo_asr_command__functions.c.o[0m
[0.548s] running egg_info
[0.549s] writing jibo_msgs.egg-info/PKG-INFO
[0.550s] writing dependency_links to jibo_msgs.egg-info/dependency_links.txt
[0.550s] writing top-level names to jibo_msgs.egg-info/top_level.txt
[0.553s] reading manifest file 'jibo_msgs.egg-info/SOURCES.txt'
[0.554s] writing manifest file 'jibo_msgs.egg-info/SOURCES.txt'
[0.570s] [ 10%] [32mBuilding C object CMakeFiles/jibo_msgs__rosidl_generator_c.dir/rosidl_generator_c/jibo_msgs/msg/detail/jibo_asr_command__type_support.c.o[0m
[0.585s] [ 10%] Built target ament_cmake_python_build_jibo_msgs_egg
[0.603s] [ 12%] [32mBuilding C object CMakeFiles/jibo_msgs__rosidl_generator_c.dir/rosidl_generator_c/jibo_msgs/msg/detail/jibo_asr_result__description.c.o[0m
[0.628s] [ 13%] [32mBuilding C object CMakeFiles/jibo_msgs__rosidl_generator_c.dir/rosidl_generator_c/jibo_msgs/msg/detail/jibo_asr_result__functions.c.o[0m
[0.667s] [ 14%] [32mBuilding C object CMakeFiles/jibo_msgs__rosidl_generator_c.dir/rosidl_generator_c/jibo_msgs/msg/detail/jibo_asr_result__type_support.c.o[0m
[0.731s] [ 16%] [32mBuilding C object CMakeFiles/jibo_msgs__rosidl_generator_c.dir/rosidl_generator_c/jibo_msgs/msg/detail/jibo_remote__description.c.o[0m
[0.756s] [ 17%] [32mBuilding C object CMakeFiles/jibo_msgs__rosidl_generator_c.dir/rosidl_generator_c/jibo_msgs/msg/detail/jibo_remote__functions.c.o[0m
[0.829s] [ 18%] [32mBuilding C object CMakeFiles/jibo_msgs__rosidl_generator_c.dir/rosidl_generator_c/jibo_msgs/msg/detail/jibo_remote__type_support.c.o[0m
[0.846s] [ 20%] [32mBuilding C object CMakeFiles/jibo_msgs__rosidl_generator_c.dir/rosidl_generator_c/jibo_msgs/msg/detail/jibo_state__description.c.o[0m
[0.891s] [ 21%] [32mBuilding C object CMakeFiles/jibo_msgs__rosidl_generator_c.dir/rosidl_generator_c/jibo_msgs/msg/detail/jibo_state__functions.c.o[0m
[0.941s] [ 22%] [32mBuilding C object CMakeFiles/jibo_msgs__rosidl_generator_c.dir/rosidl_generator_c/jibo_msgs/msg/detail/jibo_state__type_support.c.o[0m
[0.987s] [ 24%] [32m[1mLinking C shared library libjibo_msgs__rosidl_generator_c.so[0m
[1.032s] [ 25%] Built target jibo_msgs__rosidl_generator_c
[1.047s] [ 27%] [34m[1mGenerating C type support for eProsima Fast-RTPS[0m
[1.049s] [ 28%] [34m[1mGenerating C++ type support dispatch for ROS interfaces[0m
[2.534s] [ 29%] [32mBuilding CXX object CMakeFiles/jibo_msgs__rosidl_typesupport_cpp.dir/rosidl_typesupport_cpp/jibo_msgs/msg/jibo_action__type_support.cpp.o[0m
[2.680s] [ 31%] [32mBuilding CXX object CMakeFiles/jibo_msgs__rosidl_typesupport_fastrtps_c.dir/rosidl_typesupport_fastrtps_c/jibo_msgs/msg/detail/jibo_action__type_support_c.cpp.o[0m
[3.149s] [ 32%] [32mBuilding CXX object CMakeFiles/jibo_msgs__rosidl_typesupport_cpp.dir/rosidl_typesupport_cpp/jibo_msgs/msg/jibo_asr_command__type_support.cpp.o[0m
[3.315s] [ 33%] [32mBuilding CXX object CMakeFiles/jibo_msgs__rosidl_typesupport_fastrtps_c.dir/rosidl_typesupport_fastrtps_c/jibo_msgs/msg/detail/jibo_asr_command__type_support_c.cpp.o[0m
[3.724s] [ 35%] [32mBuilding CXX object CMakeFiles/jibo_msgs__rosidl_typesupport_cpp.dir/rosidl_typesupport_cpp/jibo_msgs/msg/jibo_asr_result__type_support.cpp.o[0m
[3.865s] [ 36%] [32mBuilding CXX object CMakeFiles/jibo_msgs__rosidl_typesupport_fastrtps_c.dir/rosidl_typesupport_fastrtps_c/jibo_msgs/msg/detail/jibo_asr_result__type_support_c.cpp.o[0m
[4.300s] [ 37%] [32mBuilding CXX object CMakeFiles/jibo_msgs__rosidl_typesupport_cpp.dir/rosidl_typesupport_cpp/jibo_msgs/msg/jibo_remote__type_support.cpp.o[0m
[4.399s] [ 39%] [32mBuilding CXX object CMakeFiles/jibo_msgs__rosidl_typesupport_fastrtps_c.dir/rosidl_typesupport_fastrtps_c/jibo_msgs/msg/detail/jibo_remote__type_support_c.cpp.o[0m
[4.920s] [ 40%] [32mBuilding CXX object CMakeFiles/jibo_msgs__rosidl_typesupport_cpp.dir/rosidl_typesupport_cpp/jibo_msgs/msg/jibo_state__type_support.cpp.o[0m
[4.966s] [ 41%] [32mBuilding CXX object CMakeFiles/jibo_msgs__rosidl_typesupport_fastrtps_c.dir/rosidl_typesupport_fastrtps_c/jibo_msgs/msg/detail/jibo_state__type_support_c.cpp.o[0m
[5.541s] [ 43%] [32m[1mLinking CXX shared library libjibo_msgs__rosidl_typesupport_fastrtps_c.so[0m
[5.551s] [ 44%] [32m[1mLinking CXX shared library libjibo_msgs__rosidl_typesupport_cpp.so[0m
[5.628s] [ 44%] Built target jibo_msgs__rosidl_typesupport_cpp
[5.644s] [ 44%] Built target jibo_msgs__rosidl_typesupport_fastrtps_c
[5.645s] [ 45%] [34m[1mGenerating C introspection for ROS interfaces[0m
[5.661s] [ 47%] [34m[1mGenerating C type support dispatch for ROS interfaces[0m
[7.248s] [ 48%] [32mBuilding CXX object CMakeFiles/jibo_msgs__rosidl_typesupport_c.dir/rosidl_typesupport_c/jibo_msgs/msg/jibo_action__type_support.cpp.o[0m
[7.333s] [ 50%] [32mBuilding CXX object CMakeFiles/jibo_msgs__rosidl_typesupport_c.dir/rosidl_typesupport_c/jibo_msgs/msg/jibo_asr_command__type_support.cpp.o[0m
[7.423s] [ 51%] [32mBuilding C object CMakeFiles/jibo_msgs__rosidl_typesupport_introspection_c.dir/rosidl_typesupport_introspection_c/jibo_msgs/msg/detail/jibo_action__type_support.c.o[0m
[7.424s] [ 52%] [32mBuilding CXX object CMakeFiles/jibo_msgs__rosidl_typesupport_c.dir/rosidl_typesupport_c/jibo_msgs/msg/jibo_asr_result__type_support.cpp.o[0m
[7.490s] [ 54%] [32mBuilding C object CMakeFiles/jibo_msgs__rosidl_typesupport_introspection_c.dir/rosidl_typesupport_introspection_c/jibo_msgs/msg/detail/jibo_asr_command__type_support.c.o[0m
[7.502s] [ 55%] [32mBuilding CXX object CMakeFiles/jibo_msgs__rosidl_typesupport_c.dir/rosidl_typesupport_c/jibo_msgs/msg/jibo_remote__type_support.cpp.o[0m
[7.555s] [ 56%] [32mBuilding C object CMakeFiles/jibo_msgs__rosidl_typesupport_introspection_c.dir/rosidl_typesupport_introspection_c/jibo_msgs/msg/detail/jibo_asr_result__type_support.c.o[0m
[7.577s] [ 58%] [32mBuilding CXX object CMakeFiles/jibo_msgs__rosidl_typesupport_c.dir/rosidl_typesupport_c/jibo_msgs/msg/jibo_state__type_support.cpp.o[0m
[7.614s] [ 59%] [32mBuilding C object CMakeFiles/jibo_msgs__rosidl_typesupport_introspection_c.dir/rosidl_typesupport_introspection_c/jibo_msgs/msg/detail/jibo_remote__type_support.c.o[0m
[7.650s] [ 60%] [32m[1mLinking CXX shared library libjibo_msgs__rosidl_typesupport_c.so[0m
[7.671s] [ 62%] [32mBuilding C object CMakeFiles/jibo_msgs__rosidl_typesupport_introspection_c.dir/rosidl_typesupport_introspection_c/jibo_msgs/msg/detail/jibo_state__type_support.c.o[0m
[7.728s] [ 63%] [32m[1mLinking C shared library libjibo_msgs__rosidl_typesupport_introspection_c.so[0m
[7.729s] [ 63%] Built target jibo_msgs__rosidl_typesupport_c
[7.745s] [ 64%] [34m[1mGenerating C++ type support for eProsima Fast-RTPS[0m
[7.783s] [ 64%] Built target jibo_msgs__rosidl_typesupport_introspection_c
[7.800s] [ 66%] [34m[1mGenerating C++ introspection for ROS interfaces[0m
[9.419s] [ 67%] [32mBuilding CXX object CMakeFiles/jibo_msgs__rosidl_typesupport_fastrtps_cpp.dir/rosidl_typesupport_fastrtps_cpp/jibo_msgs/msg/detail/dds_fastrtps/jibo_action__type_support.cpp.o[0m
[9.444s] [ 68%] [32mBuilding CXX object CMakeFiles/jibo_msgs__rosidl_typesupport_introspection_cpp.dir/rosidl_typesupport_introspection_cpp/jibo_msgs/msg/detail/jibo_action__type_support.cpp.o[0m
[10.142s] [ 70%] [32mBuilding CXX object CMakeFiles/jibo_msgs__rosidl_typesupport_introspection_cpp.dir/rosidl_typesupport_introspection_cpp/jibo_msgs/msg/detail/jibo_asr_command__type_support.cpp.o[0m
[10.247s] [ 71%] [32mBuilding CXX object CMakeFiles/jibo_msgs__rosidl_typesupport_fastrtps_cpp.dir/rosidl_typesupport_fastrtps_cpp/jibo_msgs/msg/detail/dds_fastrtps/jibo_asr_command__type_support.cpp.o[0m
[10.707s] [ 72%] [32mBuilding CXX object CMakeFiles/jibo_msgs__rosidl_typesupport_introspection_cpp.dir/rosidl_typesupport_introspection_cpp/jibo_msgs/msg/detail/jibo_asr_result__type_support.cpp.o[0m
[11.119s] [ 74%] [32mBuilding CXX object CMakeFiles/jibo_msgs__rosidl_typesupport_fastrtps_cpp.dir/rosidl_typesupport_fastrtps_cpp/jibo_msgs/msg/detail/dds_fastrtps/jibo_asr_result__type_support.cpp.o[0m
[11.334s] [ 75%] [32mBuilding CXX object CMakeFiles/jibo_msgs__rosidl_typesupport_introspection_cpp.dir/rosidl_typesupport_introspection_cpp/jibo_msgs/msg/detail/jibo_remote__type_support.cpp.o[0m
[11.947s] [ 77%] [32mBuilding CXX object CMakeFiles/jibo_msgs__rosidl_typesupport_introspection_cpp.dir/rosidl_typesupport_introspection_cpp/jibo_msgs/msg/detail/jibo_state__type_support.cpp.o[0m
[12.020s] [ 78%] [32mBuilding CXX object CMakeFiles/jibo_msgs__rosidl_typesupport_fastrtps_cpp.dir/rosidl_typesupport_fastrtps_cpp/jibo_msgs/msg/detail/dds_fastrtps/jibo_remote__type_support.cpp.o[0m
[12.530s] [ 79%] [32m[1mLinking CXX shared library libjibo_msgs__rosidl_typesupport_introspection_cpp.so[0m
[12.626s] [ 79%] Built target jibo_msgs__rosidl_typesupport_introspection_cpp
[12.641s] [ 81%] [32mBuilding CXX object CMakeFiles/jibo_msgs__rosidl_typesupport_fastrtps_cpp.dir/rosidl_typesupport_fastrtps_cpp/jibo_msgs/msg/detail/dds_fastrtps/jibo_state__type_support.cpp.o[0m
[13.216s] [ 82%] [32m[1mLinking CXX shared library libjibo_msgs__rosidl_typesupport_fastrtps_cpp.so[0m
[13.294s] [ 82%] Built target jibo_msgs__rosidl_typesupport_fastrtps_cpp
[13.315s] [ 82%] Built target jibo_msgs
[13.337s] [ 83%] [34m[1mGenerating Python code for ROS interfaces[0m
[15.125s] [ 83%] Built target jibo_msgs__py
[15.161s] [ 85%] [32mBuilding C object CMakeFiles/jibo_msgs__rosidl_generator_py.dir/rosidl_generator_py/jibo_msgs/msg/_jibo_action_s.c.o[0m
[15.166s] [ 86%] [32mBuilding C object CMakeFiles/jibo_msgs__rosidl_generator_py.dir/rosidl_generator_py/jibo_msgs/msg/_jibo_asr_command_s.c.o[0m
[15.637s] [ 87%] [32mBuilding C object CMakeFiles/jibo_msgs__rosidl_generator_py.dir/rosidl_generator_py/jibo_msgs/msg/_jibo_asr_result_s.c.o[0m
[15.671s] [ 89%] [32mBuilding C object CMakeFiles/jibo_msgs__rosidl_generator_py.dir/rosidl_generator_py/jibo_msgs/msg/_jibo_remote_s.c.o[0m
[15.850s] [ 90%] [32mBuilding C object CMakeFiles/jibo_msgs__rosidl_generator_py.dir/rosidl_generator_py/jibo_msgs/msg/_jibo_state_s.c.o[0m
[15.975s] [ 91%] [32m[1mLinking C shared library rosidl_generator_py/jibo_msgs/libjibo_msgs__rosidl_generator_py.so[0m
[16.040s] [ 91%] Built target jibo_msgs__rosidl_generator_py
[16.078s] [ 93%] [32mBuilding C object CMakeFiles/jibo_msgs__rosidl_typesupport_introspection_c__pyext.dir/rosidl_generator_py/jibo_msgs/_jibo_msgs_s.ep.rosidl_typesupport_introspection_c.c.o[0m
[16.080s] [ 94%] [32mBuilding C object CMakeFiles/jibo_msgs__rosidl_typesupport_fastrtps_c__pyext.dir/rosidl_generator_py/jibo_msgs/_jibo_msgs_s.ep.rosidl_typesupport_fastrtps_c.c.o[0m
[16.260s] [ 95%] [32m[1mLinking C shared library rosidl_generator_py/jibo_msgs/jibo_msgs_s__rosidl_typesupport_introspection_c.cpython-310-x86_64-linux-gnu.so[0m
[16.301s] [ 97%] [32m[1mLinking C shared library rosidl_generator_py/jibo_msgs/jibo_msgs_s__rosidl_typesupport_fastrtps_c.cpython-310-x86_64-linux-gnu.so[0m
[16.312s] [ 97%] Built target jibo_msgs__rosidl_typesupport_introspection_c__pyext
[16.342s] [ 98%] [32mBuilding C object CMakeFiles/jibo_msgs__rosidl_typesupport_c__pyext.dir/rosidl_generator_py/jibo_msgs/_jibo_msgs_s.ep.rosidl_typesupport_c.c.o[0m
[16.365s] [ 98%] Built target jibo_msgs__rosidl_typesupport_fastrtps_c__pyext
[16.519s] [100%] [32m[1mLinking C shared library rosidl_generator_py/jibo_msgs/jibo_msgs_s__rosidl_typesupport_c.cpython-310-x86_64-linux-gnu.so[0m
[16.572s] [100%] Built target jibo_msgs__rosidl_typesupport_c__pyext
[16.590s] Invoked command in '/workspaces/jibo-workshop-fol2024/ros2_workspace/build/jibo_msgs' returned '0': CMAKE_PREFIX_PATH=/opt/ros/iron /usr/bin/cmake --build /workspaces/jibo-workshop-fol2024/ros2_workspace/build/jibo_msgs -- -j2 -l2
[16.798s] Invoking command in '/workspaces/jibo-workshop-fol2024/ros2_workspace/build/jibo_msgs': CMAKE_PREFIX_PATH=/opt/ros/iron /usr/bin/cmake --install /workspaces/jibo-workshop-fol2024/ros2_workspace/build/jibo_msgs
[16.807s] -- Install configuration: ""
[16.808s] -- Installing: /workspaces/jibo-workshop-fol2024/ros2_workspace/install/jibo_msgs/share/ament_index/resource_index/rosidl_interfaces/jibo_msgs
[16.809s] -- Installing: /workspaces/jibo-workshop-fol2024/ros2_workspace/install/jibo_msgs/share/jibo_msgs/msg/JiboAction.json
[16.810s] -- Installing: /workspaces/jibo-workshop-fol2024/ros2_workspace/install/jibo_msgs/share/jibo_msgs/msg/JiboAsrCommand.json
[16.811s] -- Installing: /workspaces/jibo-workshop-fol2024/ros2_workspace/install/jibo_msgs/share/jibo_msgs/msg/JiboAsrResult.json
[16.811s] -- Installing: /workspaces/jibo-workshop-fol2024/ros2_workspace/install/jibo_msgs/share/jibo_msgs/msg/JiboRemote.json
[16.812s] -- Installing: /workspaces/jibo-workshop-fol2024/ros2_workspace/install/jibo_msgs/share/jibo_msgs/msg/JiboState.json
[16.812s] -- Installing: /workspaces/jibo-workshop-fol2024/ros2_workspace/install/jibo_msgs/include/jibo_msgs/jibo_msgs
[16.813s] -- Installing: /workspaces/jibo-workshop-fol2024/ros2_workspace/install/jibo_msgs/include/jibo_msgs/jibo_msgs/msg
[16.814s] -- Installing: /workspaces/jibo-workshop-fol2024/ros2_workspace/install/jibo_msgs/include/jibo_msgs/jibo_msgs/msg/jibo_remote.h
[16.814s] -- Installing: /workspaces/jibo-workshop-fol2024/ros2_workspace/install/jibo_msgs/include/jibo_msgs/jibo_msgs/msg/rosidl_generator_c__visibility_control.h
[16.815s] -- Installing: /workspaces/jibo-workshop-fol2024/ros2_workspace/install/jibo_msgs/include/jibo_msgs/jibo_msgs/msg/jibo_asr_command.h
[16.815s] -- Installing: /workspaces/jibo-workshop-fol2024/ros2_workspace/install/jibo_msgs/include/jibo_msgs/jibo_msgs/msg/jibo_state.h
[16.816s] -- Installing: /workspaces/jibo-workshop-fol2024/ros2_workspace/install/jibo_msgs/include/jibo_msgs/jibo_msgs/msg/jibo_action.h
[16.817s] -- Installing: /workspaces/jibo-workshop-fol2024/ros2_workspace/install/jibo_msgs/include/jibo_msgs/jibo_msgs/msg/jibo_asr_result.h
[16.817s] -- Installing: /workspaces/jibo-workshop-fol2024/ros2_workspace/install/jibo_msgs/include/jibo_msgs/jibo_msgs/msg/detail
[16.818s] -- Installing: /workspaces/jibo-workshop-fol2024/ros2_workspace/install/jibo_msgs/include/jibo_msgs/jibo_msgs/msg/detail/jibo_action__type_support.h
[16.819s] -- Installing: /workspaces/jibo-workshop-fol2024/ros2_workspace/install/jibo_msgs/include/jibo_msgs/jibo_msgs/msg/detail/jibo_action__type_support.c
[16.819s] -- Installing: /workspaces/jibo-workshop-fol2024/ros2_workspace/install/jibo_msgs/include/jibo_msgs/jibo_msgs/msg/detail/jibo_asr_command__type_support.c
[16.820s] -- Installing: /workspaces/jibo-workshop-fol2024/ros2_workspace/install/jibo_msgs/include/jibo_msgs/jibo_msgs/msg/detail/jibo_asr_command__description.c
[16.820s] -- Installing: /workspaces/jibo-workshop-fol2024/ros2_workspace/install/jibo_msgs/include/jibo_msgs/jibo_msgs/msg/detail/jibo_asr_result__description.c
[16.821s] -- Installing: /workspaces/jibo-workshop-fol2024/ros2_workspace/install/jibo_msgs/include/jibo_msgs/jibo_msgs/msg/detail/jibo_action__struct.h
[16.822s] -- Installing: /workspaces/jibo-workshop-fol2024/ros2_workspace/install/jibo_msgs/include/jibo_msgs/jibo_msgs/msg/detail/jibo_remote__description.c
[16.823s] -- Installing: /workspaces/jibo-workshop-fol2024/ros2_workspace/install/jibo_msgs/include/jibo_msgs/jibo_msgs/msg/detail/jibo_state__functions.h
[16.823s] -- Installing: /workspaces/jibo-workshop-fol2024/ros2_workspace/install/jibo_msgs/include/jibo_msgs/jibo_msgs/msg/detail/jibo_asr_command__type_support.h
[16.824s] -- Installing: /workspaces/jibo-workshop-fol2024/ros2_workspace/install/jibo_msgs/include/jibo_msgs/jibo_msgs/msg/detail/jibo_remote__type_support.c
[16.825s] -- Installing: /workspaces/jibo-workshop-fol2024/ros2_workspace/install/jibo_msgs/include/jibo_msgs/jibo_msgs/msg/detail/jibo_action__functions.h
[16.825s] -- Installing: /workspaces/jibo-workshop-fol2024/ros2_workspace/install/jibo_msgs/include/jibo_msgs/jibo_msgs/msg/detail/jibo_asr_result__type_support.c
[16.827s] -- Installing: /workspaces/jibo-workshop-fol2024/ros2_workspace/install/jibo_msgs/include/jibo_msgs/jibo_msgs/msg/detail/jibo_state__type_support.c
[16.827s] -- Installing: /workspaces/jibo-workshop-fol2024/ros2_workspace/install/jibo_msgs/include/jibo_msgs/jibo_msgs/msg/detail/jibo_state__type_support.h
[16.827s] -- Installing: /workspaces/jibo-workshop-fol2024/ros2_workspace/install/jibo_msgs/include/jibo_msgs/jibo_msgs/msg/detail/jibo_action__functions.c
[16.828s] -- Installing: /workspaces/jibo-workshop-fol2024/ros2_workspace/install/jibo_msgs/include/jibo_msgs/jibo_msgs/msg/detail/jibo_action__description.c
[16.828s] -- Installing: /workspaces/jibo-workshop-fol2024/ros2_workspace/install/jibo_msgs/include/jibo_msgs/jibo_msgs/msg/detail/jibo_remote__functions.h
[16.829s] -- Installing: /workspaces/jibo-workshop-fol2024/ros2_workspace/install/jibo_msgs/include/jibo_msgs/jibo_msgs/msg/detail/jibo_remote__type_support.h
[16.830s] -- Installing: /workspaces/jibo-workshop-fol2024/ros2_workspace/install/jibo_msgs/include/jibo_msgs/jibo_msgs/msg/detail/jibo_asr_result__functions.c
[16.831s] -- Installing: /workspaces/jibo-workshop-fol2024/ros2_workspace/install/jibo_msgs/include/jibo_msgs/jibo_msgs/msg/detail/jibo_asr_command__functions.c
[16.832s] -- Installing: /workspaces/jibo-workshop-fol2024/ros2_workspace/install/jibo_msgs/include/jibo_msgs/jibo_msgs/msg/detail/jibo_state__struct.h
[16.832s] -- Installing: /workspaces/jibo-workshop-fol2024/ros2_workspace/install/jibo_msgs/include/jibo_msgs/jibo_msgs/msg/detail/jibo_asr_command__struct.h
[16.832s] -- Installing: /workspaces/jibo-workshop-fol2024/ros2_workspace/install/jibo_msgs/include/jibo_msgs/jibo_msgs/msg/detail/jibo_asr_result__struct.h
[16.833s] -- Installing: /workspaces/jibo-workshop-fol2024/ros2_workspace/install/jibo_msgs/include/jibo_msgs/jibo_msgs/msg/detail/jibo_remote__struct.h
[16.833s] -- Installing: /workspaces/jibo-workshop-fol2024/ros2_workspace/install/jibo_msgs/include/jibo_msgs/jibo_msgs/msg/detail/jibo_state__functions.c
[16.834s] -- Installing: /workspaces/jibo-workshop-fol2024/ros2_workspace/install/jibo_msgs/include/jibo_msgs/jibo_msgs/msg/detail/jibo_asr_result__type_support.h
[16.834s] -- Installing: /workspaces/jibo-workshop-fol2024/ros2_workspace/install/jibo_msgs/include/jibo_msgs/jibo_msgs/msg/detail/jibo_asr_command__functions.h
[16.835s] -- Installing: /workspaces/jibo-workshop-fol2024/ros2_workspace/install/jibo_msgs/include/jibo_msgs/jibo_msgs/msg/detail/jibo_state__description.c
[16.836s] -- Installing: /workspaces/jibo-workshop-fol2024/ros2_workspace/install/jibo_msgs/include/jibo_msgs/jibo_msgs/msg/detail/jibo_asr_result__functions.h
[16.836s] -- Installing: /workspaces/jibo-workshop-fol2024/ros2_workspace/install/jibo_msgs/include/jibo_msgs/jibo_msgs/msg/detail/jibo_remote__functions.c
[16.837s] -- Installing: /workspaces/jibo-workshop-fol2024/ros2_workspace/install/jibo_msgs/share/jibo_msgs/environment/library_path.sh
[16.837s] -- Installing: /workspaces/jibo-workshop-fol2024/ros2_workspace/install/jibo_msgs/share/jibo_msgs/environment/library_path.dsv
[16.838s] -- Installing: /workspaces/jibo-workshop-fol2024/ros2_workspace/install/jibo_msgs/lib/libjibo_msgs__rosidl_generator_c.so
[16.839s] -- Set runtime path of "/workspaces/jibo-workshop-fol2024/ros2_workspace/install/jibo_msgs/lib/libjibo_msgs__rosidl_generator_c.so" to ""
[16.839s] -- Up-to-date: /workspaces/jibo-workshop-fol2024/ros2_workspace/install/jibo_msgs/include/jibo_msgs/jibo_msgs
[16.840s] -- Up-to-date: /workspaces/jibo-workshop-fol2024/ros2_workspace/install/jibo_msgs/include/jibo_msgs/jibo_msgs/msg
[16.840s] -- Installing: /workspaces/jibo-workshop-fol2024/ros2_workspace/install/jibo_msgs/include/jibo_msgs/jibo_msgs/msg/rosidl_typesupport_fastrtps_c__visibility_control.h
[16.841s] -- Up-to-date: /workspaces/jibo-workshop-fol2024/ros2_workspace/install/jibo_msgs/include/jibo_msgs/jibo_msgs/msg/detail
[16.842s] -- Installing: /workspaces/jibo-workshop-fol2024/ros2_workspace/install/jibo_msgs/include/jibo_msgs/jibo_msgs/msg/detail/jibo_action__rosidl_typesupport_fastrtps_c.h
[16.842s] -- Installing: /workspaces/jibo-workshop-fol2024/ros2_workspace/install/jibo_msgs/include/jibo_msgs/jibo_msgs/msg/detail/jibo_asr_result__rosidl_typesupport_fastrtps_c.h
[16.843s] -- Installing: /workspaces/jibo-workshop-fol2024/ros2_workspace/install/jibo_msgs/include/jibo_msgs/jibo_msgs/msg/detail/jibo_state__rosidl_typesupport_fastrtps_c.h
[16.844s] -- Installing: /workspaces/jibo-workshop-fol2024/ros2_workspace/install/jibo_msgs/include/jibo_msgs/jibo_msgs/msg/detail/jibo_remote__rosidl_typesupport_fastrtps_c.h
[16.845s] -- Installing: /workspaces/jibo-workshop-fol2024/ros2_workspace/install/jibo_msgs/include/jibo_msgs/jibo_msgs/msg/detail/jibo_asr_command__rosidl_typesupport_fastrtps_c.h
[16.845s] -- Installing: /workspaces/jibo-workshop-fol2024/ros2_workspace/install/jibo_msgs/lib/libjibo_msgs__rosidl_typesupport_fastrtps_c.so
[16.846s] -- Set runtime path of "/workspaces/jibo-workshop-fol2024/ros2_workspace/install/jibo_msgs/lib/libjibo_msgs__rosidl_typesupport_fastrtps_c.so" to ""
[16.847s] -- Up-to-date: /workspaces/jibo-workshop-fol2024/ros2_workspace/install/jibo_msgs/include/jibo_msgs/jibo_msgs
[16.847s] -- Up-to-date: /workspaces/jibo-workshop-fol2024/ros2_workspace/install/jibo_msgs/include/jibo_msgs/jibo_msgs/msg
[16.848s] -- Installing: /workspaces/jibo-workshop-fol2024/ros2_workspace/install/jibo_msgs/include/jibo_msgs/jibo_msgs/msg/rosidl_typesupport_introspection_c__visibility_control.h
[16.849s] -- Up-to-date: /workspaces/jibo-workshop-fol2024/ros2_workspace/install/jibo_msgs/include/jibo_msgs/jibo_msgs/msg/detail
[16.849s] -- Installing: /workspaces/jibo-workshop-fol2024/ros2_workspace/install/jibo_msgs/include/jibo_msgs/jibo_msgs/msg/detail/jibo_action__type_support.c
[16.850s] -- Installing: /workspaces/jibo-workshop-fol2024/ros2_workspace/install/jibo_msgs/include/jibo_msgs/jibo_msgs/msg/detail/jibo_asr_command__rosidl_typesupport_introspection_c.h
[16.850s] -- Installing: /workspaces/jibo-workshop-fol2024/ros2_workspace/install/jibo_msgs/include/jibo_msgs/jibo_msgs/msg/detail/jibo_asr_command__type_support.c
[16.851s] -- Installing: /workspaces/jibo-workshop-fol2024/ros2_workspace/install/jibo_msgs/include/jibo_msgs/jibo_msgs/msg/detail/jibo_remote__type_support.c
[16.852s] -- Installing: /workspaces/jibo-workshop-fol2024/ros2_workspace/install/jibo_msgs/include/jibo_msgs/jibo_msgs/msg/detail/jibo_asr_result__rosidl_typesupport_introspection_c.h
[16.852s] -- Installing: /workspaces/jibo-workshop-fol2024/ros2_workspace/install/jibo_msgs/include/jibo_msgs/jibo_msgs/msg/detail/jibo_asr_result__type_support.c
[16.853s] -- Installing: /workspaces/jibo-workshop-fol2024/ros2_workspace/install/jibo_msgs/include/jibo_msgs/jibo_msgs/msg/detail/jibo_state__type_support.c
[16.853s] -- Installing: /workspaces/jibo-workshop-fol2024/ros2_workspace/install/jibo_msgs/include/jibo_msgs/jibo_msgs/msg/detail/jibo_state__rosidl_typesupport_introspection_c.h
[16.854s] -- Installing: /workspaces/jibo-workshop-fol2024/ros2_workspace/install/jibo_msgs/include/jibo_msgs/jibo_msgs/msg/detail/jibo_action__rosidl_typesupport_introspection_c.h
[16.854s] -- Installing: /workspaces/jibo-workshop-fol2024/ros2_workspace/install/jibo_msgs/include/jibo_msgs/jibo_msgs/msg/detail/jibo_remote__rosidl_typesupport_introspection_c.h
[16.855s] -- Installing: /workspaces/jibo-workshop-fol2024/ros2_workspace/install/jibo_msgs/lib/libjibo_msgs__rosidl_typesupport_introspection_c.so
[16.856s] -- Set runtime path of "/workspaces/jibo-workshop-fol2024/ros2_workspace/install/jibo_msgs/lib/libjibo_msgs__rosidl_typesupport_introspection_c.so" to ""
[16.856s] -- Installing: /workspaces/jibo-workshop-fol2024/ros2_workspace/install/jibo_msgs/lib/libjibo_msgs__rosidl_typesupport_c.so
[16.857s] -- Set runtime path of "/workspaces/jibo-workshop-fol2024/ros2_workspace/install/jibo_msgs/lib/libjibo_msgs__rosidl_typesupport_c.so" to ""
[16.858s] -- Up-to-date: /workspaces/jibo-workshop-fol2024/ros2_workspace/install/jibo_msgs/include/jibo_msgs/jibo_msgs
[16.858s] -- Up-to-date: /workspaces/jibo-workshop-fol2024/ros2_workspace/install/jibo_msgs/include/jibo_msgs/jibo_msgs/msg
[16.859s] -- Installing: /workspaces/jibo-workshop-fol2024/ros2_workspace/install/jibo_msgs/include/jibo_msgs/jibo_msgs/msg/jibo_state.hpp
[16.859s] -- Installing: /workspaces/jibo-workshop-fol2024/ros2_workspace/install/jibo_msgs/include/jibo_msgs/jibo_msgs/msg/jibo_asr_command.hpp
[16.859s] -- Installing: /workspaces/jibo-workshop-fol2024/ros2_workspace/install/jibo_msgs/include/jibo_msgs/jibo_msgs/msg/jibo_remote.hpp
[16.860s] -- Installing: /workspaces/jibo-workshop-fol2024/ros2_workspace/install/jibo_msgs/include/jibo_msgs/jibo_msgs/msg/jibo_action.hpp
[16.860s] -- Installing: /workspaces/jibo-workshop-fol2024/ros2_workspace/install/jibo_msgs/include/jibo_msgs/jibo_msgs/msg/jibo_asr_result.hpp
[16.861s] -- Up-to-date: /workspaces/jibo-workshop-fol2024/ros2_workspace/install/jibo_msgs/include/jibo_msgs/jibo_msgs/msg/detail
[16.862s] -- Installing: /workspaces/jibo-workshop-fol2024/ros2_workspace/install/jibo_msgs/include/jibo_msgs/jibo_msgs/msg/detail/jibo_action__struct.hpp
[16.863s] -- Installing: /workspaces/jibo-workshop-fol2024/ros2_workspace/install/jibo_msgs/include/jibo_msgs/jibo_msgs/msg/detail/jibo_state__traits.hpp
[16.863s] -- Installing: /workspaces/jibo-workshop-fol2024/ros2_workspace/install/jibo_msgs/include/jibo_msgs/jibo_msgs/msg/detail/jibo_remote__struct.hpp
[16.864s] -- Installing: /workspaces/jibo-workshop-fol2024/ros2_workspace/install/jibo_msgs/include/jibo_msgs/jibo_msgs/msg/detail/jibo_asr_result__builder.hpp
[16.865s] -- Installing: /workspaces/jibo-workshop-fol2024/ros2_workspace/install/jibo_msgs/include/jibo_msgs/jibo_msgs/msg/detail/jibo_asr_command__struct.hpp
[16.865s] -- Installing: /workspaces/jibo-workshop-fol2024/ros2_workspace/install/jibo_msgs/include/jibo_msgs/jibo_msgs/msg/detail/jibo_state__struct.hpp
[16.866s] -- Installing: /workspaces/jibo-workshop-fol2024/ros2_workspace/install/jibo_msgs/include/jibo_msgs/jibo_msgs/msg/detail/jibo_state__builder.hpp
[16.867s] -- Installing: /workspaces/jibo-workshop-fol2024/ros2_workspace/install/jibo_msgs/include/jibo_msgs/jibo_msgs/msg/detail/jibo_action__traits.hpp
[16.867s] -- Installing: /workspaces/jibo-workshop-fol2024/ros2_workspace/install/jibo_msgs/include/jibo_msgs/jibo_msgs/msg/detail/jibo_asr_result__traits.hpp
[16.868s] -- Installing: /workspaces/jibo-workshop-fol2024/ros2_workspace/install/jibo_msgs/include/jibo_msgs/jibo_msgs/msg/detail/jibo_remote__builder.hpp
[16.869s] -- Installing: /workspaces/jibo-workshop-fol2024/ros2_workspace/install/jibo_msgs/include/jibo_msgs/jibo_msgs/msg/detail/jibo_action__builder.hpp
[16.873s] -- Installing: /workspaces/jibo-workshop-fol2024/ros2_workspace/install/jibo_msgs/include/jibo_msgs/jibo_msgs/msg/detail/jibo_asr_result__struct.hpp
[16.873s] -- Installing: /workspaces/jibo-workshop-fol2024/ros2_workspace/install/jibo_msgs/include/jibo_msgs/jibo_msgs/msg/detail/jibo_remote__traits.hpp
[16.874s] -- Installing: /workspaces/jibo-workshop-fol2024/ros2_workspace/install/jibo_msgs/include/jibo_msgs/jibo_msgs/msg/detail/jibo_asr_command__traits.hpp
[16.874s] -- Installing: /workspaces/jibo-workshop-fol2024/ros2_workspace/install/jibo_msgs/include/jibo_msgs/jibo_msgs/msg/detail/jibo_asr_command__builder.hpp
[16.874s] -- Up-to-date: /workspaces/jibo-workshop-fol2024/ros2_workspace/install/jibo_msgs/include/jibo_msgs/jibo_msgs
[16.874s] -- Up-to-date: /workspaces/jibo-workshop-fol2024/ros2_workspace/install/jibo_msgs/include/jibo_msgs/jibo_msgs/msg
[16.874s] -- Installing: /workspaces/jibo-workshop-fol2024/ros2_workspace/install/jibo_msgs/include/jibo_msgs/jibo_msgs/msg/rosidl_typesupport_fastrtps_cpp__visibility_control.h
[16.875s] -- Up-to-date: /workspaces/jibo-workshop-fol2024/ros2_workspace/install/jibo_msgs/include/jibo_msgs/jibo_msgs/msg/detail
[16.875s] -- Installing: /workspaces/jibo-workshop-fol2024/ros2_workspace/install/jibo_msgs/include/jibo_msgs/jibo_msgs/msg/detail/dds_fastrtps
[16.875s] -- Installing: /workspaces/jibo-workshop-fol2024/ros2_workspace/install/jibo_msgs/include/jibo_msgs/jibo_msgs/msg/detail/jibo_asr_result__rosidl_typesupport_fastrtps_cpp.hpp
[16.876s] -- Installing: /workspaces/jibo-workshop-fol2024/ros2_workspace/install/jibo_msgs/include/jibo_msgs/jibo_msgs/msg/detail/jibo_asr_command__rosidl_typesupport_fastrtps_cpp.hpp
[16.876s] -- Installing: /workspaces/jibo-workshop-fol2024/ros2_workspace/install/jibo_msgs/include/jibo_msgs/jibo_msgs/msg/detail/jibo_state__rosidl_typesupport_fastrtps_cpp.hpp
[16.876s] -- Installing: /workspaces/jibo-workshop-fol2024/ros2_workspace/install/jibo_msgs/include/jibo_msgs/jibo_msgs/msg/detail/jibo_remote__rosidl_typesupport_fastrtps_cpp.hpp
[16.876s] -- Installing: /workspaces/jibo-workshop-fol2024/ros2_workspace/install/jibo_msgs/include/jibo_msgs/jibo_msgs/msg/detail/jibo_action__rosidl_typesupport_fastrtps_cpp.hpp
[16.876s] -- Installing: /workspaces/jibo-workshop-fol2024/ros2_workspace/install/jibo_msgs/lib/libjibo_msgs__rosidl_typesupport_fastrtps_cpp.so
[16.877s] -- Set runtime path of "/workspaces/jibo-workshop-fol2024/ros2_workspace/install/jibo_msgs/lib/libjibo_msgs__rosidl_typesupport_fastrtps_cpp.so" to ""
[16.877s] -- Up-to-date: /workspaces/jibo-workshop-fol2024/ros2_workspace/install/jibo_msgs/include/jibo_msgs/jibo_msgs
[16.877s] -- Up-to-date: /workspaces/jibo-workshop-fol2024/ros2_workspace/install/jibo_msgs/include/jibo_msgs/jibo_msgs/msg
[16.877s] -- Up-to-date: /workspaces/jibo-workshop-fol2024/ros2_workspace/install/jibo_msgs/include/jibo_msgs/jibo_msgs/msg/detail
[16.877s] -- Installing: /workspaces/jibo-workshop-fol2024/ros2_workspace/install/jibo_msgs/include/jibo_msgs/jibo_msgs/msg/detail/jibo_asr_command__type_support.cpp
[16.877s] -- Installing: /workspaces/jibo-workshop-fol2024/ros2_workspace/install/jibo_msgs/include/jibo_msgs/jibo_msgs/msg/detail/jibo_remote__type_support.cpp
[16.885s] -- Installing: /workspaces/jibo-workshop-fol2024/ros2_workspace/install/jibo_msgs/include/jibo_msgs/jibo_msgs/msg/detail/jibo_action__type_support.cpp
[16.885s] -- Installing: /workspaces/jibo-workshop-fol2024/ros2_workspace/install/jibo_msgs/include/jibo_msgs/jibo_msgs/msg/detail/jibo_state__type_support.cpp
[16.885s] -- Installing: /workspaces/jibo-workshop-fol2024/ros2_workspace/install/jibo_msgs/include/jibo_msgs/jibo_msgs/msg/detail/jibo_action__rosidl_typesupport_introspection_cpp.hpp
[16.885s] -- Installing: /workspaces/jibo-workshop-fol2024/ros2_workspace/install/jibo_msgs/include/jibo_msgs/jibo_msgs/msg/detail/jibo_asr_command__rosidl_typesupport_introspection_cpp.hpp
[16.885s] -- Installing: /workspaces/jibo-workshop-fol2024/ros2_workspace/install/jibo_msgs/include/jibo_msgs/jibo_msgs/msg/detail/jibo_asr_result__rosidl_typesupport_introspection_cpp.hpp
[16.886s] -- Installing: /workspaces/jibo-workshop-fol2024/ros2_workspace/install/jibo_msgs/include/jibo_msgs/jibo_msgs/msg/detail/jibo_remote__rosidl_typesupport_introspection_cpp.hpp
[16.886s] -- Installing: /workspaces/jibo-workshop-fol2024/ros2_workspace/install/jibo_msgs/include/jibo_msgs/jibo_msgs/msg/detail/jibo_asr_result__type_support.cpp
[16.886s] -- Installing: /workspaces/jibo-workshop-fol2024/ros2_workspace/install/jibo_msgs/include/jibo_msgs/jibo_msgs/msg/detail/jibo_state__rosidl_typesupport_introspection_cpp.hpp
[16.886s] -- Installing: /workspaces/jibo-workshop-fol2024/ros2_workspace/install/jibo_msgs/lib/libjibo_msgs__rosidl_typesupport_introspection_cpp.so
[16.886s] -- Set runtime path of "/workspaces/jibo-workshop-fol2024/ros2_workspace/install/jibo_msgs/lib/libjibo_msgs__rosidl_typesupport_introspection_cpp.so" to ""
[16.887s] -- Installing: /workspaces/jibo-workshop-fol2024/ros2_workspace/install/jibo_msgs/lib/libjibo_msgs__rosidl_typesupport_cpp.so
[16.887s] -- Set runtime path of "/workspaces/jibo-workshop-fol2024/ros2_workspace/install/jibo_msgs/lib/libjibo_msgs__rosidl_typesupport_cpp.so" to ""
[16.887s] -- Installing: /workspaces/jibo-workshop-fol2024/ros2_workspace/install/jibo_msgs/share/jibo_msgs/environment/pythonpath.sh
[16.887s] -- Installing: /workspaces/jibo-workshop-fol2024/ros2_workspace/install/jibo_msgs/share/jibo_msgs/environment/pythonpath.dsv
[16.887s] -- Installing: /workspaces/jibo-workshop-fol2024/ros2_workspace/install/jibo_msgs/lib/python3.10/site-packages/jibo_msgs-3.0.0-py3.10.egg-info
[16.888s] -- Installing: /workspaces/jibo-workshop-fol2024/ros2_workspace/install/jibo_msgs/lib/python3.10/site-packages/jibo_msgs-3.0.0-py3.10.egg-info/PKG-INFO
[16.888s] -- Installing: /workspaces/jibo-workshop-fol2024/ros2_workspace/install/jibo_msgs/lib/python3.10/site-packages/jibo_msgs-3.0.0-py3.10.egg-info/SOURCES.txt
[16.888s] -- Installing: /workspaces/jibo-workshop-fol2024/ros2_workspace/install/jibo_msgs/lib/python3.10/site-packages/jibo_msgs-3.0.0-py3.10.egg-info/top_level.txt
[16.888s] -- Installing: /workspaces/jibo-workshop-fol2024/ros2_workspace/install/jibo_msgs/lib/python3.10/site-packages/jibo_msgs-3.0.0-py3.10.egg-info/dependency_links.txt
[16.888s] -- Installing: /workspaces/jibo-workshop-fol2024/ros2_workspace/install/jibo_msgs/lib/python3.10/site-packages/jibo_msgs
[16.889s] -- Installing: /workspaces/jibo-workshop-fol2024/ros2_workspace/install/jibo_msgs/lib/python3.10/site-packages/jibo_msgs/msg
[16.889s] -- Installing: /workspaces/jibo-workshop-fol2024/ros2_workspace/install/jibo_msgs/lib/python3.10/site-packages/jibo_msgs/msg/_jibo_state.py
[16.889s] -- Installing: /workspaces/jibo-workshop-fol2024/ros2_workspace/install/jibo_msgs/lib/python3.10/site-packages/jibo_msgs/msg/_jibo_action_s.c
[16.889s] -- Installing: /workspaces/jibo-workshop-fol2024/ros2_workspace/install/jibo_msgs/lib/python3.10/site-packages/jibo_msgs/msg/_jibo_asr_result.py
[16.889s] -- Installing: /workspaces/jibo-workshop-fol2024/ros2_workspace/install/jibo_msgs/lib/python3.10/site-packages/jibo_msgs/msg/_jibo_state_s.c
[16.890s] -- Installing: /workspaces/jibo-workshop-fol2024/ros2_workspace/install/jibo_msgs/lib/python3.10/site-packages/jibo_msgs/msg/_jibo_asr_result_s.c
[16.890s] -- Installing: /workspaces/jibo-workshop-fol2024/ros2_workspace/install/jibo_msgs/lib/python3.10/site-packages/jibo_msgs/msg/_jibo_asr_command_s.c
[16.890s] -- Installing: /workspaces/jibo-workshop-fol2024/ros2_workspace/install/jibo_msgs/lib/python3.10/site-packages/jibo_msgs/msg/_jibo_remote.py
[16.890s] -- Installing: /workspaces/jibo-workshop-fol2024/ros2_workspace/install/jibo_msgs/lib/python3.10/site-packages/jibo_msgs/msg/__init__.py
[16.890s] -- Installing: /workspaces/jibo-workshop-fol2024/ros2_workspace/install/jibo_msgs/lib/python3.10/site-packages/jibo_msgs/msg/_jibo_action.py
[16.891s] -- Installing: /workspaces/jibo-workshop-fol2024/ros2_workspace/install/jibo_msgs/lib/python3.10/site-packages/jibo_msgs/msg/_jibo_asr_command.py
[16.891s] -- Installing: /workspaces/jibo-workshop-fol2024/ros2_workspace/install/jibo_msgs/lib/python3.10/site-packages/jibo_msgs/msg/_jibo_remote_s.c
[16.891s] -- Installing: /workspaces/jibo-workshop-fol2024/ros2_workspace/install/jibo_msgs/lib/python3.10/site-packages/jibo_msgs/_jibo_msgs_s.ep.rosidl_typesupport_introspection_c.c
[16.891s] -- Installing: /workspaces/jibo-workshop-fol2024/ros2_workspace/install/jibo_msgs/lib/python3.10/site-packages/jibo_msgs/_jibo_msgs_s.ep.rosidl_typesupport_c.c
[16.891s] -- Installing: /workspaces/jibo-workshop-fol2024/ros2_workspace/install/jibo_msgs/lib/python3.10/site-packages/jibo_msgs/_jibo_msgs_s.ep.rosidl_typesupport_fastrtps_c.c
[16.892s] -- Installing: /workspaces/jibo-workshop-fol2024/ros2_workspace/install/jibo_msgs/lib/python3.10/site-packages/jibo_msgs/jibo_msgs_s__rosidl_typesupport_fastrtps_c.cpython-310-x86_64-linux-gnu.so
[16.892s] -- Installing: /workspaces/jibo-workshop-fol2024/ros2_workspace/install/jibo_msgs/lib/python3.10/site-packages/jibo_msgs/__init__.py
[16.892s] -- Installing: /workspaces/jibo-workshop-fol2024/ros2_workspace/install/jibo_msgs/lib/python3.10/site-packages/jibo_msgs/libjibo_msgs__rosidl_generator_py.so
[16.892s] -- Installing: /workspaces/jibo-workshop-fol2024/ros2_workspace/install/jibo_msgs/lib/python3.10/site-packages/jibo_msgs/jibo_msgs_s__rosidl_typesupport_introspection_c.cpython-310-x86_64-linux-gnu.so
[16.893s] -- Installing: /workspaces/jibo-workshop-fol2024/ros2_workspace/install/jibo_msgs/lib/python3.10/site-packages/jibo_msgs/jibo_msgs_s__rosidl_typesupport_c.cpython-310-x86_64-linux-gnu.so
[16.932s] Listing '/workspaces/jibo-workshop-fol2024/ros2_workspace/install/jibo_msgs/lib/python3.10/site-packages/jibo_msgs'...
[16.933s] Compiling '/workspaces/jibo-workshop-fol2024/ros2_workspace/install/jibo_msgs/lib/python3.10/site-packages/jibo_msgs/__init__.py'...
[16.933s] Listing '/workspaces/jibo-workshop-fol2024/ros2_workspace/install/jibo_msgs/lib/python3.10/site-packages/jibo_msgs/msg'...
[16.933s] Compiling '/workspaces/jibo-workshop-fol2024/ros2_workspace/install/jibo_msgs/lib/python3.10/site-packages/jibo_msgs/msg/__init__.py'...
[16.933s] Compiling '/workspaces/jibo-workshop-fol2024/ros2_workspace/install/jibo_msgs/lib/python3.10/site-packages/jibo_msgs/msg/_jibo_action.py'...
[16.933s] Compiling '/workspaces/jibo-workshop-fol2024/ros2_workspace/install/jibo_msgs/lib/python3.10/site-packages/jibo_msgs/msg/_jibo_asr_command.py'...
[16.933s] Compiling '/workspaces/jibo-workshop-fol2024/ros2_workspace/install/jibo_msgs/lib/python3.10/site-packages/jibo_msgs/msg/_jibo_asr_result.py'...
[16.933s] Compiling '/workspaces/jibo-workshop-fol2024/ros2_workspace/install/jibo_msgs/lib/python3.10/site-packages/jibo_msgs/msg/_jibo_remote.py'...
[16.934s] Compiling '/workspaces/jibo-workshop-fol2024/ros2_workspace/install/jibo_msgs/lib/python3.10/site-packages/jibo_msgs/msg/_jibo_state.py'...
[16.941s] -- Installing: /workspaces/jibo-workshop-fol2024/ros2_workspace/install/jibo_msgs/lib/python3.10/site-packages/jibo_msgs/jibo_msgs_s__rosidl_typesupport_fastrtps_c.cpython-310-x86_64-linux-gnu.so
[16.942s] -- Set runtime path of "/workspaces/jibo-workshop-fol2024/ros2_workspace/install/jibo_msgs/lib/python3.10/site-packages/jibo_msgs/jibo_msgs_s__rosidl_typesupport_fastrtps_c.cpython-310-x86_64-linux-gnu.so" to ""
[16.943s] -- Installing: /workspaces/jibo-workshop-fol2024/ros2_workspace/install/jibo_msgs/lib/python3.10/site-packages/jibo_msgs/jibo_msgs_s__rosidl_typesupport_introspection_c.cpython-310-x86_64-linux-gnu.so
[16.944s] -- Set runtime path of "/workspaces/jibo-workshop-fol2024/ros2_workspace/install/jibo_msgs/lib/python3.10/site-packages/jibo_msgs/jibo_msgs_s__rosidl_typesupport_introspection_c.cpython-310-x86_64-linux-gnu.so" to ""
[16.945s] -- Installing: /workspaces/jibo-workshop-fol2024/ros2_workspace/install/jibo_msgs/lib/python3.10/site-packages/jibo_msgs/jibo_msgs_s__rosidl_typesupport_c.cpython-310-x86_64-linux-gnu.so
[16.946s] -- Set runtime path of "/workspaces/jibo-workshop-fol2024/ros2_workspace/install/jibo_msgs/lib/python3.10/site-packages/jibo_msgs/jibo_msgs_s__rosidl_typesupport_c.cpython-310-x86_64-linux-gnu.so" to ""
[16.946s] -- Installing: /workspaces/jibo-workshop-fol2024/ros2_workspace/install/jibo_msgs/lib/libjibo_msgs__rosidl_generator_py.so
[16.948s] -- Set runtime path of "/workspaces/jibo-workshop-fol2024/ros2_workspace/install/jibo_msgs/lib/libjibo_msgs__rosidl_generator_py.so" to ""
[16.949s] -- Installing: /workspaces/jibo-workshop-fol2024/ros2_workspace/install/jibo_msgs/share/jibo_msgs/msg/JiboAction.idl
[16.949s] -- Installing: /workspaces/jibo-workshop-fol2024/ros2_workspace/install/jibo_msgs/share/jibo_msgs/msg/JiboAsrCommand.idl
[16.950s] -- Installing: /workspaces/jibo-workshop-fol2024/ros2_workspace/install/jibo_msgs/share/jibo_msgs/msg/JiboAsrResult.idl
[16.951s] -- Installing: /workspaces/jibo-workshop-fol2024/ros2_workspace/install/jibo_msgs/share/jibo_msgs/msg/JiboRemote.idl
[16.951s] -- Installing: /workspaces/jibo-workshop-fol2024/ros2_workspace/install/jibo_msgs/share/jibo_msgs/msg/JiboState.idl
[16.952s] -- Installing: /workspaces/jibo-workshop-fol2024/ros2_workspace/install/jibo_msgs/share/jibo_msgs/msg/JiboAction.msg
[16.953s] -- Installing: /workspaces/jibo-workshop-fol2024/ros2_workspace/install/jibo_msgs/share/jibo_msgs/msg/JiboAsrCommand.msg
[16.953s] -- Installing: /workspaces/jibo-workshop-fol2024/ros2_workspace/install/jibo_msgs/share/jibo_msgs/msg/JiboAsrResult.msg
[16.954s] -- Installing: /workspaces/jibo-workshop-fol2024/ros2_workspace/install/jibo_msgs/share/jibo_msgs/msg/JiboRemote.msg
[16.955s] -- Installing: /workspaces/jibo-workshop-fol2024/ros2_workspace/install/jibo_msgs/share/jibo_msgs/msg/JiboState.msg
[16.955s] -- Installing: /workspaces/jibo-workshop-fol2024/ros2_workspace/install/jibo_msgs/share/ament_index/resource_index/package_run_dependencies/jibo_msgs
[16.956s] -- Installing: /workspaces/jibo-workshop-fol2024/ros2_workspace/install/jibo_msgs/share/ament_index/resource_index/parent_prefix_path/jibo_msgs
[16.957s] -- Installing: /workspaces/jibo-workshop-fol2024/ros2_workspace/install/jibo_msgs/share/jibo_msgs/environment/ament_prefix_path.sh
[16.958s] -- Installing: /workspaces/jibo-workshop-fol2024/ros2_workspace/install/jibo_msgs/share/jibo_msgs/environment/ament_prefix_path.dsv
[16.958s] -- Installing: /workspaces/jibo-workshop-fol2024/ros2_workspace/install/jibo_msgs/share/jibo_msgs/environment/path.sh
[16.959s] -- Installing: /workspaces/jibo-workshop-fol2024/ros2_workspace/install/jibo_msgs/share/jibo_msgs/environment/path.dsv
[16.960s] -- Installing: /workspaces/jibo-workshop-fol2024/ros2_workspace/install/jibo_msgs/share/jibo_msgs/local_setup.bash
[16.960s] -- Installing: /workspaces/jibo-workshop-fol2024/ros2_workspace/install/jibo_msgs/share/jibo_msgs/local_setup.sh
[16.961s] -- Installing: /workspaces/jibo-workshop-fol2024/ros2_workspace/install/jibo_msgs/share/jibo_msgs/local_setup.zsh
[16.962s] -- Installing: /workspaces/jibo-workshop-fol2024/ros2_workspace/install/jibo_msgs/share/jibo_msgs/local_setup.dsv
[16.962s] -- Installing: /workspaces/jibo-workshop-fol2024/ros2_workspace/install/jibo_msgs/share/jibo_msgs/package.dsv
[16.963s] -- Installing: /workspaces/jibo-workshop-fol2024/ros2_workspace/install/jibo_msgs/share/ament_index/resource_index/packages/jibo_msgs
[16.964s] -- Installing: /workspaces/jibo-workshop-fol2024/ros2_workspace/install/jibo_msgs/share/jibo_msgs/cmake/export_jibo_msgs__rosidl_generator_cExport.cmake
[16.967s] -- Installing: /workspaces/jibo-workshop-fol2024/ros2_workspace/install/jibo_msgs/share/jibo_msgs/cmake/export_jibo_msgs__rosidl_generator_cExport-noconfig.cmake
[16.967s] -- Installing: /workspaces/jibo-workshop-fol2024/ros2_workspace/install/jibo_msgs/share/jibo_msgs/cmake/export_jibo_msgs__rosidl_typesupport_fastrtps_cExport.cmake
[16.968s] -- Installing: /workspaces/jibo-workshop-fol2024/ros2_workspace/install/jibo_msgs/share/jibo_msgs/cmake/export_jibo_msgs__rosidl_typesupport_fastrtps_cExport-noconfig.cmake
[16.969s] -- Installing: /workspaces/jibo-workshop-fol2024/ros2_workspace/install/jibo_msgs/share/jibo_msgs/cmake/jibo_msgs__rosidl_typesupport_introspection_cExport.cmake
[16.969s] -- Installing: /workspaces/jibo-workshop-fol2024/ros2_workspace/install/jibo_msgs/share/jibo_msgs/cmake/jibo_msgs__rosidl_typesupport_introspection_cExport-noconfig.cmake
[16.970s] -- Installing: /workspaces/jibo-workshop-fol2024/ros2_workspace/install/jibo_msgs/share/jibo_msgs/cmake/jibo_msgs__rosidl_typesupport_cExport.cmake
[16.971s] -- Installing: /workspaces/jibo-workshop-fol2024/ros2_workspace/install/jibo_msgs/share/jibo_msgs/cmake/jibo_msgs__rosidl_typesupport_cExport-noconfig.cmake
[16.972s] -- Installing: /workspaces/jibo-workshop-fol2024/ros2_workspace/install/jibo_msgs/share/jibo_msgs/cmake/export_jibo_msgs__rosidl_generator_cppExport.cmake
[16.972s] -- Installing: /workspaces/jibo-workshop-fol2024/ros2_workspace/install/jibo_msgs/share/jibo_msgs/cmake/export_jibo_msgs__rosidl_typesupport_fastrtps_cppExport.cmake
[16.973s] -- Installing: /workspaces/jibo-workshop-fol2024/ros2_workspace/install/jibo_msgs/share/jibo_msgs/cmake/export_jibo_msgs__rosidl_typesupport_fastrtps_cppExport-noconfig.cmake
[16.974s] -- Installing: /workspaces/jibo-workshop-fol2024/ros2_workspace/install/jibo_msgs/share/jibo_msgs/cmake/jibo_msgs__rosidl_typesupport_introspection_cppExport.cmake
[16.974s] -- Installing: /workspaces/jibo-workshop-fol2024/ros2_workspace/install/jibo_msgs/share/jibo_msgs/cmake/jibo_msgs__rosidl_typesupport_introspection_cppExport-noconfig.cmake
[16.975s] -- Installing: /workspaces/jibo-workshop-fol2024/ros2_workspace/install/jibo_msgs/share/jibo_msgs/cmake/jibo_msgs__rosidl_typesupport_cppExport.cmake
[16.976s] -- Installing: /workspaces/jibo-workshop-fol2024/ros2_workspace/install/jibo_msgs/share/jibo_msgs/cmake/jibo_msgs__rosidl_typesupport_cppExport-noconfig.cmake
[16.976s] -- Installing: /workspaces/jibo-workshop-fol2024/ros2_workspace/install/jibo_msgs/share/jibo_msgs/cmake/export_jibo_msgs__rosidl_generator_pyExport.cmake
[16.977s] -- Installing: /workspaces/jibo-workshop-fol2024/ros2_workspace/install/jibo_msgs/share/jibo_msgs/cmake/export_jibo_msgs__rosidl_generator_pyExport-noconfig.cmake
[16.978s] -- Installing: /workspaces/jibo-workshop-fol2024/ros2_workspace/install/jibo_msgs/share/jibo_msgs/cmake/rosidl_cmake-extras.cmake
[16.979s] -- Installing: /workspaces/jibo-workshop-fol2024/ros2_workspace/install/jibo_msgs/share/jibo_msgs/cmake/ament_cmake_export_include_directories-extras.cmake
[16.979s] -- Installing: /workspaces/jibo-workshop-fol2024/ros2_workspace/install/jibo_msgs/share/jibo_msgs/cmake/ament_cmake_export_libraries-extras.cmake
[16.980s] -- Installing: /workspaces/jibo-workshop-fol2024/ros2_workspace/install/jibo_msgs/share/jibo_msgs/cmake/ament_cmake_export_targets-extras.cmake
[16.981s] -- Installing: /workspaces/jibo-workshop-fol2024/ros2_workspace/install/jibo_msgs/share/jibo_msgs/cmake/rosidl_cmake_export_typesupport_targets-extras.cmake
[16.981s] -- Installing: /workspaces/jibo-workshop-fol2024/ros2_workspace/install/jibo_msgs/share/jibo_msgs/cmake/ament_cmake_export_dependencies-extras.cmake
[16.982s] -- Installing: /workspaces/jibo-workshop-fol2024/ros2_workspace/install/jibo_msgs/share/jibo_msgs/cmake/rosidl_cmake_export_typesupport_libraries-extras.cmake
[16.983s] -- Installing: /workspaces/jibo-workshop-fol2024/ros2_workspace/install/jibo_msgs/share/jibo_msgs/cmake/jibo_msgsConfig.cmake
[16.983s] -- Installing: /workspaces/jibo-workshop-fol2024/ros2_workspace/install/jibo_msgs/share/jibo_msgs/cmake/jibo_msgsConfig-version.cmake
[16.984s] -- Installing: /workspaces/jibo-workshop-fol2024/ros2_workspace/install/jibo_msgs/share/jibo_msgs/package.xml
[16.988s] Invoked command in '/workspaces/jibo-workshop-fol2024/ros2_workspace/build/jibo_msgs' returned '0': CMAKE_PREFIX_PATH=/opt/ros/iron /usr/bin/cmake --install /workspaces/jibo-workshop-fol2024/ros2_workspace/build/jibo_msgs
