[1.092s] DEBUG:colcon:Command line arguments: ['/usr/bin/colcon', 'build']
[1.093s] DEBUG:colcon:Parsed command line arguments: Namespace(log_base=None, log_level=None, verb_name='build', build_base='build', install_base='install', merge_install=False, symlink_install=False, test_result_base=None, continue_on_error=False, executor='parallel', parallel_workers=2, event_handlers=None, ignore_user_meta=False, metas=['./colcon.meta'], base_paths=['.'], packages_ignore=None, packages_ignore_regex=None, paths=None, packages_up_to=None, packages_up_to_regex=None, packages_above=None, packages_above_and_dependencies=None, packages_above_depth=None, packages_select_by_dep=None, packages_skip_by_dep=None, packages_skip_up_to=None, packages_select_build_failed=False, packages_skip_build_finished=False, packages_select_test_failures=False, packages_skip_test_passed=False, packages_select=None, packages_skip=None, packages_select_regex=None, packages_skip_regex=None, packages_start=None, packages_end=None, allow_overriding=[], cmake_args=None, cmake_target=None, cmake_target_skip_unavailable=False, cmake_clean_cache=False, cmake_clean_first=False, cmake_force_configure=False, ament_cmake_args=None, catkin_cmake_args=None, catkin_skip_building_tests=False, verb_parser=<colcon_defaults.argument_parser.defaults.DefaultArgumentsDecorator object at 0x7fbbcb7dd780>, verb_extension=<colcon_core.verb.build.BuildVerb object at 0x7fbbcb7df4f0>, main=<bound method BuildVerb.main of <colcon_core.verb.build.BuildVerb object at 0x7fbbcb7df4f0>>)
[1.151s] Level 1:colcon.colcon_core.package_discovery:discover_packages(colcon_meta) check parameters
[1.151s] Level 1:colcon.colcon_core.package_discovery:discover_packages(recursive) check parameters
[1.151s] Level 1:colcon.colcon_core.package_discovery:discover_packages(ignore) check parameters
[1.151s] Level 1:colcon.colcon_core.package_discovery:discover_packages(path) check parameters
[1.151s] Level 1:colcon.colcon_core.package_discovery:discover_packages(colcon_meta) discover
[1.152s] Level 1:colcon.colcon_core.package_discovery:discover_packages(recursive) discover
[1.152s] INFO:colcon.colcon_core.package_discovery:Crawling recursively for packages in '/workspaces/jibo-workshop-fol2024/ros2_workspace'
[1.152s] Level 1:colcon.colcon_core.package_identification:_identify(.) by extensions ['ignore', 'ignore_ament_install']
[1.152s] Level 1:colcon.colcon_core.package_identification:_identify(.) by extension 'ignore'
[1.152s] Level 1:colcon.colcon_core.package_identification:_identify(.) by extension 'ignore_ament_install'
[1.152s] Level 1:colcon.colcon_core.package_identification:_identify(.) by extensions ['colcon_pkg']
[1.152s] Level 1:colcon.colcon_core.package_identification:_identify(.) by extension 'colcon_pkg'
[1.152s] Level 1:colcon.colcon_core.package_identification:_identify(.) by extensions ['colcon_meta']
[1.152s] Level 1:colcon.colcon_core.package_identification:_identify(.) by extension 'colcon_meta'
[1.152s] Level 1:colcon.colcon_core.package_identification:_identify(.) by extensions ['ros']
[1.152s] Level 1:colcon.colcon_core.package_identification:_identify(.) by extension 'ros'
[1.164s] Level 1:colcon.colcon_core.package_identification:_identify(.) by extensions ['cmake', 'python']
[1.164s] Level 1:colcon.colcon_core.package_identification:_identify(.) by extension 'cmake'
[1.164s] Level 1:colcon.colcon_core.package_identification:_identify(.) by extension 'python'
[1.165s] Level 1:colcon.colcon_core.package_identification:_identify(.) by extensions ['python_setup_py']
[1.165s] Level 1:colcon.colcon_core.package_identification:_identify(.) by extension 'python_setup_py'
[1.165s] Level 1:colcon.colcon_core.package_identification:_identify(build) by extensions ['ignore', 'ignore_ament_install']
[1.165s] Level 1:colcon.colcon_core.package_identification:_identify(build) by extension 'ignore'
[1.165s] Level 1:colcon.colcon_core.package_identification:_identify(build) ignored
[1.166s] Level 1:colcon.colcon_core.package_identification:_identify(install) by extensions ['ignore', 'ignore_ament_install']
[1.166s] Level 1:colcon.colcon_core.package_identification:_identify(install) by extension 'ignore'
[1.166s] Level 1:colcon.colcon_core.package_identification:_identify(install) ignored
[1.166s] Level 1:colcon.colcon_core.package_identification:_identify(log) by extensions ['ignore', 'ignore_ament_install']
[1.166s] Level 1:colcon.colcon_core.package_identification:_identify(log) by extension 'ignore'
[1.166s] Level 1:colcon.colcon_core.package_identification:_identify(log) ignored
[1.166s] Level 1:colcon.colcon_core.package_identification:_identify(src) by extensions ['ignore', 'ignore_ament_install']
[1.167s] Level 1:colcon.colcon_core.package_identification:_identify(src) by extension 'ignore'
[1.167s] Level 1:colcon.colcon_core.package_identification:_identify(src) by extension 'ignore_ament_install'
[1.167s] Level 1:colcon.colcon_core.package_identification:_identify(src) by extensions ['colcon_pkg']
[1.167s] Level 1:colcon.colcon_core.package_identification:_identify(src) by extension 'colcon_pkg'
[1.167s] Level 1:colcon.colcon_core.package_identification:_identify(src) by extensions ['colcon_meta']
[1.167s] Level 1:colcon.colcon_core.package_identification:_identify(src) by extension 'colcon_meta'
[1.167s] Level 1:colcon.colcon_core.package_identification:_identify(src) by extensions ['ros']
[1.167s] Level 1:colcon.colcon_core.package_identification:_identify(src) by extension 'ros'
[1.167s] Level 1:colcon.colcon_core.package_identification:_identify(src) by extensions ['cmake', 'python']
[1.167s] Level 1:colcon.colcon_core.package_identification:_identify(src) by extension 'cmake'
[1.167s] Level 1:colcon.colcon_core.package_identification:_identify(src) by extension 'python'
[1.168s] Level 1:colcon.colcon_core.package_identification:_identify(src) by extensions ['python_setup_py']
[1.168s] Level 1:colcon.colcon_core.package_identification:_identify(src) by extension 'python_setup_py'
[1.168s] Level 1:colcon.colcon_core.package_identification:_identify(src/jibo_msgs) by extensions ['ignore', 'ignore_ament_install']
[1.168s] Level 1:colcon.colcon_core.package_identification:_identify(src/jibo_msgs) by extension 'ignore'
[1.168s] Level 1:colcon.colcon_core.package_identification:_identify(src/jibo_msgs) by extension 'ignore_ament_install'
[1.168s] Level 1:colcon.colcon_core.package_identification:_identify(src/jibo_msgs) by extensions ['colcon_pkg']
[1.168s] Level 1:colcon.colcon_core.package_identification:_identify(src/jibo_msgs) by extension 'colcon_pkg'
[1.168s] Level 1:colcon.colcon_core.package_identification:_identify(src/jibo_msgs) by extensions ['colcon_meta']
[1.168s] Level 1:colcon.colcon_core.package_identification:_identify(src/jibo_msgs) by extension 'colcon_meta'
[1.169s] Level 1:colcon.colcon_core.package_identification:_identify(src/jibo_msgs) by extensions ['ros']
[1.169s] Level 1:colcon.colcon_core.package_identification:_identify(src/jibo_msgs) by extension 'ros'
[1.171s] DEBUG:colcon.colcon_core.package_identification:Package 'src/jibo_msgs' with type 'ros.ament_cmake' and name 'jibo_msgs'
[1.171s] Level 1:colcon.colcon_core.package_discovery:discover_packages(recursive) using defaults
[1.171s] Level 1:colcon.colcon_core.package_discovery:discover_packages(ignore) discover
[1.171s] Level 1:colcon.colcon_core.package_discovery:discover_packages(ignore) using defaults
[1.171s] Level 1:colcon.colcon_core.package_discovery:discover_packages(path) discover
[1.172s] Level 1:colcon.colcon_core.package_discovery:discover_packages(path) using defaults
[1.260s] Level 1:colcon.colcon_core.package_discovery:discover_packages(prefix_path) check parameters
[1.260s] Level 1:colcon.colcon_core.package_discovery:discover_packages(prefix_path) discover
[1.289s] DEBUG:colcon.colcon_installed_package_information.package_discovery:Found 198 installed packages in /opt/ros/iron
[1.290s] Level 1:colcon.colcon_core.package_discovery:discover_packages(prefix_path) using defaults
[1.359s] Level 5:colcon.colcon_core.verb:set package 'jibo_msgs' build argument 'cmake_args' from command line to 'None'
[1.359s] Level 5:colcon.colcon_core.verb:set package 'jibo_msgs' build argument 'cmake_target' from command line to 'None'
[1.359s] Level 5:colcon.colcon_core.verb:set package 'jibo_msgs' build argument 'cmake_target_skip_unavailable' from command line to 'False'
[1.359s] Level 5:colcon.colcon_core.verb:set package 'jibo_msgs' build argument 'cmake_clean_cache' from command line to 'False'
[1.359s] Level 5:colcon.colcon_core.verb:set package 'jibo_msgs' build argument 'cmake_clean_first' from command line to 'False'
[1.359s] Level 5:colcon.colcon_core.verb:set package 'jibo_msgs' build argument 'cmake_force_configure' from command line to 'False'
[1.359s] Level 5:colcon.colcon_core.verb:set package 'jibo_msgs' build argument 'ament_cmake_args' from command line to 'None'
[1.359s] Level 5:colcon.colcon_core.verb:set package 'jibo_msgs' build argument 'catkin_cmake_args' from command line to 'None'
[1.359s] Level 5:colcon.colcon_core.verb:set package 'jibo_msgs' build argument 'catkin_skip_building_tests' from command line to 'False'
[1.359s] DEBUG:colcon.colcon_core.verb:Building package 'jibo_msgs' with the following arguments: {'ament_cmake_args': None, 'build_base': '/workspaces/jibo-workshop-fol2024/ros2_workspace/build/jibo_msgs', 'catkin_cmake_args': None, 'catkin_skip_building_tests': False, 'cmake_args': None, 'cmake_clean_cache': False, 'cmake_clean_first': False, 'cmake_force_configure': False, 'cmake_target': None, 'cmake_target_skip_unavailable': False, 'install_base': '/workspaces/jibo-workshop-fol2024/ros2_workspace/install/jibo_msgs', 'merge_install': False, 'path': '/workspaces/jibo-workshop-fol2024/ros2_workspace/src/jibo_msgs', 'symlink_install': False, 'test_result_base': None}
[1.374s] INFO:colcon.colcon_core.executor:Executing jobs using 'parallel' executor
[1.389s] DEBUG:colcon.colcon_parallel_executor.executor.parallel:run_until_complete
[1.389s] INFO:colcon.colcon_ros.task.ament_cmake.build:Building ROS package in '/workspaces/jibo-workshop-fol2024/ros2_workspace/src/jibo_msgs' with build type 'ament_cmake'
[1.390s] INFO:colcon.colcon_cmake.task.cmake.build:Building CMake package in '/workspaces/jibo-workshop-fol2024/ros2_workspace/src/jibo_msgs'
[1.405s] INFO:colcon.colcon_core.plugin_system:Skipping extension 'colcon_core.shell.bat': Not used on non-Windows systems
[1.406s] INFO:colcon.colcon_core.shell:Skip shell extension 'powershell' for command environment: Not usable outside of PowerShell
[1.406s] DEBUG:colcon.colcon_core.shell:Skip shell extension 'dsv' for command environment
[1.445s] DEBUG:colcon.colcon_core.event_handler.log_command:Invoking command in '/workspaces/jibo-workshop-fol2024/ros2_workspace/build/jibo_msgs': CMAKE_PREFIX_PATH=/opt/ros/iron /usr/bin/cmake --build /workspaces/jibo-workshop-fol2024/ros2_workspace/build/jibo_msgs -- -j2 -l2
[4.205s] DEBUG:colcon.colcon_core.event_handler.log_command:Invoked command in '/workspaces/jibo-workshop-fol2024/ros2_workspace/build/jibo_msgs' returned '2': CMAKE_PREFIX_PATH=/opt/ros/iron /usr/bin/cmake --build /workspaces/jibo-workshop-fol2024/ros2_workspace/build/jibo_msgs -- -j2 -l2
[4.462s] Level 1:colcon.colcon_core.environment:create_environment_scripts_only(jibo_msgs)
[4.487s] Level 1:colcon.colcon_core.environment:checking '/workspaces/jibo-workshop-fol2024/ros2_workspace/install/jibo_msgs' for CMake module files
[4.493s] Level 1:colcon.colcon_core.environment:checking '/workspaces/jibo-workshop-fol2024/ros2_workspace/install/jibo_msgs' for CMake config files
[4.495s] Level 1:colcon.colcon_core.shell:create_environment_hook('jibo_msgs', 'cmake_prefix_path')
[4.521s] INFO:colcon.colcon_core.shell:Creating environment hook '/workspaces/jibo-workshop-fol2024/ros2_workspace/install/jibo_msgs/share/jibo_msgs/hook/cmake_prefix_path.ps1'
[4.523s] INFO:colcon.colcon_core.shell:Creating environment descriptor '/workspaces/jibo-workshop-fol2024/ros2_workspace/install/jibo_msgs/share/jibo_msgs/hook/cmake_prefix_path.dsv'
[4.524s] INFO:colcon.colcon_core.shell:Creating environment hook '/workspaces/jibo-workshop-fol2024/ros2_workspace/install/jibo_msgs/share/jibo_msgs/hook/cmake_prefix_path.sh'
[4.525s] Level 1:colcon.colcon_core.environment:checking '/workspaces/jibo-workshop-fol2024/ros2_workspace/install/jibo_msgs/lib'
[4.526s] Level 1:colcon.colcon_core.shell:create_environment_hook('jibo_msgs', 'ld_library_path_lib')
[4.550s] INFO:colcon.colcon_core.shell:Creating environment hook '/workspaces/jibo-workshop-fol2024/ros2_workspace/install/jibo_msgs/share/jibo_msgs/hook/ld_library_path_lib.ps1'
[4.551s] INFO:colcon.colcon_core.shell:Creating environment descriptor '/workspaces/jibo-workshop-fol2024/ros2_workspace/install/jibo_msgs/share/jibo_msgs/hook/ld_library_path_lib.dsv'
[4.552s] INFO:colcon.colcon_core.shell:Creating environment hook '/workspaces/jibo-workshop-fol2024/ros2_workspace/install/jibo_msgs/share/jibo_msgs/hook/ld_library_path_lib.sh'
[4.553s] Level 1:colcon.colcon_core.environment:checking '/workspaces/jibo-workshop-fol2024/ros2_workspace/install/jibo_msgs/bin'
[4.553s] Level 1:colcon.colcon_core.environment:checking '/workspaces/jibo-workshop-fol2024/ros2_workspace/install/jibo_msgs/lib/pkgconfig/jibo_msgs.pc'
[4.553s] Level 1:colcon.colcon_core.environment:checking '/workspaces/jibo-workshop-fol2024/ros2_workspace/install/jibo_msgs/lib/python3.10/site-packages'
[4.554s] Level 1:colcon.colcon_core.shell:create_environment_hook('jibo_msgs', 'pythonpath')
[4.571s] INFO:colcon.colcon_core.shell:Creating environment hook '/workspaces/jibo-workshop-fol2024/ros2_workspace/install/jibo_msgs/share/jibo_msgs/hook/pythonpath.ps1'
[4.572s] INFO:colcon.colcon_core.shell:Creating environment descriptor '/workspaces/jibo-workshop-fol2024/ros2_workspace/install/jibo_msgs/share/jibo_msgs/hook/pythonpath.dsv'
[4.573s] INFO:colcon.colcon_core.shell:Creating environment hook '/workspaces/jibo-workshop-fol2024/ros2_workspace/install/jibo_msgs/share/jibo_msgs/hook/pythonpath.sh'
[4.574s] Level 1:colcon.colcon_core.environment:checking '/workspaces/jibo-workshop-fol2024/ros2_workspace/install/jibo_msgs/bin'
[4.593s] INFO:colcon.colcon_core.shell:Creating package script '/workspaces/jibo-workshop-fol2024/ros2_workspace/install/jibo_msgs/share/jibo_msgs/package.ps1'
[4.599s] INFO:colcon.colcon_core.shell:Creating package descriptor '/workspaces/jibo-workshop-fol2024/ros2_workspace/install/jibo_msgs/share/jibo_msgs/package.dsv'
[4.600s] INFO:colcon.colcon_core.shell:Creating package script '/workspaces/jibo-workshop-fol2024/ros2_workspace/install/jibo_msgs/share/jibo_msgs/package.sh'
[4.602s] INFO:colcon.colcon_core.shell:Creating package script '/workspaces/jibo-workshop-fol2024/ros2_workspace/install/jibo_msgs/share/jibo_msgs/package.bash'
[4.603s] INFO:colcon.colcon_core.shell:Creating package script '/workspaces/jibo-workshop-fol2024/ros2_workspace/install/jibo_msgs/share/jibo_msgs/package.zsh'
[4.604s] Level 1:colcon.colcon_core.environment:create_file_with_runtime_dependencies(/workspaces/jibo-workshop-fol2024/ros2_workspace/install/jibo_msgs/share/colcon-core/packages/jibo_msgs)
[4.616s] DEBUG:colcon.colcon_parallel_executor.executor.parallel:closing loop
[4.616s] DEBUG:colcon.colcon_parallel_executor.executor.parallel:loop closed
[4.616s] DEBUG:colcon.colcon_parallel_executor.executor.parallel:run_until_complete finished with '2'
[4.616s] DEBUG:colcon.colcon_core.event_reactor:joining thread
[4.660s] INFO:colcon.colcon_core.plugin_system:Skipping extension 'colcon_notification.desktop_notification.notify_send': Could not find 'notify-send'
[4.661s] INFO:colcon.colcon_core.plugin_system:Skipping extension 'colcon_notification.desktop_notification.terminal_notifier': Not used on non-Darwin systems
[4.662s] INFO:colcon.colcon_core.plugin_system:Skipping extension 'colcon_notification.desktop_notification.win32': Not used on non-Windows systems
[4.663s] INFO:colcon.colcon_notification.desktop_notification:Sending desktop notification using 'notify2'
[4.664s] DEBUG:colcon.colcon_notification.desktop_notification.notify2:Failed to initialize notify2: org.freedesktop.DBus.Error.NotSupported: Unable to autolaunch a dbus-daemon without a $DISPLAY for X11
[4.665s] DEBUG:colcon.colcon_core.event_reactor:joined thread
[4.697s] INFO:colcon.colcon_core.shell:Creating prefix script '/workspaces/jibo-workshop-fol2024/ros2_workspace/install/local_setup.ps1'
[4.700s] INFO:colcon.colcon_core.shell:Creating prefix util module '/workspaces/jibo-workshop-fol2024/ros2_workspace/install/_local_setup_util_ps1.py'
[4.702s] INFO:colcon.colcon_core.shell:Creating prefix chain script '/workspaces/jibo-workshop-fol2024/ros2_workspace/install/setup.ps1'
[4.726s] INFO:colcon.colcon_core.shell:Creating prefix script '/workspaces/jibo-workshop-fol2024/ros2_workspace/install/local_setup.sh'
[4.727s] INFO:colcon.colcon_core.shell:Creating prefix util module '/workspaces/jibo-workshop-fol2024/ros2_workspace/install/_local_setup_util_sh.py'
[4.728s] INFO:colcon.colcon_core.shell:Creating prefix chain script '/workspaces/jibo-workshop-fol2024/ros2_workspace/install/setup.sh'
[4.742s] INFO:colcon.colcon_core.shell:Creating prefix script '/workspaces/jibo-workshop-fol2024/ros2_workspace/install/local_setup.bash'
[4.743s] INFO:colcon.colcon_core.shell:Creating prefix chain script '/workspaces/jibo-workshop-fol2024/ros2_workspace/install/setup.bash'
[4.758s] INFO:colcon.colcon_core.shell:Creating prefix script '/workspaces/jibo-workshop-fol2024/ros2_workspace/install/local_setup.zsh'
[4.758s] INFO:colcon.colcon_core.shell:Creating prefix chain script '/workspaces/jibo-workshop-fol2024/ros2_workspace/install/setup.zsh'
