[0.056s] Invoking command in '/workspaces/jibo-workshop-fol2024/ros2_workspace/build/jibo_msgs': CMAKE_PREFIX_PATH=/opt/ros/iron /usr/bin/cmake --build /workspaces/jibo-workshop-fol2024/ros2_workspace/build/jibo_msgs -- -j2 -l2
[0.088s] -- Found ament_cmake: 2.0.3 (/opt/ros/iron/share/ament_cmake/cmake)
[0.239s] -- Found ament_index_cpp: 1.5.2 (/opt/ros/iron/share/ament_index_cpp/cmake)
[0.241s] -- Found rosidl_default_generators: 1.5.0 (/opt/ros/iron/share/rosidl_default_generators/cmake)
[0.244s] -- Using all available rosidl_typesupport_c: rosidl_typesupport_fastrtps_c;rosidl_typesupport_introspection_c
[0.283s] -- Using all available rosidl_typesupport_cpp: rosidl_typesupport_fastrtps_cpp;rosidl_typesupport_introspection_cpp
[0.321s] -- Found rosidl_adapter: 4.0.1 (/opt/ros/iron/share/rosidl_adapter/cmake)
[0.327s] -- Found std_msgs: 5.0.0 (/opt/ros/iron/share/std_msgs/cmake)
[0.398s] -- Found std_srvs: 5.0.0 (/opt/ros/iron/share/std_srvs/cmake)
[0.682s] [31mCMake Error at /opt/ros/iron/share/rosidl_adapter/cmake/rosidl_adapt_interfaces.cmake:57 (message):
[0.682s]   execute_process(/usr/bin/python3.10 -m rosidl_adapter --package-name
[0.683s]   jibo_msgs --arguments-file
[0.684s]   /workspaces/jibo-workshop-fol2024/ros2_workspace/build/jibo_msgs/rosidl_adapter__arguments__jibo_msgs.json
[0.684s]   --output-dir
[0.684s]   /workspaces/jibo-workshop-fol2024/ros2_workspace/build/jibo_msgs/rosidl_adapter/jibo_msgs
[0.685s]   --output-file
[0.685s]   /workspaces/jibo-workshop-fol2024/ros2_workspace/build/jibo_msgs/rosidl_adapter/jibo_msgs.idls)
[0.685s]   returned error code 1:
[0.688s] 
[0.688s]   Error processing 'jibovec3 lookat' of 'jibo_msgs/JiboAction': ''jibovec3'
[0.688s]   is an invalid message name.  It should have the pattern
[0.689s]   '^[A-Z][A-Za-z0-9]*$''
[0.689s] 
[0.689s]   Traceback (most recent call last):
[0.690s] 
[0.690s]     File "/usr/lib/python3.10/runpy.py", line 196, in _run_module_as_main
[0.690s]       return _run_code(code, main_globals, None,
[0.690s]     File "/usr/lib/python3.10/runpy.py", line 86, in _run_code
[0.690s]       exec(code, run_globals)
[0.690s]     File "/opt/ros/iron/lib/python3.10/site-packages/rosidl_adapter/__main__.py", line 19, in <module>
[0.691s]       sys.exit(main())
[0.691s]     File "/opt/ros/iron/lib/python3.10/site-packages/rosidl_adapter/main.py", line 53, in main
[0.691s]       abs_idl_file = convert_to_idl(
[0.691s]     File "/opt/ros/iron/lib/python3.10/site-packages/rosidl_adapter/__init__.py", line 19, in convert_to_idl
[0.695s]       return convert_msg_to_idl(
[0.695s]     File "/opt/ros/iron/lib/python3.10/site-packages/rosidl_adapter/msg/__init__.py", line 28, in convert_msg_to_idl
[0.695s]       msg = parse_message_string(package_name, input_file.stem, content)
[0.695s]     File "/opt/ros/iron/lib/python3.10/site-packages/rosidl_adapter/parser.py", line 521, in parse_message_string
[0.696s]       Type(type_string, context_package_name=pkg_name),
[0.696s]     File "/opt/ros/iron/lib/python3.10/site-packages/rosidl_adapter/parser.py", line 278, in __init__
[0.696s]       super(Type, self).__init__(
[0.696s]     File "/opt/ros/iron/lib/python3.10/site-packages/rosidl_adapter/parser.py", line 206, in __init__
[0.697s]       raise InvalidResourceName(
[0.697s] 
[0.697s]   rosidl_adapter.parser.InvalidResourceName: 'jibovec3' is an invalid message
[0.697s]   name.  It should have the pattern '^[A-Z][A-Za-z0-9]*$'
[0.697s] 
[0.697s] Call Stack (most recent call first):
[0.698s]   /opt/ros/iron/share/rosidl_cmake/cmake/rosidl_generate_interfaces.cmake:132 (rosidl_adapt_interfaces)
[0.698s]   CMakeLists.txt:25 (rosidl_generate_interfaces)
[0.698s] 
[0.698s] [0m
[0.698s] -- Configuring incomplete, errors occurred!
[0.699s] See also "/workspaces/jibo-workshop-fol2024/ros2_workspace/build/jibo_msgs/CMakeFiles/CMakeOutput.log".
[0.721s] gmake: *** [Makefile:1895: cmake_check_build_system] Error 1
[0.726s] Invoked command in '/workspaces/jibo-workshop-fol2024/ros2_workspace/build/jibo_msgs' returned '2': CMAKE_PREFIX_PATH=/opt/ros/iron /usr/bin/cmake --build /workspaces/jibo-workshop-fol2024/ros2_workspace/build/jibo_msgs -- -j2 -l2
