[0.057s] Invoking command in '/workspaces/jibo-workshop-fol2024/ros2_workspace/build/jibo_msgs': CMAKE_PREFIX_PATH=/opt/ros/iron /usr/bin/cmake --build /workspaces/jibo-workshop-fol2024/ros2_workspace/build/jibo_msgs -- -j2 -l2
[0.097s] -- Found ament_cmake: 2.0.3 (/opt/ros/iron/share/ament_cmake/cmake)
[0.251s] -- Found ament_index_cpp: 1.5.2 (/opt/ros/iron/share/ament_index_cpp/cmake)
[0.252s] -- Found rosidl_default_generators: 1.5.0 (/opt/ros/iron/share/rosidl_default_generators/cmake)
[0.256s] -- Using all available rosidl_typesupport_c: rosidl_typesupport_fastrtps_c;rosidl_typesupport_introspection_c
[0.297s] -- Using all available rosidl_typesupport_cpp: rosidl_typesupport_fastrtps_cpp;rosidl_typesupport_introspection_cpp
[0.337s] -- Found rosidl_adapter: 4.0.1 (/opt/ros/iron/share/rosidl_adapter/cmake)
[0.342s] -- Found std_msgs: 5.0.0 (/opt/ros/iron/share/std_msgs/cmake)
[0.409s] -- Found std_srvs: 5.0.0 (/opt/ros/iron/share/std_srvs/cmake)
[0.885s] -- Found ament_cmake_ros: 0.11.2 (/opt/ros/iron/share/ament_cmake_ros/cmake)
[1.212s] -- Using all available rosidl_typesupport_c: rosidl_typesupport_fastrtps_c;rosidl_typesupport_introspection_c
[1.481s] -- Using all available rosidl_typesupport_cpp: rosidl_typesupport_fastrtps_cpp;rosidl_typesupport_introspection_cpp
[1.504s] -- Found python_cmake_module: 0.10.2 (/opt/ros/iron/share/python_cmake_module/cmake)
[1.531s] -- Using PYTHON_EXECUTABLE: /usr/bin/python3
[1.531s] -- Using PYTHON_INCLUDE_DIRS: /usr/include/python3.10
[1.531s] -- Using PYTHON_LIBRARIES: /usr/lib/x86_64-linux-gnu/libpython3.10.so
[1.573s] -- Configuring done
[1.662s] -- Generating done
[1.670s] -- Build files have been written to: /workspaces/jibo-workshop-fol2024/ros2_workspace/build/jibo_msgs
[1.789s] [  1%] [34m[1mGenerating type hashes for ROS interfaces[0m
[1.817s] [  1%] Built target ament_cmake_python_copy_jibo_msgs
[2.238s] running egg_info
[2.240s] writing jibo_msgs.egg-info/PKG-INFO
[2.240s] writing dependency_links to jibo_msgs.egg-info/dependency_links.txt
[2.240s] writing top-level names to jibo_msgs.egg-info/top_level.txt
[2.243s] reading manifest file 'jibo_msgs.egg-info/SOURCES.txt'
[2.243s] writing manifest file 'jibo_msgs.egg-info/SOURCES.txt'
[2.281s] [  1%] Built target ament_cmake_python_build_jibo_msgs_egg
[2.747s] Traceback (most recent call last):
[2.748s]   File "/opt/ros/iron/lib/rosidl_generator_type_description/rosidl_generator_type_description", line 50, in <module>
[2.749s]     sys.exit(main())
[2.749s]   File "/opt/ros/iron/lib/rosidl_generator_type_description/rosidl_generator_type_description", line 46, in main
[2.749s]     generate_type_hash(args.generator_arguments_file)
[2.750s]   File "/opt/ros/iron/lib/python3.10/site-packages/rosidl_generator_type_description/__init__.py", line 160, in generate_type_hash
[2.750s]     pkg_dir = include_map[pkg]
[2.752s] KeyError: 'std_msgs'
[2.776s] gmake[2]: *** [CMakeFiles/jibo_msgs__rosidl_generator_type_description.dir/build.make:83: rosidl_generator_type_description/jibo_msgs/msg/JiboAction.json] Error 1
[2.777s] gmake[1]: *** [CMakeFiles/Makefile2:215: CMakeFiles/jibo_msgs__rosidl_generator_type_description.dir/all] Error 2
[2.777s] gmake: *** [Makefile:146: all] Error 2
[2.781s] Invoked command in '/workspaces/jibo-workshop-fol2024/ros2_workspace/build/jibo_msgs' returned '2': CMAKE_PREFIX_PATH=/opt/ros/iron /usr/bin/cmake --build /workspaces/jibo-workshop-fol2024/ros2_workspace/build/jibo_msgs -- -j2 -l2
