[1.023s] DEBUG:colcon:Command line arguments: ['/usr/bin/colcon', 'build']
[1.023s] DEBUG:colcon:Parsed command line arguments: Namespace(log_base=None, log_level=None, verb_name='build', build_base='build', install_base='install', merge_install=False, symlink_install=False, test_result_base=None, continue_on_error=False, executor='parallel', parallel_workers=2, event_handlers=None, ignore_user_meta=False, metas=['./colcon.meta'], base_paths=['.'], packages_ignore=None, packages_ignore_regex=None, paths=None, packages_up_to=None, packages_up_to_regex=None, packages_above=None, packages_above_and_dependencies=None, packages_above_depth=None, packages_select_by_dep=None, packages_skip_by_dep=None, packages_skip_up_to=None, packages_select_build_failed=False, packages_skip_build_finished=False, packages_select_test_failures=False, packages_skip_test_passed=False, packages_select=None, packages_skip=None, packages_select_regex=None, packages_skip_regex=None, packages_start=None, packages_end=None, allow_overriding=[], cmake_args=None, cmake_target=None, cmake_target_skip_unavailable=False, cmake_clean_cache=False, cmake_clean_first=False, cmake_force_configure=False, ament_cmake_args=None, catkin_cmake_args=None, catkin_skip_building_tests=False, verb_parser=<colcon_defaults.argument_parser.defaults.DefaultArgumentsDecorator object at 0x7fd497f15d50>, verb_extension=<colcon_core.verb.build.BuildVerb object at 0x7fd497f14f40>, main=<bound method BuildVerb.main of <colcon_core.verb.build.BuildVerb object at 0x7fd497f14f40>>)
[1.072s] Level 1:colcon.colcon_core.package_discovery:discover_packages(colcon_meta) check parameters
[1.072s] Level 1:colcon.colcon_core.package_discovery:discover_packages(recursive) check parameters
[1.073s] Level 1:colcon.colcon_core.package_discovery:discover_packages(ignore) check parameters
[1.073s] Level 1:colcon.colcon_core.package_discovery:discover_packages(path) check parameters
[1.073s] Level 1:colcon.colcon_core.package_discovery:discover_packages(colcon_meta) discover
[1.073s] Level 1:colcon.colcon_core.package_discovery:discover_packages(recursive) discover
[1.073s] INFO:colcon.colcon_core.package_discovery:Crawling recursively for packages in '/workspaces/jibo-workshop-fol2024/ros2_workspace'
[1.073s] Level 1:colcon.colcon_core.package_identification:_identify(.) by extensions ['ignore', 'ignore_ament_install']
[1.073s] Level 1:colcon.colcon_core.package_identification:_identify(.) by extension 'ignore'
[1.073s] Level 1:colcon.colcon_core.package_identification:_identify(.) by extension 'ignore_ament_install'
[1.073s] Level 1:colcon.colcon_core.package_identification:_identify(.) by extensions ['colcon_pkg']
[1.073s] Level 1:colcon.colcon_core.package_identification:_identify(.) by extension 'colcon_pkg'
[1.073s] Level 1:colcon.colcon_core.package_identification:_identify(.) by extensions ['colcon_meta']
[1.074s] Level 1:colcon.colcon_core.package_identification:_identify(.) by extension 'colcon_meta'
[1.074s] Level 1:colcon.colcon_core.package_identification:_identify(.) by extensions ['ros']
[1.074s] Level 1:colcon.colcon_core.package_identification:_identify(.) by extension 'ros'
[1.085s] Level 1:colcon.colcon_core.package_identification:_identify(.) by extensions ['cmake', 'python']
[1.085s] Level 1:colcon.colcon_core.package_identification:_identify(.) by extension 'cmake'
[1.085s] Level 1:colcon.colcon_core.package_identification:_identify(.) by extension 'python'
[1.085s] Level 1:colcon.colcon_core.package_identification:_identify(.) by extensions ['python_setup_py']
[1.085s] Level 1:colcon.colcon_core.package_identification:_identify(.) by extension 'python_setup_py'
[1.086s] Level 1:colcon.colcon_core.package_identification:_identify(build) by extensions ['ignore', 'ignore_ament_install']
[1.086s] Level 1:colcon.colcon_core.package_identification:_identify(build) by extension 'ignore'
[1.086s] Level 1:colcon.colcon_core.package_identification:_identify(build) ignored
[1.086s] Level 1:colcon.colcon_core.package_identification:_identify(install) by extensions ['ignore', 'ignore_ament_install']
[1.086s] Level 1:colcon.colcon_core.package_identification:_identify(install) by extension 'ignore'
[1.086s] Level 1:colcon.colcon_core.package_identification:_identify(install) ignored
[1.087s] Level 1:colcon.colcon_core.package_identification:_identify(log) by extensions ['ignore', 'ignore_ament_install']
[1.087s] Level 1:colcon.colcon_core.package_identification:_identify(log) by extension 'ignore'
[1.087s] Level 1:colcon.colcon_core.package_identification:_identify(log) ignored
[1.087s] Level 1:colcon.colcon_core.package_identification:_identify(src) by extensions ['ignore', 'ignore_ament_install']
[1.087s] Level 1:colcon.colcon_core.package_identification:_identify(src) by extension 'ignore'
[1.087s] Level 1:colcon.colcon_core.package_identification:_identify(src) by extension 'ignore_ament_install'
[1.087s] Level 1:colcon.colcon_core.package_identification:_identify(src) by extensions ['colcon_pkg']
[1.087s] Level 1:colcon.colcon_core.package_identification:_identify(src) by extension 'colcon_pkg'
[1.087s] Level 1:colcon.colcon_core.package_identification:_identify(src) by extensions ['colcon_meta']
[1.087s] Level 1:colcon.colcon_core.package_identification:_identify(src) by extension 'colcon_meta'
[1.087s] Level 1:colcon.colcon_core.package_identification:_identify(src) by extensions ['ros']
[1.088s] Level 1:colcon.colcon_core.package_identification:_identify(src) by extension 'ros'
[1.088s] Level 1:colcon.colcon_core.package_identification:_identify(src) by extensions ['cmake', 'python']
[1.088s] Level 1:colcon.colcon_core.package_identification:_identify(src) by extension 'cmake'
[1.088s] Level 1:colcon.colcon_core.package_identification:_identify(src) by extension 'python'
[1.088s] Level 1:colcon.colcon_core.package_identification:_identify(src) by extensions ['python_setup_py']
[1.088s] Level 1:colcon.colcon_core.package_identification:_identify(src) by extension 'python_setup_py'
[1.088s] Level 1:colcon.colcon_core.package_identification:_identify(src/jibo_msgs) by extensions ['ignore', 'ignore_ament_install']
[1.088s] Level 1:colcon.colcon_core.package_identification:_identify(src/jibo_msgs) by extension 'ignore'
[1.088s] Level 1:colcon.colcon_core.package_identification:_identify(src/jibo_msgs) by extension 'ignore_ament_install'
[1.088s] Level 1:colcon.colcon_core.package_identification:_identify(src/jibo_msgs) by extensions ['colcon_pkg']
[1.088s] Level 1:colcon.colcon_core.package_identification:_identify(src/jibo_msgs) by extension 'colcon_pkg'
[1.089s] Level 1:colcon.colcon_core.package_identification:_identify(src/jibo_msgs) by extensions ['colcon_meta']
[1.089s] Level 1:colcon.colcon_core.package_identification:_identify(src/jibo_msgs) by extension 'colcon_meta'
[1.089s] Level 1:colcon.colcon_core.package_identification:_identify(src/jibo_msgs) by extensions ['ros']
[1.089s] Level 1:colcon.colcon_core.package_identification:_identify(src/jibo_msgs) by extension 'ros'
[1.091s] DEBUG:colcon.colcon_core.package_identification:Package 'src/jibo_msgs' with type 'ros.ament_cmake' and name 'jibo_msgs'
[1.091s] Level 1:colcon.colcon_core.package_discovery:discover_packages(recursive) using defaults
[1.091s] Level 1:colcon.colcon_core.package_discovery:discover_packages(ignore) discover
[1.091s] Level 1:colcon.colcon_core.package_discovery:discover_packages(ignore) using defaults
[1.091s] Level 1:colcon.colcon_core.package_discovery:discover_packages(path) discover
[1.091s] Level 1:colcon.colcon_core.package_discovery:discover_packages(path) using defaults
[1.186s] Level 1:colcon.colcon_core.package_discovery:discover_packages(prefix_path) check parameters
[1.186s] Level 1:colcon.colcon_core.package_discovery:discover_packages(prefix_path) discover
[1.214s] DEBUG:colcon.colcon_installed_package_information.package_discovery:Found 1 installed packages in /workspaces/jibo-workshop-fol2024/ros2_workspace/install
[1.229s] DEBUG:colcon.colcon_installed_package_information.package_discovery:Found 198 installed packages in /opt/ros/iron
[1.230s] Level 1:colcon.colcon_core.package_discovery:discover_packages(prefix_path) using defaults
[1.369s] Level 5:colcon.colcon_core.verb:set package 'jibo_msgs' build argument 'cmake_args' from command line to 'None'
[1.369s] Level 5:colcon.colcon_core.verb:set package 'jibo_msgs' build argument 'cmake_target' from command line to 'None'
[1.370s] Level 5:colcon.colcon_core.verb:set package 'jibo_msgs' build argument 'cmake_target_skip_unavailable' from command line to 'False'
[1.370s] Level 5:colcon.colcon_core.verb:set package 'jibo_msgs' build argument 'cmake_clean_cache' from command line to 'False'
[1.370s] Level 5:colcon.colcon_core.verb:set package 'jibo_msgs' build argument 'cmake_clean_first' from command line to 'False'
[1.370s] Level 5:colcon.colcon_core.verb:set package 'jibo_msgs' build argument 'cmake_force_configure' from command line to 'False'
[1.370s] Level 5:colcon.colcon_core.verb:set package 'jibo_msgs' build argument 'ament_cmake_args' from command line to 'None'
[1.370s] Level 5:colcon.colcon_core.verb:set package 'jibo_msgs' build argument 'catkin_cmake_args' from command line to 'None'
[1.370s] Level 5:colcon.colcon_core.verb:set package 'jibo_msgs' build argument 'catkin_skip_building_tests' from command line to 'False'
[1.370s] DEBUG:colcon.colcon_core.verb:Building package 'jibo_msgs' with the following arguments: {'ament_cmake_args': None, 'build_base': '/workspaces/jibo-workshop-fol2024/ros2_workspace/build/jibo_msgs', 'catkin_cmake_args': None, 'catkin_skip_building_tests': False, 'cmake_args': None, 'cmake_clean_cache': False, 'cmake_clean_first': False, 'cmake_force_configure': False, 'cmake_target': None, 'cmake_target_skip_unavailable': False, 'install_base': '/workspaces/jibo-workshop-fol2024/ros2_workspace/install/jibo_msgs', 'merge_install': False, 'path': '/workspaces/jibo-workshop-fol2024/ros2_workspace/src/jibo_msgs', 'symlink_install': False, 'test_result_base': None}
[1.389s] INFO:colcon.colcon_core.executor:Executing jobs using 'parallel' executor
[1.411s] DEBUG:colcon.colcon_parallel_executor.executor.parallel:run_until_complete
[1.412s] INFO:colcon.colcon_ros.task.ament_cmake.build:Building ROS package in '/workspaces/jibo-workshop-fol2024/ros2_workspace/src/jibo_msgs' with build type 'ament_cmake'
[1.412s] INFO:colcon.colcon_cmake.task.cmake.build:Building CMake package in '/workspaces/jibo-workshop-fol2024/ros2_workspace/src/jibo_msgs'
[1.430s] INFO:colcon.colcon_core.plugin_system:Skipping extension 'colcon_core.shell.bat': Not used on non-Windows systems
[1.431s] INFO:colcon.colcon_core.shell:Skip shell extension 'powershell' for command environment: Not usable outside of PowerShell
[1.431s] DEBUG:colcon.colcon_core.shell:Skip shell extension 'dsv' for command environment
[1.481s] DEBUG:colcon.colcon_core.event_handler.log_command:Invoking command in '/workspaces/jibo-workshop-fol2024/ros2_workspace/build/jibo_msgs': CMAKE_PREFIX_PATH=${CMAKE_PREFIX_PATH}:/opt/ros/iron /usr/bin/cmake --build /workspaces/jibo-workshop-fol2024/ros2_workspace/build/jibo_msgs -- -j2 -l2
[5.228s] DEBUG:colcon.colcon_core.event_handler.log_command:Invoked command in '/workspaces/jibo-workshop-fol2024/ros2_workspace/build/jibo_msgs' returned '0': CMAKE_PREFIX_PATH=${CMAKE_PREFIX_PATH}:/opt/ros/iron /usr/bin/cmake --build /workspaces/jibo-workshop-fol2024/ros2_workspace/build/jibo_msgs -- -j2 -l2
[5.478s] DEBUG:colcon.colcon_core.event_handler.log_command:Invoking command in '/workspaces/jibo-workshop-fol2024/ros2_workspace/build/jibo_msgs': CMAKE_PREFIX_PATH=${CMAKE_PREFIX_PATH}:/opt/ros/iron /usr/bin/cmake --install /workspaces/jibo-workshop-fol2024/ros2_workspace/build/jibo_msgs
[5.693s] Level 1:colcon.colcon_core.environment:create_environment_scripts_only(jibo_msgs)
[5.708s] DEBUG:colcon.colcon_core.event_handler.log_command:Invoked command in '/workspaces/jibo-workshop-fol2024/ros2_workspace/build/jibo_msgs' returned '0': CMAKE_PREFIX_PATH=${CMAKE_PREFIX_PATH}:/opt/ros/iron /usr/bin/cmake --install /workspaces/jibo-workshop-fol2024/ros2_workspace/build/jibo_msgs
[5.743s] Level 1:colcon.colcon_core.environment:checking '/workspaces/jibo-workshop-fol2024/ros2_workspace/install/jibo_msgs' for CMake module files
[5.745s] Level 1:colcon.colcon_core.environment:checking '/workspaces/jibo-workshop-fol2024/ros2_workspace/install/jibo_msgs' for CMake config files
[5.745s] Level 1:colcon.colcon_core.shell:create_environment_hook('jibo_msgs', 'cmake_prefix_path')
[5.793s] INFO:colcon.colcon_core.shell:Creating environment hook '/workspaces/jibo-workshop-fol2024/ros2_workspace/install/jibo_msgs/share/jibo_msgs/hook/cmake_prefix_path.ps1'
[5.794s] INFO:colcon.colcon_core.shell:Creating environment descriptor '/workspaces/jibo-workshop-fol2024/ros2_workspace/install/jibo_msgs/share/jibo_msgs/hook/cmake_prefix_path.dsv'
[5.802s] INFO:colcon.colcon_core.shell:Creating environment hook '/workspaces/jibo-workshop-fol2024/ros2_workspace/install/jibo_msgs/share/jibo_msgs/hook/cmake_prefix_path.sh'
[5.803s] Level 1:colcon.colcon_core.environment:checking '/workspaces/jibo-workshop-fol2024/ros2_workspace/install/jibo_msgs/lib'
[5.804s] Level 1:colcon.colcon_core.shell:create_environment_hook('jibo_msgs', 'ld_library_path_lib')
[5.822s] INFO:colcon.colcon_core.shell:Creating environment hook '/workspaces/jibo-workshop-fol2024/ros2_workspace/install/jibo_msgs/share/jibo_msgs/hook/ld_library_path_lib.ps1'
[5.823s] INFO:colcon.colcon_core.shell:Creating environment descriptor '/workspaces/jibo-workshop-fol2024/ros2_workspace/install/jibo_msgs/share/jibo_msgs/hook/ld_library_path_lib.dsv'
[5.824s] INFO:colcon.colcon_core.shell:Creating environment hook '/workspaces/jibo-workshop-fol2024/ros2_workspace/install/jibo_msgs/share/jibo_msgs/hook/ld_library_path_lib.sh'
[5.825s] Level 1:colcon.colcon_core.environment:checking '/workspaces/jibo-workshop-fol2024/ros2_workspace/install/jibo_msgs/bin'
[5.825s] Level 1:colcon.colcon_core.environment:checking '/workspaces/jibo-workshop-fol2024/ros2_workspace/install/jibo_msgs/lib/pkgconfig/jibo_msgs.pc'
[5.826s] Level 1:colcon.colcon_core.environment:checking '/workspaces/jibo-workshop-fol2024/ros2_workspace/install/jibo_msgs/lib/python3.10/site-packages'
[5.826s] Level 1:colcon.colcon_core.shell:create_environment_hook('jibo_msgs', 'pythonpath')
[5.844s] INFO:colcon.colcon_core.shell:Creating environment hook '/workspaces/jibo-workshop-fol2024/ros2_workspace/install/jibo_msgs/share/jibo_msgs/hook/pythonpath.ps1'
[5.845s] INFO:colcon.colcon_core.shell:Creating environment descriptor '/workspaces/jibo-workshop-fol2024/ros2_workspace/install/jibo_msgs/share/jibo_msgs/hook/pythonpath.dsv'
[5.846s] INFO:colcon.colcon_core.shell:Creating environment hook '/workspaces/jibo-workshop-fol2024/ros2_workspace/install/jibo_msgs/share/jibo_msgs/hook/pythonpath.sh'
[5.847s] Level 1:colcon.colcon_core.environment:checking '/workspaces/jibo-workshop-fol2024/ros2_workspace/install/jibo_msgs/bin'
[5.863s] INFO:colcon.colcon_core.shell:Creating package script '/workspaces/jibo-workshop-fol2024/ros2_workspace/install/jibo_msgs/share/jibo_msgs/package.ps1'
[5.865s] INFO:colcon.colcon_core.shell:Creating package descriptor '/workspaces/jibo-workshop-fol2024/ros2_workspace/install/jibo_msgs/share/jibo_msgs/package.dsv'
[5.866s] INFO:colcon.colcon_core.shell:Creating package script '/workspaces/jibo-workshop-fol2024/ros2_workspace/install/jibo_msgs/share/jibo_msgs/package.sh'
[5.868s] INFO:colcon.colcon_core.shell:Creating package script '/workspaces/jibo-workshop-fol2024/ros2_workspace/install/jibo_msgs/share/jibo_msgs/package.bash'
[5.869s] INFO:colcon.colcon_core.shell:Creating package script '/workspaces/jibo-workshop-fol2024/ros2_workspace/install/jibo_msgs/share/jibo_msgs/package.zsh'
[5.870s] Level 1:colcon.colcon_core.environment:create_file_with_runtime_dependencies(/workspaces/jibo-workshop-fol2024/ros2_workspace/install/jibo_msgs/share/colcon-core/packages/jibo_msgs)
[6.173s] Level 1:colcon.colcon_core.environment:create_environment_scripts_only(jibo_msgs)
[6.186s] Level 1:colcon.colcon_core.environment:checking '/workspaces/jibo-workshop-fol2024/ros2_workspace/install/jibo_msgs' for CMake module files
[6.187s] Level 1:colcon.colcon_core.environment:checking '/workspaces/jibo-workshop-fol2024/ros2_workspace/install/jibo_msgs' for CMake config files
[6.188s] Level 1:colcon.colcon_core.shell:create_environment_hook('jibo_msgs', 'cmake_prefix_path')
[6.209s] INFO:colcon.colcon_core.shell:Creating environment hook '/workspaces/jibo-workshop-fol2024/ros2_workspace/install/jibo_msgs/share/jibo_msgs/hook/cmake_prefix_path.ps1'
[6.210s] INFO:colcon.colcon_core.shell:Creating environment descriptor '/workspaces/jibo-workshop-fol2024/ros2_workspace/install/jibo_msgs/share/jibo_msgs/hook/cmake_prefix_path.dsv'
[6.210s] INFO:colcon.colcon_core.shell:Creating environment hook '/workspaces/jibo-workshop-fol2024/ros2_workspace/install/jibo_msgs/share/jibo_msgs/hook/cmake_prefix_path.sh'
[6.211s] Level 1:colcon.colcon_core.environment:checking '/workspaces/jibo-workshop-fol2024/ros2_workspace/install/jibo_msgs/lib'
[6.211s] Level 1:colcon.colcon_core.shell:create_environment_hook('jibo_msgs', 'ld_library_path_lib')
[6.224s] INFO:colcon.colcon_core.shell:Creating environment hook '/workspaces/jibo-workshop-fol2024/ros2_workspace/install/jibo_msgs/share/jibo_msgs/hook/ld_library_path_lib.ps1'
[6.225s] INFO:colcon.colcon_core.shell:Creating environment descriptor '/workspaces/jibo-workshop-fol2024/ros2_workspace/install/jibo_msgs/share/jibo_msgs/hook/ld_library_path_lib.dsv'
[6.226s] INFO:colcon.colcon_core.shell:Creating environment hook '/workspaces/jibo-workshop-fol2024/ros2_workspace/install/jibo_msgs/share/jibo_msgs/hook/ld_library_path_lib.sh'
[6.227s] Level 1:colcon.colcon_core.environment:checking '/workspaces/jibo-workshop-fol2024/ros2_workspace/install/jibo_msgs/bin'
[6.227s] Level 1:colcon.colcon_core.environment:checking '/workspaces/jibo-workshop-fol2024/ros2_workspace/install/jibo_msgs/lib/pkgconfig/jibo_msgs.pc'
[6.228s] Level 1:colcon.colcon_core.environment:checking '/workspaces/jibo-workshop-fol2024/ros2_workspace/install/jibo_msgs/lib/python3.10/site-packages'
[6.228s] Level 1:colcon.colcon_core.shell:create_environment_hook('jibo_msgs', 'pythonpath')
[6.244s] INFO:colcon.colcon_core.shell:Creating environment hook '/workspaces/jibo-workshop-fol2024/ros2_workspace/install/jibo_msgs/share/jibo_msgs/hook/pythonpath.ps1'
[6.245s] INFO:colcon.colcon_core.shell:Creating environment descriptor '/workspaces/jibo-workshop-fol2024/ros2_workspace/install/jibo_msgs/share/jibo_msgs/hook/pythonpath.dsv'
[6.246s] INFO:colcon.colcon_core.shell:Creating environment hook '/workspaces/jibo-workshop-fol2024/ros2_workspace/install/jibo_msgs/share/jibo_msgs/hook/pythonpath.sh'
[6.247s] Level 1:colcon.colcon_core.environment:checking '/workspaces/jibo-workshop-fol2024/ros2_workspace/install/jibo_msgs/bin'
[6.267s] INFO:colcon.colcon_core.shell:Creating package script '/workspaces/jibo-workshop-fol2024/ros2_workspace/install/jibo_msgs/share/jibo_msgs/package.ps1'
[6.269s] INFO:colcon.colcon_core.shell:Creating package descriptor '/workspaces/jibo-workshop-fol2024/ros2_workspace/install/jibo_msgs/share/jibo_msgs/package.dsv'
[6.270s] INFO:colcon.colcon_core.shell:Creating package script '/workspaces/jibo-workshop-fol2024/ros2_workspace/install/jibo_msgs/share/jibo_msgs/package.sh'
[6.271s] INFO:colcon.colcon_core.shell:Creating package script '/workspaces/jibo-workshop-fol2024/ros2_workspace/install/jibo_msgs/share/jibo_msgs/package.bash'
[6.272s] INFO:colcon.colcon_core.shell:Creating package script '/workspaces/jibo-workshop-fol2024/ros2_workspace/install/jibo_msgs/share/jibo_msgs/package.zsh'
[6.273s] Level 1:colcon.colcon_core.environment:create_file_with_runtime_dependencies(/workspaces/jibo-workshop-fol2024/ros2_workspace/install/jibo_msgs/share/colcon-core/packages/jibo_msgs)
[6.275s] DEBUG:colcon.colcon_parallel_executor.executor.parallel:closing loop
[6.276s] DEBUG:colcon.colcon_parallel_executor.executor.parallel:loop closed
[6.276s] DEBUG:colcon.colcon_parallel_executor.executor.parallel:run_until_complete finished with '0'
[6.276s] DEBUG:colcon.colcon_core.event_reactor:joining thread
[6.303s] INFO:colcon.colcon_core.plugin_system:Skipping extension 'colcon_notification.desktop_notification.notify_send': Could not find 'notify-send'
[6.303s] INFO:colcon.colcon_core.plugin_system:Skipping extension 'colcon_notification.desktop_notification.terminal_notifier': Not used on non-Darwin systems
[6.303s] INFO:colcon.colcon_core.plugin_system:Skipping extension 'colcon_notification.desktop_notification.win32': Not used on non-Windows systems
[6.303s] INFO:colcon.colcon_notification.desktop_notification:Sending desktop notification using 'notify2'
[6.304s] DEBUG:colcon.colcon_notification.desktop_notification.notify2:Failed to initialize notify2: org.freedesktop.DBus.Error.NotSupported: Unable to autolaunch a dbus-daemon without a $DISPLAY for X11
[6.304s] DEBUG:colcon.colcon_core.event_reactor:joined thread
[6.325s] INFO:colcon.colcon_core.shell:Creating prefix script '/workspaces/jibo-workshop-fol2024/ros2_workspace/install/local_setup.ps1'
[6.327s] INFO:colcon.colcon_core.shell:Creating prefix util module '/workspaces/jibo-workshop-fol2024/ros2_workspace/install/_local_setup_util_ps1.py'
[6.328s] INFO:colcon.colcon_core.shell:Creating prefix chain script '/workspaces/jibo-workshop-fol2024/ros2_workspace/install/setup.ps1'
[6.342s] INFO:colcon.colcon_core.shell:Creating prefix script '/workspaces/jibo-workshop-fol2024/ros2_workspace/install/local_setup.sh'
[6.343s] INFO:colcon.colcon_core.shell:Creating prefix util module '/workspaces/jibo-workshop-fol2024/ros2_workspace/install/_local_setup_util_sh.py'
[6.344s] INFO:colcon.colcon_core.shell:Creating prefix chain script '/workspaces/jibo-workshop-fol2024/ros2_workspace/install/setup.sh'
[6.358s] INFO:colcon.colcon_core.shell:Creating prefix script '/workspaces/jibo-workshop-fol2024/ros2_workspace/install/local_setup.bash'
[6.359s] INFO:colcon.colcon_core.shell:Creating prefix chain script '/workspaces/jibo-workshop-fol2024/ros2_workspace/install/setup.bash'
[6.373s] INFO:colcon.colcon_core.shell:Creating prefix script '/workspaces/jibo-workshop-fol2024/ros2_workspace/install/local_setup.zsh'
[6.374s] INFO:colcon.colcon_core.shell:Creating prefix chain script '/workspaces/jibo-workshop-fol2024/ros2_workspace/install/setup.zsh'
