[1.151s] DEBUG:colcon:Command line arguments: ['/usr/bin/colcon', 'build']
[1.151s] DEBUG:colcon:Parsed command line arguments: Namespace(log_base=None, log_level=None, verb_name='build', build_base='build', install_base='install', merge_install=False, symlink_install=False, test_result_base=None, continue_on_error=False, executor='parallel', parallel_workers=2, event_handlers=None, ignore_user_meta=False, metas=['./colcon.meta'], base_paths=['.'], packages_ignore=None, packages_ignore_regex=None, paths=None, packages_up_to=None, packages_up_to_regex=None, packages_above=None, packages_above_and_dependencies=None, packages_above_depth=None, packages_select_by_dep=None, packages_skip_by_dep=None, packages_skip_up_to=None, packages_select_build_failed=False, packages_skip_build_finished=False, packages_select_test_failures=False, packages_skip_test_passed=False, packages_select=None, packages_skip=None, packages_select_regex=None, packages_skip_regex=None, packages_start=None, packages_end=None, allow_overriding=[], cmake_args=None, cmake_target=None, cmake_target_skip_unavailable=False, cmake_clean_cache=False, cmake_clean_first=False, cmake_force_configure=False, ament_cmake_args=None, catkin_cmake_args=None, catkin_skip_building_tests=False, verb_parser=<colcon_defaults.argument_parser.defaults.DefaultArgumentsDecorator object at 0x7f15f2389570>, verb_extension=<colcon_core.verb.build.BuildVerb object at 0x7f15f238b310>, main=<bound method BuildVerb.main of <colcon_core.verb.build.BuildVerb object at 0x7f15f238b310>>)
[1.199s] Level 1:colcon.colcon_core.package_discovery:discover_packages(colcon_meta) check parameters
[1.199s] Level 1:colcon.colcon_core.package_discovery:discover_packages(recursive) check parameters
[1.200s] Level 1:colcon.colcon_core.package_discovery:discover_packages(ignore) check parameters
[1.200s] Level 1:colcon.colcon_core.package_discovery:discover_packages(path) check parameters
[1.200s] Level 1:colcon.colcon_core.package_discovery:discover_packages(colcon_meta) discover
[1.200s] Level 1:colcon.colcon_core.package_discovery:discover_packages(recursive) discover
[1.200s] INFO:colcon.colcon_core.package_discovery:Crawling recursively for packages in '/workspaces/jibo-workshop-fol2024/ros2_workspace'
[1.200s] Level 1:colcon.colcon_core.package_identification:_identify(.) by extensions ['ignore', 'ignore_ament_install']
[1.200s] Level 1:colcon.colcon_core.package_identification:_identify(.) by extension 'ignore'
[1.200s] Level 1:colcon.colcon_core.package_identification:_identify(.) by extension 'ignore_ament_install'
[1.200s] Level 1:colcon.colcon_core.package_identification:_identify(.) by extensions ['colcon_pkg']
[1.200s] Level 1:colcon.colcon_core.package_identification:_identify(.) by extension 'colcon_pkg'
[1.200s] Level 1:colcon.colcon_core.package_identification:_identify(.) by extensions ['colcon_meta']
[1.201s] Level 1:colcon.colcon_core.package_identification:_identify(.) by extension 'colcon_meta'
[1.201s] Level 1:colcon.colcon_core.package_identification:_identify(.) by extensions ['ros']
[1.201s] Level 1:colcon.colcon_core.package_identification:_identify(.) by extension 'ros'
[1.212s] Level 1:colcon.colcon_core.package_identification:_identify(.) by extensions ['cmake', 'python']
[1.212s] Level 1:colcon.colcon_core.package_identification:_identify(.) by extension 'cmake'
[1.212s] Level 1:colcon.colcon_core.package_identification:_identify(.) by extension 'python'
[1.212s] Level 1:colcon.colcon_core.package_identification:_identify(.) by extensions ['python_setup_py']
[1.212s] Level 1:colcon.colcon_core.package_identification:_identify(.) by extension 'python_setup_py'
[1.212s] Level 1:colcon.colcon_core.package_identification:_identify(build) by extensions ['ignore', 'ignore_ament_install']
[1.213s] Level 1:colcon.colcon_core.package_identification:_identify(build) by extension 'ignore'
[1.213s] Level 1:colcon.colcon_core.package_identification:_identify(build) ignored
[1.213s] Level 1:colcon.colcon_core.package_identification:_identify(install) by extensions ['ignore', 'ignore_ament_install']
[1.213s] Level 1:colcon.colcon_core.package_identification:_identify(install) by extension 'ignore'
[1.213s] Level 1:colcon.colcon_core.package_identification:_identify(install) ignored
[1.213s] Level 1:colcon.colcon_core.package_identification:_identify(log) by extensions ['ignore', 'ignore_ament_install']
[1.213s] Level 1:colcon.colcon_core.package_identification:_identify(log) by extension 'ignore'
[1.213s] Level 1:colcon.colcon_core.package_identification:_identify(log) ignored
[1.214s] Level 1:colcon.colcon_core.package_identification:_identify(src) by extensions ['ignore', 'ignore_ament_install']
[1.214s] Level 1:colcon.colcon_core.package_identification:_identify(src) by extension 'ignore'
[1.214s] Level 1:colcon.colcon_core.package_identification:_identify(src) by extension 'ignore_ament_install'
[1.214s] Level 1:colcon.colcon_core.package_identification:_identify(src) by extensions ['colcon_pkg']
[1.214s] Level 1:colcon.colcon_core.package_identification:_identify(src) by extension 'colcon_pkg'
[1.214s] Level 1:colcon.colcon_core.package_identification:_identify(src) by extensions ['colcon_meta']
[1.214s] Level 1:colcon.colcon_core.package_identification:_identify(src) by extension 'colcon_meta'
[1.214s] Level 1:colcon.colcon_core.package_identification:_identify(src) by extensions ['ros']
[1.214s] Level 1:colcon.colcon_core.package_identification:_identify(src) by extension 'ros'
[1.214s] Level 1:colcon.colcon_core.package_identification:_identify(src) by extensions ['cmake', 'python']
[1.214s] Level 1:colcon.colcon_core.package_identification:_identify(src) by extension 'cmake'
[1.215s] Level 1:colcon.colcon_core.package_identification:_identify(src) by extension 'python'
[1.215s] Level 1:colcon.colcon_core.package_identification:_identify(src) by extensions ['python_setup_py']
[1.215s] Level 1:colcon.colcon_core.package_identification:_identify(src) by extension 'python_setup_py'
[1.215s] Level 1:colcon.colcon_core.package_identification:_identify(src/jibo_msgs) by extensions ['ignore', 'ignore_ament_install']
[1.215s] Level 1:colcon.colcon_core.package_identification:_identify(src/jibo_msgs) by extension 'ignore'
[1.215s] Level 1:colcon.colcon_core.package_identification:_identify(src/jibo_msgs) by extension 'ignore_ament_install'
[1.215s] Level 1:colcon.colcon_core.package_identification:_identify(src/jibo_msgs) by extensions ['colcon_pkg']
[1.215s] Level 1:colcon.colcon_core.package_identification:_identify(src/jibo_msgs) by extension 'colcon_pkg'
[1.215s] Level 1:colcon.colcon_core.package_identification:_identify(src/jibo_msgs) by extensions ['colcon_meta']
[1.216s] Level 1:colcon.colcon_core.package_identification:_identify(src/jibo_msgs) by extension 'colcon_meta'
[1.216s] Level 1:colcon.colcon_core.package_identification:_identify(src/jibo_msgs) by extensions ['ros']
[1.216s] Level 1:colcon.colcon_core.package_identification:_identify(src/jibo_msgs) by extension 'ros'
[1.219s] DEBUG:colcon.colcon_core.package_identification:Package 'src/jibo_msgs' with type 'ros.ament_cmake' and name 'jibo_msgs'
[1.219s] Level 1:colcon.colcon_core.package_discovery:discover_packages(recursive) using defaults
[1.219s] Level 1:colcon.colcon_core.package_discovery:discover_packages(ignore) discover
[1.219s] Level 1:colcon.colcon_core.package_discovery:discover_packages(ignore) using defaults
[1.219s] Level 1:colcon.colcon_core.package_discovery:discover_packages(path) discover
[1.220s] Level 1:colcon.colcon_core.package_discovery:discover_packages(path) using defaults
[1.312s] Level 1:colcon.colcon_core.package_discovery:discover_packages(prefix_path) check parameters
[1.312s] Level 1:colcon.colcon_core.package_discovery:discover_packages(prefix_path) discover
[1.361s] DEBUG:colcon.colcon_installed_package_information.package_discovery:Found 198 installed packages in /opt/ros/iron
[1.362s] Level 1:colcon.colcon_core.package_discovery:discover_packages(prefix_path) using defaults
[1.433s] Level 5:colcon.colcon_core.verb:set package 'jibo_msgs' build argument 'cmake_args' from command line to 'None'
[1.433s] Level 5:colcon.colcon_core.verb:set package 'jibo_msgs' build argument 'cmake_target' from command line to 'None'
[1.433s] Level 5:colcon.colcon_core.verb:set package 'jibo_msgs' build argument 'cmake_target_skip_unavailable' from command line to 'False'
[1.433s] Level 5:colcon.colcon_core.verb:set package 'jibo_msgs' build argument 'cmake_clean_cache' from command line to 'False'
[1.433s] Level 5:colcon.colcon_core.verb:set package 'jibo_msgs' build argument 'cmake_clean_first' from command line to 'False'
[1.433s] Level 5:colcon.colcon_core.verb:set package 'jibo_msgs' build argument 'cmake_force_configure' from command line to 'False'
[1.433s] Level 5:colcon.colcon_core.verb:set package 'jibo_msgs' build argument 'ament_cmake_args' from command line to 'None'
[1.433s] Level 5:colcon.colcon_core.verb:set package 'jibo_msgs' build argument 'catkin_cmake_args' from command line to 'None'
[1.433s] Level 5:colcon.colcon_core.verb:set package 'jibo_msgs' build argument 'catkin_skip_building_tests' from command line to 'False'
[1.433s] DEBUG:colcon.colcon_core.verb:Building package 'jibo_msgs' with the following arguments: {'ament_cmake_args': None, 'build_base': '/workspaces/jibo-workshop-fol2024/ros2_workspace/build/jibo_msgs', 'catkin_cmake_args': None, 'catkin_skip_building_tests': False, 'cmake_args': None, 'cmake_clean_cache': False, 'cmake_clean_first': False, 'cmake_force_configure': False, 'cmake_target': None, 'cmake_target_skip_unavailable': False, 'install_base': '/workspaces/jibo-workshop-fol2024/ros2_workspace/install/jibo_msgs', 'merge_install': False, 'path': '/workspaces/jibo-workshop-fol2024/ros2_workspace/src/jibo_msgs', 'symlink_install': False, 'test_result_base': None}
[1.450s] INFO:colcon.colcon_core.executor:Executing jobs using 'parallel' executor
[1.464s] DEBUG:colcon.colcon_parallel_executor.executor.parallel:run_until_complete
[1.464s] INFO:colcon.colcon_ros.task.ament_cmake.build:Building ROS package in '/workspaces/jibo-workshop-fol2024/ros2_workspace/src/jibo_msgs' with build type 'ament_cmake'
[1.464s] INFO:colcon.colcon_cmake.task.cmake.build:Building CMake package in '/workspaces/jibo-workshop-fol2024/ros2_workspace/src/jibo_msgs'
[1.483s] INFO:colcon.colcon_core.plugin_system:Skipping extension 'colcon_core.shell.bat': Not used on non-Windows systems
[1.483s] INFO:colcon.colcon_core.shell:Skip shell extension 'powershell' for command environment: Not usable outside of PowerShell
[1.483s] DEBUG:colcon.colcon_core.shell:Skip shell extension 'dsv' for command environment
[1.524s] DEBUG:colcon.colcon_core.event_handler.log_command:Invoking command in '/workspaces/jibo-workshop-fol2024/ros2_workspace/build/jibo_msgs': CMAKE_PREFIX_PATH=/opt/ros/iron /usr/bin/cmake --build /workspaces/jibo-workshop-fol2024/ros2_workspace/build/jibo_msgs -- -j2 -l2
[4.248s] DEBUG:colcon.colcon_core.event_handler.log_command:Invoked command in '/workspaces/jibo-workshop-fol2024/ros2_workspace/build/jibo_msgs' returned '2': CMAKE_PREFIX_PATH=/opt/ros/iron /usr/bin/cmake --build /workspaces/jibo-workshop-fol2024/ros2_workspace/build/jibo_msgs -- -j2 -l2
[4.457s] Level 1:colcon.colcon_core.environment:create_environment_scripts_only(jibo_msgs)
[4.481s] Level 1:colcon.colcon_core.environment:checking '/workspaces/jibo-workshop-fol2024/ros2_workspace/install/jibo_msgs' for CMake module files
[4.482s] Level 1:colcon.colcon_core.environment:checking '/workspaces/jibo-workshop-fol2024/ros2_workspace/install/jibo_msgs' for CMake config files
[4.484s] Level 1:colcon.colcon_core.shell:create_environment_hook('jibo_msgs', 'cmake_prefix_path')
[4.522s] INFO:colcon.colcon_core.shell:Creating environment hook '/workspaces/jibo-workshop-fol2024/ros2_workspace/install/jibo_msgs/share/jibo_msgs/hook/cmake_prefix_path.ps1'
[4.524s] INFO:colcon.colcon_core.shell:Creating environment descriptor '/workspaces/jibo-workshop-fol2024/ros2_workspace/install/jibo_msgs/share/jibo_msgs/hook/cmake_prefix_path.dsv'
[4.524s] INFO:colcon.colcon_core.shell:Creating environment hook '/workspaces/jibo-workshop-fol2024/ros2_workspace/install/jibo_msgs/share/jibo_msgs/hook/cmake_prefix_path.sh'
[4.526s] Level 1:colcon.colcon_core.environment:checking '/workspaces/jibo-workshop-fol2024/ros2_workspace/install/jibo_msgs/lib'
[4.526s] Level 1:colcon.colcon_core.shell:create_environment_hook('jibo_msgs', 'ld_library_path_lib')
[4.559s] INFO:colcon.colcon_core.shell:Creating environment hook '/workspaces/jibo-workshop-fol2024/ros2_workspace/install/jibo_msgs/share/jibo_msgs/hook/ld_library_path_lib.ps1'
[4.561s] INFO:colcon.colcon_core.shell:Creating environment descriptor '/workspaces/jibo-workshop-fol2024/ros2_workspace/install/jibo_msgs/share/jibo_msgs/hook/ld_library_path_lib.dsv'
[4.562s] INFO:colcon.colcon_core.shell:Creating environment hook '/workspaces/jibo-workshop-fol2024/ros2_workspace/install/jibo_msgs/share/jibo_msgs/hook/ld_library_path_lib.sh'
[4.563s] Level 1:colcon.colcon_core.environment:checking '/workspaces/jibo-workshop-fol2024/ros2_workspace/install/jibo_msgs/bin'
[4.564s] Level 1:colcon.colcon_core.environment:checking '/workspaces/jibo-workshop-fol2024/ros2_workspace/install/jibo_msgs/lib/pkgconfig/jibo_msgs.pc'
[4.564s] Level 1:colcon.colcon_core.environment:checking '/workspaces/jibo-workshop-fol2024/ros2_workspace/install/jibo_msgs/lib/python3.10/site-packages'
[4.566s] Level 1:colcon.colcon_core.shell:create_environment_hook('jibo_msgs', 'pythonpath')
[4.595s] INFO:colcon.colcon_core.shell:Creating environment hook '/workspaces/jibo-workshop-fol2024/ros2_workspace/install/jibo_msgs/share/jibo_msgs/hook/pythonpath.ps1'
[4.596s] INFO:colcon.colcon_core.shell:Creating environment descriptor '/workspaces/jibo-workshop-fol2024/ros2_workspace/install/jibo_msgs/share/jibo_msgs/hook/pythonpath.dsv'
[4.597s] INFO:colcon.colcon_core.shell:Creating environment hook '/workspaces/jibo-workshop-fol2024/ros2_workspace/install/jibo_msgs/share/jibo_msgs/hook/pythonpath.sh'
[4.598s] Level 1:colcon.colcon_core.environment:checking '/workspaces/jibo-workshop-fol2024/ros2_workspace/install/jibo_msgs/bin'
[4.618s] INFO:colcon.colcon_core.shell:Creating package script '/workspaces/jibo-workshop-fol2024/ros2_workspace/install/jibo_msgs/share/jibo_msgs/package.ps1'
[4.620s] INFO:colcon.colcon_core.shell:Creating package descriptor '/workspaces/jibo-workshop-fol2024/ros2_workspace/install/jibo_msgs/share/jibo_msgs/package.dsv'
[4.622s] INFO:colcon.colcon_core.shell:Creating package script '/workspaces/jibo-workshop-fol2024/ros2_workspace/install/jibo_msgs/share/jibo_msgs/package.sh'
[4.623s] INFO:colcon.colcon_core.shell:Creating package script '/workspaces/jibo-workshop-fol2024/ros2_workspace/install/jibo_msgs/share/jibo_msgs/package.bash'
[4.625s] INFO:colcon.colcon_core.shell:Creating package script '/workspaces/jibo-workshop-fol2024/ros2_workspace/install/jibo_msgs/share/jibo_msgs/package.zsh'
[4.628s] Level 1:colcon.colcon_core.environment:create_file_with_runtime_dependencies(/workspaces/jibo-workshop-fol2024/ros2_workspace/install/jibo_msgs/share/colcon-core/packages/jibo_msgs)
[4.629s] DEBUG:colcon.colcon_parallel_executor.executor.parallel:closing loop
[4.630s] DEBUG:colcon.colcon_parallel_executor.executor.parallel:loop closed
[4.630s] DEBUG:colcon.colcon_parallel_executor.executor.parallel:run_until_complete finished with '2'
[4.631s] DEBUG:colcon.colcon_core.event_reactor:joining thread
[4.658s] INFO:colcon.colcon_core.plugin_system:Skipping extension 'colcon_notification.desktop_notification.notify_send': Could not find 'notify-send'
[4.658s] INFO:colcon.colcon_core.plugin_system:Skipping extension 'colcon_notification.desktop_notification.terminal_notifier': Not used on non-Darwin systems
[4.658s] INFO:colcon.colcon_core.plugin_system:Skipping extension 'colcon_notification.desktop_notification.win32': Not used on non-Windows systems
[4.659s] INFO:colcon.colcon_notification.desktop_notification:Sending desktop notification using 'notify2'
[4.659s] DEBUG:colcon.colcon_notification.desktop_notification.notify2:Failed to initialize notify2: org.freedesktop.DBus.Error.NotSupported: Unable to autolaunch a dbus-daemon without a $DISPLAY for X11
[4.659s] DEBUG:colcon.colcon_core.event_reactor:joined thread
[4.675s] INFO:colcon.colcon_core.shell:Creating prefix script '/workspaces/jibo-workshop-fol2024/ros2_workspace/install/local_setup.ps1'
[4.676s] INFO:colcon.colcon_core.shell:Creating prefix util module '/workspaces/jibo-workshop-fol2024/ros2_workspace/install/_local_setup_util_ps1.py'
[4.678s] INFO:colcon.colcon_core.shell:Creating prefix chain script '/workspaces/jibo-workshop-fol2024/ros2_workspace/install/setup.ps1'
[4.693s] INFO:colcon.colcon_core.shell:Creating prefix script '/workspaces/jibo-workshop-fol2024/ros2_workspace/install/local_setup.sh'
[4.694s] INFO:colcon.colcon_core.shell:Creating prefix util module '/workspaces/jibo-workshop-fol2024/ros2_workspace/install/_local_setup_util_sh.py'
[4.695s] INFO:colcon.colcon_core.shell:Creating prefix chain script '/workspaces/jibo-workshop-fol2024/ros2_workspace/install/setup.sh'
[4.710s] INFO:colcon.colcon_core.shell:Creating prefix script '/workspaces/jibo-workshop-fol2024/ros2_workspace/install/local_setup.bash'
[4.711s] INFO:colcon.colcon_core.shell:Creating prefix chain script '/workspaces/jibo-workshop-fol2024/ros2_workspace/install/setup.bash'
[4.725s] INFO:colcon.colcon_core.shell:Creating prefix script '/workspaces/jibo-workshop-fol2024/ros2_workspace/install/local_setup.zsh'
[4.725s] INFO:colcon.colcon_core.shell:Creating prefix chain script '/workspaces/jibo-workshop-fol2024/ros2_workspace/install/setup.zsh'
