[0.066s] Invoking command in '/workspaces/jibo-workshop-fol2024/ros2_workspace/build/jibo_msgs': CMAKE_PREFIX_PATH=${CMAKE_PREFIX_PATH}:/opt/ros/iron /usr/bin/cmake --build /workspaces/jibo-workshop-fol2024/ros2_workspace/build/jibo_msgs -- -j2 -l2
[0.100s] -- Found ament_cmake: 2.0.3 (/opt/ros/iron/share/ament_cmake/cmake)
[0.261s] -- Found ament_index_cpp: 1.5.2 (/opt/ros/iron/share/ament_index_cpp/cmake)
[0.262s] -- Found rosidl_default_generators: 1.5.0 (/opt/ros/iron/share/rosidl_default_generators/cmake)
[0.267s] -- Using all available rosidl_typesupport_c: rosidl_typesupport_fastrtps_c;rosidl_typesupport_introspection_c
[0.306s] -- Using all available rosidl_typesupport_cpp: rosidl_typesupport_fastrtps_cpp;rosidl_typesupport_introspection_cpp
[0.341s] -- Found rosidl_adapter: 4.0.1 (/opt/ros/iron/share/rosidl_adapter/cmake)
[0.347s] -- Found std_msgs: 5.0.0 (/opt/ros/iron/share/std_msgs/cmake)
[0.417s] -- Found std_srvs: 5.0.0 (/opt/ros/iron/share/std_srvs/cmake)
[1.115s] -- Found ament_cmake_ros: 0.11.2 (/opt/ros/iron/share/ament_cmake_ros/cmake)
[1.370s] -- Using all available rosidl_typesupport_c: rosidl_typesupport_fastrtps_c;rosidl_typesupport_introspection_c
[1.761s] -- Using all available rosidl_typesupport_cpp: rosidl_typesupport_fastrtps_cpp;rosidl_typesupport_introspection_cpp
[1.785s] -- Found python_cmake_module: 0.10.2 (/opt/ros/iron/share/python_cmake_module/cmake)
[1.808s] -- Using PYTHON_EXECUTABLE: /usr/bin/python3
[1.808s] -- Using PYTHON_INCLUDE_DIRS: /usr/include/python3.10
[1.808s] -- Using PYTHON_LIBRARIES: /usr/lib/x86_64-linux-gnu/libpython3.10.so
[1.853s] -- Configuring done
[1.946s] -- Generating done
[1.954s] -- Build files have been written to: /workspaces/jibo-workshop-fol2024/ros2_workspace/build/jibo_msgs
[2.056s] [  0%] Built target ament_cmake_python_copy_jibo_msgs
[2.080s] [  1%] [34m[1mGenerating type hashes for ROS interfaces[0m
[2.504s] running egg_info
[2.508s] writing jibo_msgs.egg-info/PKG-INFO
[2.510s] writing dependency_links to jibo_msgs.egg-info/dependency_links.txt
[2.513s] writing top-level names to jibo_msgs.egg-info/top_level.txt
[2.518s] reading manifest file 'jibo_msgs.egg-info/SOURCES.txt'
[2.521s] writing manifest file 'jibo_msgs.egg-info/SOURCES.txt'
[2.558s] [  1%] Built target ament_cmake_python_build_jibo_msgs_egg
[3.076s] Traceback (most recent call last):
[3.076s]   File "/opt/ros/iron/lib/rosidl_generator_type_description/rosidl_generator_type_description", line 50, in <module>
[3.078s]     sys.exit(main())
[3.078s]   File "/opt/ros/iron/lib/rosidl_generator_type_description/rosidl_generator_type_description", line 46, in main
[3.078s]     generate_type_hash(args.generator_arguments_file)
[3.078s]   File "/opt/ros/iron/lib/python3.10/site-packages/rosidl_generator_type_description/__init__.py", line 162, in generate_type_hash
[3.078s]     with include_path.open('r') as include_file:
[3.079s]   File "/usr/lib/python3.10/pathlib.py", line 1119, in open
[3.079s]     return self._accessor.open(self, mode, buffering, encoding, errors,
[3.079s] FileNotFoundError: [Errno 2] No such file or directory: '/workspaces/jibo-workshop-fol2024/ros2_workspace/build/jibo_msgs/rosidl_generator_type_description/jibo_msgs/msg/JiboVec3.json'
[3.103s] gmake[2]: *** [CMakeFiles/jibo_msgs__rosidl_generator_type_description.dir/build.make:83: rosidl_generator_type_description/jibo_msgs/msg/JiboAction.json] Error 1
[3.103s] gmake[1]: *** [CMakeFiles/Makefile2:215: CMakeFiles/jibo_msgs__rosidl_generator_type_description.dir/all] Error 2
[3.105s] gmake: *** [Makefile:146: all] Error 2
[3.108s] Invoked command in '/workspaces/jibo-workshop-fol2024/ros2_workspace/build/jibo_msgs' returned '2': CMAKE_PREFIX_PATH=${CMAKE_PREFIX_PATH}:/opt/ros/iron /usr/bin/cmake --build /workspaces/jibo-workshop-fol2024/ros2_workspace/build/jibo_msgs -- -j2 -l2
