[0.073s] Invoking command in '/workspaces/jibo-workshop-fol2024/ros2_workspace/build/jibo_msgs': CMAKE_PREFIX_PATH=${CMAKE_PREFIX_PATH}:/opt/ros/iron /usr/bin/cmake --build /workspaces/jibo-workshop-fol2024/ros2_workspace/build/jibo_msgs -- -j2 -l2
[0.125s] -- Found ament_cmake: 2.0.3 (/opt/ros/iron/share/ament_cmake/cmake)
[0.369s] -- Found ament_index_cpp: 1.5.2 (/opt/ros/iron/share/ament_index_cpp/cmake)
[0.372s] -- Found rosidl_default_generators: 1.5.0 (/opt/ros/iron/share/rosidl_default_generators/cmake)
[0.378s] -- Using all available rosidl_typesupport_c: rosidl_typesupport_fastrtps_c;rosidl_typesupport_introspection_c
[0.419s] -- Using all available rosidl_typesupport_cpp: rosidl_typesupport_fastrtps_cpp;rosidl_typesupport_introspection_cpp
[0.465s] -- Found rosidl_adapter: 4.0.1 (/opt/ros/iron/share/rosidl_adapter/cmake)
[0.473s] -- Found std_msgs: 5.0.0 (/opt/ros/iron/share/std_msgs/cmake)
[0.545s] -- Found std_srvs: 5.0.0 (/opt/ros/iron/share/std_srvs/cmake)
[1.171s] -- Found ament_cmake_ros: 0.11.2 (/opt/ros/iron/share/ament_cmake_ros/cmake)
[1.413s] -- Using all available rosidl_typesupport_c: rosidl_typesupport_fastrtps_c;rosidl_typesupport_introspection_c
[1.906s] -- Using all available rosidl_typesupport_cpp: rosidl_typesupport_fastrtps_cpp;rosidl_typesupport_introspection_cpp
[1.938s] -- Found python_cmake_module: 0.10.2 (/opt/ros/iron/share/python_cmake_module/cmake)
[1.962s] -- Using PYTHON_EXECUTABLE: /usr/bin/python3
[1.962s] -- Using PYTHON_INCLUDE_DIRS: /usr/include/python3.10
[1.962s] -- Using PYTHON_LIBRARIES: /usr/lib/x86_64-linux-gnu/libpython3.10.so
[2.004s] -- Configuring done
[2.113s] -- Generating done
[2.136s] -- Build files have been written to: /workspaces/jibo-workshop-fol2024/ros2_workspace/build/jibo_msgs
[2.285s] [  1%] [34m[1mGenerating type hashes for ROS interfaces[0m
[2.329s] [  1%] Built target ament_cmake_python_copy_jibo_msgs
[2.860s] running egg_info
[2.861s] writing jibo_msgs.egg-info/PKG-INFO
[2.861s] writing dependency_links to jibo_msgs.egg-info/dependency_links.txt
[2.864s] writing top-level names to jibo_msgs.egg-info/top_level.txt
[2.864s] reading manifest file 'jibo_msgs.egg-info/SOURCES.txt'
[2.867s] writing manifest file 'jibo_msgs.egg-info/SOURCES.txt'
[2.907s] [  1%] Built target ament_cmake_python_build_jibo_msgs_egg
[3.676s] [  1%] Built target jibo_msgs__rosidl_generator_type_description
[3.692s] [  2%] [34m[1mGenerating C code for ROS interfaces[0m
[3.708s] [  3%] [34m[1mGenerating C++ code for ROS interfaces[0m
[6.127s] [  3%] Built target jibo_msgs__cpp
[6.557s] [35m[1mConsolidate compiler generated dependencies of target jibo_msgs__rosidl_generator_c[0m
[6.609s] [  4%] [32mBuilding C object CMakeFiles/jibo_msgs__rosidl_generator_c.dir/rosidl_generator_c/jibo_msgs/msg/detail/jibo_action__description.c.o[0m
[6.610s] [  5%] [32mBuilding C object CMakeFiles/jibo_msgs__rosidl_generator_c.dir/rosidl_generator_c/jibo_msgs/msg/detail/jibo_action__functions.c.o[0m
[6.700s] [  7%] [32mBuilding C object CMakeFiles/jibo_msgs__rosidl_generator_c.dir/rosidl_generator_c/jibo_msgs/msg/detail/jibo_action__type_support.c.o[0m
[6.708s] [  8%] [32mBuilding C object CMakeFiles/jibo_msgs__rosidl_generator_c.dir/rosidl_generator_c/jibo_msgs/msg/detail/jibo_asr_command__description.c.o[0m
[6.777s] [  9%] [32mBuilding C object CMakeFiles/jibo_msgs__rosidl_generator_c.dir/rosidl_generator_c/jibo_msgs/msg/detail/jibo_asr_command__functions.c.o[0m
[6.783s] [ 10%] [32mBuilding C object CMakeFiles/jibo_msgs__rosidl_generator_c.dir/rosidl_generator_c/jibo_msgs/msg/detail/jibo_asr_command__type_support.c.o[0m
[6.844s] [ 11%] [32mBuilding C object CMakeFiles/jibo_msgs__rosidl_generator_c.dir/rosidl_generator_c/jibo_msgs/msg/detail/jibo_asr_result__description.c.o[0m
[6.893s] [ 13%] [32mBuilding C object CMakeFiles/jibo_msgs__rosidl_generator_c.dir/rosidl_generator_c/jibo_msgs/msg/detail/jibo_asr_result__functions.c.o[0m
[6.948s] [ 14%] [32mBuilding C object CMakeFiles/jibo_msgs__rosidl_generator_c.dir/rosidl_generator_c/jibo_msgs/msg/detail/jibo_asr_result__type_support.c.o[0m
[7.001s] [ 15%] [32mBuilding C object CMakeFiles/jibo_msgs__rosidl_generator_c.dir/rosidl_generator_c/jibo_msgs/msg/detail/jibo_remote__description.c.o[0m
[7.013s] [ 16%] [32mBuilding C object CMakeFiles/jibo_msgs__rosidl_generator_c.dir/rosidl_generator_c/jibo_msgs/msg/detail/jibo_remote__functions.c.o[0m
[7.083s] [ 17%] [32mBuilding C object CMakeFiles/jibo_msgs__rosidl_generator_c.dir/rosidl_generator_c/jibo_msgs/msg/detail/jibo_remote__type_support.c.o[0m
[7.113s] [ 19%] [32mBuilding C object CMakeFiles/jibo_msgs__rosidl_generator_c.dir/rosidl_generator_c/jibo_msgs/msg/detail/jibo_state__description.c.o[0m
[7.152s] [ 20%] [32mBuilding C object CMakeFiles/jibo_msgs__rosidl_generator_c.dir/rosidl_generator_c/jibo_msgs/msg/detail/jibo_state__functions.c.o[0m
[7.207s] [ 21%] [32mBuilding C object CMakeFiles/jibo_msgs__rosidl_generator_c.dir/rosidl_generator_c/jibo_msgs/msg/detail/jibo_state__type_support.c.o[0m
[7.236s] [ 22%] [32mBuilding C object CMakeFiles/jibo_msgs__rosidl_generator_c.dir/rosidl_generator_c/jibo_msgs/msg/detail/jibo_vec3__description.c.o[0m
[7.280s] [ 23%] [32mBuilding C object CMakeFiles/jibo_msgs__rosidl_generator_c.dir/rosidl_generator_c/jibo_msgs/msg/detail/jibo_vec3__functions.c.o[0m
[7.308s] [ 25%] [32mBuilding C object CMakeFiles/jibo_msgs__rosidl_generator_c.dir/rosidl_generator_c/jibo_msgs/msg/detail/jibo_vec3__type_support.c.o[0m
[7.369s] [ 26%] [32m[1mLinking C shared library libjibo_msgs__rosidl_generator_c.so[0m
[7.461s] [ 26%] Built target jibo_msgs__rosidl_generator_c
[7.486s] [ 27%] [34m[1mGenerating C++ type support dispatch for ROS interfaces[0m
[7.500s] [ 28%] [34m[1mGenerating C type support for eProsima Fast-RTPS[0m
[9.113s] [35m[1mConsolidate compiler generated dependencies of target jibo_msgs__rosidl_typesupport_cpp[0m
[9.232s] [ 29%] [32mBuilding CXX object CMakeFiles/jibo_msgs__rosidl_typesupport_cpp.dir/rosidl_typesupport_cpp/jibo_msgs/msg/jibo_action__type_support.cpp.o[0m
[9.394s] [35m[1mConsolidate compiler generated dependencies of target jibo_msgs__rosidl_typesupport_fastrtps_c[0m
[9.523s] [ 30%] [32mBuilding CXX object CMakeFiles/jibo_msgs__rosidl_typesupport_fastrtps_c.dir/rosidl_typesupport_fastrtps_c/jibo_msgs/msg/detail/jibo_action__type_support_c.cpp.o[0m
[10.029s] [ 32%] [32mBuilding CXX object CMakeFiles/jibo_msgs__rosidl_typesupport_cpp.dir/rosidl_typesupport_cpp/jibo_msgs/msg/jibo_asr_command__type_support.cpp.o[0m
[10.264s] [ 33%] [32mBuilding CXX object CMakeFiles/jibo_msgs__rosidl_typesupport_fastrtps_c.dir/rosidl_typesupport_fastrtps_c/jibo_msgs/msg/detail/jibo_asr_command__type_support_c.cpp.o[0m
[10.765s] [ 34%] [32mBuilding CXX object CMakeFiles/jibo_msgs__rosidl_typesupport_cpp.dir/rosidl_typesupport_cpp/jibo_msgs/msg/jibo_asr_result__type_support.cpp.o[0m
[11.084s] [ 35%] [32mBuilding CXX object CMakeFiles/jibo_msgs__rosidl_typesupport_fastrtps_c.dir/rosidl_typesupport_fastrtps_c/jibo_msgs/msg/detail/jibo_asr_result__type_support_c.cpp.o[0m
[11.663s] [ 36%] [32mBuilding CXX object CMakeFiles/jibo_msgs__rosidl_typesupport_cpp.dir/rosidl_typesupport_cpp/jibo_msgs/msg/jibo_remote__type_support.cpp.o[0m
[11.778s] [ 38%] [32mBuilding CXX object CMakeFiles/jibo_msgs__rosidl_typesupport_fastrtps_c.dir/rosidl_typesupport_fastrtps_c/jibo_msgs/msg/detail/jibo_remote__type_support_c.cpp.o[0m
[12.378s] [ 39%] [32mBuilding CXX object CMakeFiles/jibo_msgs__rosidl_typesupport_cpp.dir/rosidl_typesupport_cpp/jibo_msgs/msg/jibo_state__type_support.cpp.o[0m
[12.391s] [ 40%] [32mBuilding CXX object CMakeFiles/jibo_msgs__rosidl_typesupport_fastrtps_c.dir/rosidl_typesupport_fastrtps_c/jibo_msgs/msg/detail/jibo_state__type_support_c.cpp.o[0m
[12.999s] [ 41%] [32mBuilding CXX object CMakeFiles/jibo_msgs__rosidl_typesupport_cpp.dir/rosidl_typesupport_cpp/jibo_msgs/msg/jibo_vec3__type_support.cpp.o[0m
[13.041s] [ 42%] [32mBuilding CXX object CMakeFiles/jibo_msgs__rosidl_typesupport_fastrtps_c.dir/rosidl_typesupport_fastrtps_c/jibo_msgs/msg/detail/jibo_vec3__type_support_c.cpp.o[0m
[13.636s] [ 44%] [32m[1mLinking CXX shared library libjibo_msgs__rosidl_typesupport_fastrtps_c.so[0m
[13.731s] [ 45%] [32m[1mLinking CXX shared library libjibo_msgs__rosidl_typesupport_cpp.so[0m
[13.750s] [ 45%] Built target jibo_msgs__rosidl_typesupport_fastrtps_c
[13.769s] [ 46%] [34m[1mGenerating C introspection for ROS interfaces[0m
[13.810s] [ 46%] Built target jibo_msgs__rosidl_typesupport_cpp
[13.829s] [ 47%] [34m[1mGenerating C type support dispatch for ROS interfaces[0m
[15.555s] [35m[1mConsolidate compiler generated dependencies of target jibo_msgs__rosidl_typesupport_c[0m
[15.607s] [ 48%] [32mBuilding CXX object CMakeFiles/jibo_msgs__rosidl_typesupport_c.dir/rosidl_typesupport_c/jibo_msgs/msg/jibo_action__type_support.cpp.o[0m
[15.718s] [ 50%] [32mBuilding CXX object CMakeFiles/jibo_msgs__rosidl_typesupport_c.dir/rosidl_typesupport_c/jibo_msgs/msg/jibo_asr_command__type_support.cpp.o[0m
[15.938s] [35m[1mConsolidate compiler generated dependencies of target jibo_msgs__rosidl_typesupport_introspection_c[0m
[15.955s] [ 51%] [32mBuilding CXX object CMakeFiles/jibo_msgs__rosidl_typesupport_c.dir/rosidl_typesupport_c/jibo_msgs/msg/jibo_asr_result__type_support.cpp.o[0m
[15.995s] [ 52%] [32mBuilding C object CMakeFiles/jibo_msgs__rosidl_typesupport_introspection_c.dir/rosidl_typesupport_introspection_c/jibo_msgs/msg/detail/jibo_action__type_support.c.o[0m
[16.067s] [ 53%] [32mBuilding CXX object CMakeFiles/jibo_msgs__rosidl_typesupport_c.dir/rosidl_typesupport_c/jibo_msgs/msg/jibo_remote__type_support.cpp.o[0m
[16.070s] [ 54%] [32mBuilding C object CMakeFiles/jibo_msgs__rosidl_typesupport_introspection_c.dir/rosidl_typesupport_introspection_c/jibo_msgs/msg/detail/jibo_asr_command__type_support.c.o[0m
[16.149s] [ 55%] [32mBuilding C object CMakeFiles/jibo_msgs__rosidl_typesupport_introspection_c.dir/rosidl_typesupport_introspection_c/jibo_msgs/msg/detail/jibo_asr_result__type_support.c.o[0m
[16.184s] [ 57%] [32mBuilding CXX object CMakeFiles/jibo_msgs__rosidl_typesupport_c.dir/rosidl_typesupport_c/jibo_msgs/msg/jibo_state__type_support.cpp.o[0m
[16.225s] [ 58%] [32mBuilding C object CMakeFiles/jibo_msgs__rosidl_typesupport_introspection_c.dir/rosidl_typesupport_introspection_c/jibo_msgs/msg/detail/jibo_remote__type_support.c.o[0m
[16.290s] [ 59%] [32mBuilding CXX object CMakeFiles/jibo_msgs__rosidl_typesupport_c.dir/rosidl_typesupport_c/jibo_msgs/msg/jibo_vec3__type_support.cpp.o[0m
[16.409s] [ 60%] [32mBuilding C object CMakeFiles/jibo_msgs__rosidl_typesupport_introspection_c.dir/rosidl_typesupport_introspection_c/jibo_msgs/msg/detail/jibo_state__type_support.c.o[0m
[16.466s] [ 61%] [32m[1mLinking CXX shared library libjibo_msgs__rosidl_typesupport_c.so[0m
[16.534s] [ 63%] [32mBuilding C object CMakeFiles/jibo_msgs__rosidl_typesupport_introspection_c.dir/rosidl_typesupport_introspection_c/jibo_msgs/msg/detail/jibo_vec3__type_support.c.o[0m
[16.555s] [ 63%] Built target jibo_msgs__rosidl_typesupport_c
[16.571s] [ 64%] [34m[1mGenerating C++ type support for eProsima Fast-RTPS[0m
[16.634s] [ 65%] [32m[1mLinking C shared library libjibo_msgs__rosidl_typesupport_introspection_c.so[0m
[16.720s] [ 65%] Built target jibo_msgs__rosidl_typesupport_introspection_c
[16.739s] [ 66%] [34m[1mGenerating C++ introspection for ROS interfaces[0m
[18.636s] [35m[1mConsolidate compiler generated dependencies of target jibo_msgs__rosidl_typesupport_fastrtps_cpp[0m
[18.650s] [35m[1mConsolidate compiler generated dependencies of target jibo_msgs__rosidl_typesupport_introspection_cpp[0m
[18.788s] [ 67%] [32mBuilding CXX object CMakeFiles/jibo_msgs__rosidl_typesupport_fastrtps_cpp.dir/rosidl_typesupport_fastrtps_cpp/jibo_msgs/msg/detail/dds_fastrtps/jibo_action__type_support.cpp.o[0m
[18.793s] [ 69%] [32mBuilding CXX object CMakeFiles/jibo_msgs__rosidl_typesupport_introspection_cpp.dir/rosidl_typesupport_introspection_cpp/jibo_msgs/msg/detail/jibo_action__type_support.cpp.o[0m
[19.590s] [ 70%] [32mBuilding CXX object CMakeFiles/jibo_msgs__rosidl_typesupport_introspection_cpp.dir/rosidl_typesupport_introspection_cpp/jibo_msgs/msg/detail/jibo_asr_command__type_support.cpp.o[0m
[19.970s] [ 71%] [32mBuilding CXX object CMakeFiles/jibo_msgs__rosidl_typesupport_fastrtps_cpp.dir/rosidl_typesupport_fastrtps_cpp/jibo_msgs/msg/detail/dds_fastrtps/jibo_asr_command__type_support.cpp.o[0m
[20.294s] [ 72%] [32mBuilding CXX object CMakeFiles/jibo_msgs__rosidl_typesupport_introspection_cpp.dir/rosidl_typesupport_introspection_cpp/jibo_msgs/msg/detail/jibo_asr_result__type_support.cpp.o[0m
[20.982s] [ 73%] [32mBuilding CXX object CMakeFiles/jibo_msgs__rosidl_typesupport_fastrtps_cpp.dir/rosidl_typesupport_fastrtps_cpp/jibo_msgs/msg/detail/dds_fastrtps/jibo_asr_result__type_support.cpp.o[0m
[21.246s] [ 75%] [32mBuilding CXX object CMakeFiles/jibo_msgs__rosidl_typesupport_introspection_cpp.dir/rosidl_typesupport_introspection_cpp/jibo_msgs/msg/detail/jibo_remote__type_support.cpp.o[0m
[22.108s] [ 76%] [32mBuilding CXX object CMakeFiles/jibo_msgs__rosidl_typesupport_introspection_cpp.dir/rosidl_typesupport_introspection_cpp/jibo_msgs/msg/detail/jibo_state__type_support.cpp.o[0m
[22.121s] [ 77%] [32mBuilding CXX object CMakeFiles/jibo_msgs__rosidl_typesupport_fastrtps_cpp.dir/rosidl_typesupport_fastrtps_cpp/jibo_msgs/msg/detail/dds_fastrtps/jibo_remote__type_support.cpp.o[0m
[22.793s] [ 78%] [32mBuilding CXX object CMakeFiles/jibo_msgs__rosidl_typesupport_introspection_cpp.dir/rosidl_typesupport_introspection_cpp/jibo_msgs/msg/detail/jibo_vec3__type_support.cpp.o[0m
[22.996s] [ 79%] [32mBuilding CXX object CMakeFiles/jibo_msgs__rosidl_typesupport_fastrtps_cpp.dir/rosidl_typesupport_fastrtps_cpp/jibo_msgs/msg/detail/dds_fastrtps/jibo_state__type_support.cpp.o[0m
[23.531s] [ 80%] [32m[1mLinking CXX shared library libjibo_msgs__rosidl_typesupport_introspection_cpp.so[0m
[23.646s] [ 80%] Built target jibo_msgs__rosidl_typesupport_introspection_cpp
[23.662s] [ 82%] [32mBuilding CXX object CMakeFiles/jibo_msgs__rosidl_typesupport_fastrtps_cpp.dir/rosidl_typesupport_fastrtps_cpp/jibo_msgs/msg/detail/dds_fastrtps/jibo_vec3__type_support.cpp.o[0m
[24.338s] [ 83%] [32m[1mLinking CXX shared library libjibo_msgs__rosidl_typesupport_fastrtps_cpp.so[0m
[24.426s] [ 83%] Built target jibo_msgs__rosidl_typesupport_fastrtps_cpp
[24.449s] [ 83%] Built target jibo_msgs
[24.472s] [ 84%] [34m[1mGenerating Python code for ROS interfaces[0m
[26.597s] [ 84%] Built target jibo_msgs__py
[26.610s] [35m[1mConsolidate compiler generated dependencies of target jibo_msgs__rosidl_generator_py[0m
[26.678s] [ 86%] [32mBuilding C object CMakeFiles/jibo_msgs__rosidl_generator_py.dir/rosidl_generator_py/jibo_msgs/msg/_jibo_asr_command_s.c.o[0m
[26.680s] [ 86%] [32mBuilding C object CMakeFiles/jibo_msgs__rosidl_generator_py.dir/rosidl_generator_py/jibo_msgs/msg/_jibo_action_s.c.o[0m
[26.884s] [ 88%] [32mBuilding C object CMakeFiles/jibo_msgs__rosidl_generator_py.dir/rosidl_generator_py/jibo_msgs/msg/_jibo_asr_result_s.c.o[0m
[26.905s] [ 89%] [32mBuilding C object CMakeFiles/jibo_msgs__rosidl_generator_py.dir/rosidl_generator_py/jibo_msgs/msg/_jibo_remote_s.c.o[0m
[27.138s] [ 90%] [32mBuilding C object CMakeFiles/jibo_msgs__rosidl_generator_py.dir/rosidl_generator_py/jibo_msgs/msg/_jibo_state_s.c.o[0m
[27.160s] [ 91%] [32mBuilding C object CMakeFiles/jibo_msgs__rosidl_generator_py.dir/rosidl_generator_py/jibo_msgs/msg/_jibo_vec3_s.c.o[0m
[27.376s] [ 92%] [32m[1mLinking C shared library rosidl_generator_py/jibo_msgs/libjibo_msgs__rosidl_generator_py.so[0m
[27.445s] [ 92%] Built target jibo_msgs__rosidl_generator_py
[27.479s] [35m[1mConsolidate compiler generated dependencies of target jibo_msgs__rosidl_typesupport_fastrtps_c__pyext[0m
[27.511s] [35m[1mConsolidate compiler generated dependencies of target jibo_msgs__rosidl_typesupport_introspection_c__pyext[0m
[27.571s] [ 94%] [32mBuilding C object CMakeFiles/jibo_msgs__rosidl_typesupport_fastrtps_c__pyext.dir/rosidl_generator_py/jibo_msgs/_jibo_msgs_s.ep.rosidl_typesupport_fastrtps_c.c.o[0m
[27.633s] [ 95%] [32mBuilding C object CMakeFiles/jibo_msgs__rosidl_typesupport_introspection_c__pyext.dir/rosidl_generator_py/jibo_msgs/_jibo_msgs_s.ep.rosidl_typesupport_introspection_c.c.o[0m
[27.994s] [ 96%] [32m[1mLinking C shared library rosidl_generator_py/jibo_msgs/jibo_msgs_s__rosidl_typesupport_introspection_c.cpython-310-x86_64-linux-gnu.so[0m
[28.024s] [ 97%] [32m[1mLinking C shared library rosidl_generator_py/jibo_msgs/jibo_msgs_s__rosidl_typesupport_fastrtps_c.cpython-310-x86_64-linux-gnu.so[0m
[28.089s] [ 97%] Built target jibo_msgs__rosidl_typesupport_introspection_c__pyext
[28.096s] [ 97%] Built target jibo_msgs__rosidl_typesupport_fastrtps_c__pyext
[28.106s] [35m[1mConsolidate compiler generated dependencies of target jibo_msgs__rosidl_typesupport_c__pyext[0m
[28.132s] [ 98%] [32mBuilding C object CMakeFiles/jibo_msgs__rosidl_typesupport_c__pyext.dir/rosidl_generator_py/jibo_msgs/_jibo_msgs_s.ep.rosidl_typesupport_c.c.o[0m
[28.291s] [100%] [32m[1mLinking C shared library rosidl_generator_py/jibo_msgs/jibo_msgs_s__rosidl_typesupport_c.cpython-310-x86_64-linux-gnu.so[0m
[28.348s] [100%] Built target jibo_msgs__rosidl_typesupport_c__pyext
[28.370s] Invoked command in '/workspaces/jibo-workshop-fol2024/ros2_workspace/build/jibo_msgs' returned '0': CMAKE_PREFIX_PATH=${CMAKE_PREFIX_PATH}:/opt/ros/iron /usr/bin/cmake --build /workspaces/jibo-workshop-fol2024/ros2_workspace/build/jibo_msgs -- -j2 -l2
[28.683s] Invoking command in '/workspaces/jibo-workshop-fol2024/ros2_workspace/build/jibo_msgs': CMAKE_PREFIX_PATH=${CMAKE_PREFIX_PATH}:/opt/ros/iron /usr/bin/cmake --install /workspaces/jibo-workshop-fol2024/ros2_workspace/build/jibo_msgs
[28.693s] -- Install configuration: ""
[28.694s] -- Up-to-date: /workspaces/jibo-workshop-fol2024/ros2_workspace/install/jibo_msgs/share/ament_index/resource_index/rosidl_interfaces/jibo_msgs
[28.694s] -- Installing: /workspaces/jibo-workshop-fol2024/ros2_workspace/install/jibo_msgs/share/jibo_msgs/msg/JiboAction.json
[28.694s] -- Installing: /workspaces/jibo-workshop-fol2024/ros2_workspace/install/jibo_msgs/share/jibo_msgs/msg/JiboAsrCommand.json
[28.695s] -- Installing: /workspaces/jibo-workshop-fol2024/ros2_workspace/install/jibo_msgs/share/jibo_msgs/msg/JiboAsrResult.json
[28.695s] -- Installing: /workspaces/jibo-workshop-fol2024/ros2_workspace/install/jibo_msgs/share/jibo_msgs/msg/JiboRemote.json
[28.696s] -- Installing: /workspaces/jibo-workshop-fol2024/ros2_workspace/install/jibo_msgs/share/jibo_msgs/msg/JiboState.json
[28.698s] -- Installing: /workspaces/jibo-workshop-fol2024/ros2_workspace/install/jibo_msgs/share/jibo_msgs/msg/JiboVec3.json
[28.698s] -- Up-to-date: /workspaces/jibo-workshop-fol2024/ros2_workspace/install/jibo_msgs/include/jibo_msgs/jibo_msgs
[28.698s] -- Up-to-date: /workspaces/jibo-workshop-fol2024/ros2_workspace/install/jibo_msgs/include/jibo_msgs/jibo_msgs/msg
[28.698s] -- Installing: /workspaces/jibo-workshop-fol2024/ros2_workspace/install/jibo_msgs/include/jibo_msgs/jibo_msgs/msg/jibo_vec3.h
[28.698s] -- Installing: /workspaces/jibo-workshop-fol2024/ros2_workspace/install/jibo_msgs/include/jibo_msgs/jibo_msgs/msg/jibo_remote.h
[28.700s] -- Up-to-date: /workspaces/jibo-workshop-fol2024/ros2_workspace/install/jibo_msgs/include/jibo_msgs/jibo_msgs/msg/rosidl_generator_c__visibility_control.h
[28.700s] -- Installing: /workspaces/jibo-workshop-fol2024/ros2_workspace/install/jibo_msgs/include/jibo_msgs/jibo_msgs/msg/jibo_asr_command.h
[28.701s] -- Installing: /workspaces/jibo-workshop-fol2024/ros2_workspace/install/jibo_msgs/include/jibo_msgs/jibo_msgs/msg/jibo_state.h
[28.702s] -- Installing: /workspaces/jibo-workshop-fol2024/ros2_workspace/install/jibo_msgs/include/jibo_msgs/jibo_msgs/msg/jibo_action.h
[28.702s] -- Installing: /workspaces/jibo-workshop-fol2024/ros2_workspace/install/jibo_msgs/include/jibo_msgs/jibo_msgs/msg/jibo_asr_result.h
[28.703s] -- Up-to-date: /workspaces/jibo-workshop-fol2024/ros2_workspace/install/jibo_msgs/include/jibo_msgs/jibo_msgs/msg/detail
[28.706s] -- Installing: /workspaces/jibo-workshop-fol2024/ros2_workspace/install/jibo_msgs/include/jibo_msgs/jibo_msgs/msg/detail/jibo_action__type_support.h
[28.706s] -- Installing: /workspaces/jibo-workshop-fol2024/ros2_workspace/install/jibo_msgs/include/jibo_msgs/jibo_msgs/msg/detail/jibo_action__type_support.c
[28.707s] -- Installing: /workspaces/jibo-workshop-fol2024/ros2_workspace/install/jibo_msgs/include/jibo_msgs/jibo_msgs/msg/detail/jibo_asr_command__type_support.c
[28.707s] -- Installing: /workspaces/jibo-workshop-fol2024/ros2_workspace/install/jibo_msgs/include/jibo_msgs/jibo_msgs/msg/detail/jibo_asr_command__description.c
[28.707s] -- Installing: /workspaces/jibo-workshop-fol2024/ros2_workspace/install/jibo_msgs/include/jibo_msgs/jibo_msgs/msg/detail/jibo_asr_result__description.c
[28.708s] -- Installing: /workspaces/jibo-workshop-fol2024/ros2_workspace/install/jibo_msgs/include/jibo_msgs/jibo_msgs/msg/detail/jibo_vec3__struct.h
[28.708s] -- Installing: /workspaces/jibo-workshop-fol2024/ros2_workspace/install/jibo_msgs/include/jibo_msgs/jibo_msgs/msg/detail/jibo_action__struct.h
[28.709s] -- Installing: /workspaces/jibo-workshop-fol2024/ros2_workspace/install/jibo_msgs/include/jibo_msgs/jibo_msgs/msg/detail/jibo_remote__description.c
[28.709s] -- Installing: /workspaces/jibo-workshop-fol2024/ros2_workspace/install/jibo_msgs/include/jibo_msgs/jibo_msgs/msg/detail/jibo_state__functions.h
[28.709s] -- Installing: /workspaces/jibo-workshop-fol2024/ros2_workspace/install/jibo_msgs/include/jibo_msgs/jibo_msgs/msg/detail/jibo_asr_command__type_support.h
[28.710s] -- Installing: /workspaces/jibo-workshop-fol2024/ros2_workspace/install/jibo_msgs/include/jibo_msgs/jibo_msgs/msg/detail/jibo_remote__type_support.c
[28.710s] -- Installing: /workspaces/jibo-workshop-fol2024/ros2_workspace/install/jibo_msgs/include/jibo_msgs/jibo_msgs/msg/detail/jibo_action__functions.h
[28.710s] -- Installing: /workspaces/jibo-workshop-fol2024/ros2_workspace/install/jibo_msgs/include/jibo_msgs/jibo_msgs/msg/detail/jibo_vec3__type_support.h
[28.710s] -- Installing: /workspaces/jibo-workshop-fol2024/ros2_workspace/install/jibo_msgs/include/jibo_msgs/jibo_msgs/msg/detail/jibo_asr_result__type_support.c
[28.710s] -- Installing: /workspaces/jibo-workshop-fol2024/ros2_workspace/install/jibo_msgs/include/jibo_msgs/jibo_msgs/msg/detail/jibo_state__type_support.c
[28.712s] -- Installing: /workspaces/jibo-workshop-fol2024/ros2_workspace/install/jibo_msgs/include/jibo_msgs/jibo_msgs/msg/detail/jibo_state__type_support.h
[28.712s] -- Installing: /workspaces/jibo-workshop-fol2024/ros2_workspace/install/jibo_msgs/include/jibo_msgs/jibo_msgs/msg/detail/jibo_action__functions.c
[28.713s] -- Installing: /workspaces/jibo-workshop-fol2024/ros2_workspace/install/jibo_msgs/include/jibo_msgs/jibo_msgs/msg/detail/jibo_action__description.c
[28.713s] -- Installing: /workspaces/jibo-workshop-fol2024/ros2_workspace/install/jibo_msgs/include/jibo_msgs/jibo_msgs/msg/detail/jibo_remote__functions.h
[28.715s] -- Installing: /workspaces/jibo-workshop-fol2024/ros2_workspace/install/jibo_msgs/include/jibo_msgs/jibo_msgs/msg/detail/jibo_remote__type_support.h
[28.715s] -- Installing: /workspaces/jibo-workshop-fol2024/ros2_workspace/install/jibo_msgs/include/jibo_msgs/jibo_msgs/msg/detail/jibo_vec3__functions.c
[28.715s] -- Installing: /workspaces/jibo-workshop-fol2024/ros2_workspace/install/jibo_msgs/include/jibo_msgs/jibo_msgs/msg/detail/jibo_asr_result__functions.c
[28.715s] -- Installing: /workspaces/jibo-workshop-fol2024/ros2_workspace/install/jibo_msgs/include/jibo_msgs/jibo_msgs/msg/detail/jibo_asr_command__functions.c
[28.718s] -- Installing: /workspaces/jibo-workshop-fol2024/ros2_workspace/install/jibo_msgs/include/jibo_msgs/jibo_msgs/msg/detail/jibo_vec3__type_support.c
[28.718s] -- Installing: /workspaces/jibo-workshop-fol2024/ros2_workspace/install/jibo_msgs/include/jibo_msgs/jibo_msgs/msg/detail/jibo_state__struct.h
[28.719s] -- Installing: /workspaces/jibo-workshop-fol2024/ros2_workspace/install/jibo_msgs/include/jibo_msgs/jibo_msgs/msg/detail/jibo_asr_command__struct.h
[28.719s] -- Installing: /workspaces/jibo-workshop-fol2024/ros2_workspace/install/jibo_msgs/include/jibo_msgs/jibo_msgs/msg/detail/jibo_asr_result__struct.h
[28.719s] -- Installing: /workspaces/jibo-workshop-fol2024/ros2_workspace/install/jibo_msgs/include/jibo_msgs/jibo_msgs/msg/detail/jibo_remote__struct.h
[28.720s] -- Installing: /workspaces/jibo-workshop-fol2024/ros2_workspace/install/jibo_msgs/include/jibo_msgs/jibo_msgs/msg/detail/jibo_state__functions.c
[28.720s] -- Installing: /workspaces/jibo-workshop-fol2024/ros2_workspace/install/jibo_msgs/include/jibo_msgs/jibo_msgs/msg/detail/jibo_asr_result__type_support.h
[28.721s] -- Installing: /workspaces/jibo-workshop-fol2024/ros2_workspace/install/jibo_msgs/include/jibo_msgs/jibo_msgs/msg/detail/jibo_asr_command__functions.h
[28.721s] -- Installing: /workspaces/jibo-workshop-fol2024/ros2_workspace/install/jibo_msgs/include/jibo_msgs/jibo_msgs/msg/detail/jibo_state__description.c
[28.721s] -- Installing: /workspaces/jibo-workshop-fol2024/ros2_workspace/install/jibo_msgs/include/jibo_msgs/jibo_msgs/msg/detail/jibo_vec3__description.c
[28.723s] -- Installing: /workspaces/jibo-workshop-fol2024/ros2_workspace/install/jibo_msgs/include/jibo_msgs/jibo_msgs/msg/detail/jibo_asr_result__functions.h
[28.723s] -- Installing: /workspaces/jibo-workshop-fol2024/ros2_workspace/install/jibo_msgs/include/jibo_msgs/jibo_msgs/msg/detail/jibo_vec3__functions.h
[28.723s] -- Installing: /workspaces/jibo-workshop-fol2024/ros2_workspace/install/jibo_msgs/include/jibo_msgs/jibo_msgs/msg/detail/jibo_remote__functions.c
[28.723s] -- Up-to-date: /workspaces/jibo-workshop-fol2024/ros2_workspace/install/jibo_msgs/share/jibo_msgs/environment/library_path.sh
[28.726s] -- Up-to-date: /workspaces/jibo-workshop-fol2024/ros2_workspace/install/jibo_msgs/share/jibo_msgs/environment/library_path.dsv
[28.726s] -- Installing: /workspaces/jibo-workshop-fol2024/ros2_workspace/install/jibo_msgs/lib/libjibo_msgs__rosidl_generator_c.so
[28.726s] -- Set runtime path of "/workspaces/jibo-workshop-fol2024/ros2_workspace/install/jibo_msgs/lib/libjibo_msgs__rosidl_generator_c.so" to ""
[28.727s] -- Up-to-date: /workspaces/jibo-workshop-fol2024/ros2_workspace/install/jibo_msgs/include/jibo_msgs/jibo_msgs
[28.727s] -- Up-to-date: /workspaces/jibo-workshop-fol2024/ros2_workspace/install/jibo_msgs/include/jibo_msgs/jibo_msgs/msg
[28.728s] -- Up-to-date: /workspaces/jibo-workshop-fol2024/ros2_workspace/install/jibo_msgs/include/jibo_msgs/jibo_msgs/msg/rosidl_typesupport_fastrtps_c__visibility_control.h
[28.728s] -- Up-to-date: /workspaces/jibo-workshop-fol2024/ros2_workspace/install/jibo_msgs/include/jibo_msgs/jibo_msgs/msg/detail
[28.728s] -- Installing: /workspaces/jibo-workshop-fol2024/ros2_workspace/install/jibo_msgs/include/jibo_msgs/jibo_msgs/msg/detail/jibo_action__rosidl_typesupport_fastrtps_c.h
[28.728s] -- Installing: /workspaces/jibo-workshop-fol2024/ros2_workspace/install/jibo_msgs/include/jibo_msgs/jibo_msgs/msg/detail/jibo_asr_result__rosidl_typesupport_fastrtps_c.h
[28.731s] -- Installing: /workspaces/jibo-workshop-fol2024/ros2_workspace/install/jibo_msgs/include/jibo_msgs/jibo_msgs/msg/detail/jibo_state__rosidl_typesupport_fastrtps_c.h
[28.733s] -- Installing: /workspaces/jibo-workshop-fol2024/ros2_workspace/install/jibo_msgs/include/jibo_msgs/jibo_msgs/msg/detail/jibo_remote__rosidl_typesupport_fastrtps_c.h
[28.733s] -- Installing: /workspaces/jibo-workshop-fol2024/ros2_workspace/install/jibo_msgs/include/jibo_msgs/jibo_msgs/msg/detail/jibo_asr_command__rosidl_typesupport_fastrtps_c.h
[28.734s] -- Installing: /workspaces/jibo-workshop-fol2024/ros2_workspace/install/jibo_msgs/include/jibo_msgs/jibo_msgs/msg/detail/jibo_vec3__rosidl_typesupport_fastrtps_c.h
[28.734s] -- Installing: /workspaces/jibo-workshop-fol2024/ros2_workspace/install/jibo_msgs/lib/libjibo_msgs__rosidl_typesupport_fastrtps_c.so
[28.736s] -- Set runtime path of "/workspaces/jibo-workshop-fol2024/ros2_workspace/install/jibo_msgs/lib/libjibo_msgs__rosidl_typesupport_fastrtps_c.so" to ""
[28.736s] -- Up-to-date: /workspaces/jibo-workshop-fol2024/ros2_workspace/install/jibo_msgs/include/jibo_msgs/jibo_msgs
[28.736s] -- Up-to-date: /workspaces/jibo-workshop-fol2024/ros2_workspace/install/jibo_msgs/include/jibo_msgs/jibo_msgs/msg
[28.736s] -- Up-to-date: /workspaces/jibo-workshop-fol2024/ros2_workspace/install/jibo_msgs/include/jibo_msgs/jibo_msgs/msg/rosidl_typesupport_introspection_c__visibility_control.h
[28.737s] -- Up-to-date: /workspaces/jibo-workshop-fol2024/ros2_workspace/install/jibo_msgs/include/jibo_msgs/jibo_msgs/msg/detail
[28.738s] -- Installing: /workspaces/jibo-workshop-fol2024/ros2_workspace/install/jibo_msgs/include/jibo_msgs/jibo_msgs/msg/detail/jibo_action__type_support.c
[28.738s] -- Installing: /workspaces/jibo-workshop-fol2024/ros2_workspace/install/jibo_msgs/include/jibo_msgs/jibo_msgs/msg/detail/jibo_asr_command__rosidl_typesupport_introspection_c.h
[28.738s] -- Installing: /workspaces/jibo-workshop-fol2024/ros2_workspace/install/jibo_msgs/include/jibo_msgs/jibo_msgs/msg/detail/jibo_asr_command__type_support.c
[28.739s] -- Installing: /workspaces/jibo-workshop-fol2024/ros2_workspace/install/jibo_msgs/include/jibo_msgs/jibo_msgs/msg/detail/jibo_remote__type_support.c
[28.739s] -- Installing: /workspaces/jibo-workshop-fol2024/ros2_workspace/install/jibo_msgs/include/jibo_msgs/jibo_msgs/msg/detail/jibo_asr_result__rosidl_typesupport_introspection_c.h
[28.741s] -- Installing: /workspaces/jibo-workshop-fol2024/ros2_workspace/install/jibo_msgs/include/jibo_msgs/jibo_msgs/msg/detail/jibo_asr_result__type_support.c
[28.742s] -- Installing: /workspaces/jibo-workshop-fol2024/ros2_workspace/install/jibo_msgs/include/jibo_msgs/jibo_msgs/msg/detail/jibo_state__type_support.c
[28.742s] -- Installing: /workspaces/jibo-workshop-fol2024/ros2_workspace/install/jibo_msgs/include/jibo_msgs/jibo_msgs/msg/detail/jibo_state__rosidl_typesupport_introspection_c.h
[28.742s] -- Installing: /workspaces/jibo-workshop-fol2024/ros2_workspace/install/jibo_msgs/include/jibo_msgs/jibo_msgs/msg/detail/jibo_vec3__rosidl_typesupport_introspection_c.h
[28.742s] -- Installing: /workspaces/jibo-workshop-fol2024/ros2_workspace/install/jibo_msgs/include/jibo_msgs/jibo_msgs/msg/detail/jibo_vec3__type_support.c
[28.743s] -- Installing: /workspaces/jibo-workshop-fol2024/ros2_workspace/install/jibo_msgs/include/jibo_msgs/jibo_msgs/msg/detail/jibo_action__rosidl_typesupport_introspection_c.h
[28.743s] -- Installing: /workspaces/jibo-workshop-fol2024/ros2_workspace/install/jibo_msgs/include/jibo_msgs/jibo_msgs/msg/detail/jibo_remote__rosidl_typesupport_introspection_c.h
[28.744s] -- Installing: /workspaces/jibo-workshop-fol2024/ros2_workspace/install/jibo_msgs/lib/libjibo_msgs__rosidl_typesupport_introspection_c.so
[28.744s] -- Set runtime path of "/workspaces/jibo-workshop-fol2024/ros2_workspace/install/jibo_msgs/lib/libjibo_msgs__rosidl_typesupport_introspection_c.so" to ""
[28.744s] -- Installing: /workspaces/jibo-workshop-fol2024/ros2_workspace/install/jibo_msgs/lib/libjibo_msgs__rosidl_typesupport_c.so
[28.746s] -- Set runtime path of "/workspaces/jibo-workshop-fol2024/ros2_workspace/install/jibo_msgs/lib/libjibo_msgs__rosidl_typesupport_c.so" to ""
[28.746s] -- Up-to-date: /workspaces/jibo-workshop-fol2024/ros2_workspace/install/jibo_msgs/include/jibo_msgs/jibo_msgs
[28.746s] -- Up-to-date: /workspaces/jibo-workshop-fol2024/ros2_workspace/install/jibo_msgs/include/jibo_msgs/jibo_msgs/msg
[28.747s] -- Installing: /workspaces/jibo-workshop-fol2024/ros2_workspace/install/jibo_msgs/include/jibo_msgs/jibo_msgs/msg/jibo_state.hpp
[28.748s] -- Installing: /workspaces/jibo-workshop-fol2024/ros2_workspace/install/jibo_msgs/include/jibo_msgs/jibo_msgs/msg/jibo_asr_command.hpp
[28.748s] -- Installing: /workspaces/jibo-workshop-fol2024/ros2_workspace/install/jibo_msgs/include/jibo_msgs/jibo_msgs/msg/jibo_remote.hpp
[28.749s] -- Installing: /workspaces/jibo-workshop-fol2024/ros2_workspace/install/jibo_msgs/include/jibo_msgs/jibo_msgs/msg/jibo_action.hpp
[28.750s] -- Installing: /workspaces/jibo-workshop-fol2024/ros2_workspace/install/jibo_msgs/include/jibo_msgs/jibo_msgs/msg/jibo_vec3.hpp
[28.750s] -- Installing: /workspaces/jibo-workshop-fol2024/ros2_workspace/install/jibo_msgs/include/jibo_msgs/jibo_msgs/msg/jibo_asr_result.hpp
[28.751s] -- Up-to-date: /workspaces/jibo-workshop-fol2024/ros2_workspace/install/jibo_msgs/include/jibo_msgs/jibo_msgs/msg/detail
[28.752s] -- Installing: /workspaces/jibo-workshop-fol2024/ros2_workspace/install/jibo_msgs/include/jibo_msgs/jibo_msgs/msg/detail/jibo_vec3__struct.hpp
[28.752s] -- Installing: /workspaces/jibo-workshop-fol2024/ros2_workspace/install/jibo_msgs/include/jibo_msgs/jibo_msgs/msg/detail/jibo_action__struct.hpp
[28.753s] -- Installing: /workspaces/jibo-workshop-fol2024/ros2_workspace/install/jibo_msgs/include/jibo_msgs/jibo_msgs/msg/detail/jibo_state__traits.hpp
[28.754s] -- Installing: /workspaces/jibo-workshop-fol2024/ros2_workspace/install/jibo_msgs/include/jibo_msgs/jibo_msgs/msg/detail/jibo_remote__struct.hpp
[28.754s] -- Installing: /workspaces/jibo-workshop-fol2024/ros2_workspace/install/jibo_msgs/include/jibo_msgs/jibo_msgs/msg/detail/jibo_asr_result__builder.hpp
[28.755s] -- Installing: /workspaces/jibo-workshop-fol2024/ros2_workspace/install/jibo_msgs/include/jibo_msgs/jibo_msgs/msg/detail/jibo_asr_command__struct.hpp
[28.756s] -- Installing: /workspaces/jibo-workshop-fol2024/ros2_workspace/install/jibo_msgs/include/jibo_msgs/jibo_msgs/msg/detail/jibo_state__struct.hpp
[28.757s] -- Installing: /workspaces/jibo-workshop-fol2024/ros2_workspace/install/jibo_msgs/include/jibo_msgs/jibo_msgs/msg/detail/jibo_state__builder.hpp
[28.757s] -- Installing: /workspaces/jibo-workshop-fol2024/ros2_workspace/install/jibo_msgs/include/jibo_msgs/jibo_msgs/msg/detail/jibo_action__traits.hpp
[28.758s] -- Installing: /workspaces/jibo-workshop-fol2024/ros2_workspace/install/jibo_msgs/include/jibo_msgs/jibo_msgs/msg/detail/jibo_vec3__builder.hpp
[28.759s] -- Installing: /workspaces/jibo-workshop-fol2024/ros2_workspace/install/jibo_msgs/include/jibo_msgs/jibo_msgs/msg/detail/jibo_asr_result__traits.hpp
[28.760s] -- Installing: /workspaces/jibo-workshop-fol2024/ros2_workspace/install/jibo_msgs/include/jibo_msgs/jibo_msgs/msg/detail/jibo_remote__builder.hpp
[28.760s] -- Installing: /workspaces/jibo-workshop-fol2024/ros2_workspace/install/jibo_msgs/include/jibo_msgs/jibo_msgs/msg/detail/jibo_vec3__traits.hpp
[28.761s] -- Installing: /workspaces/jibo-workshop-fol2024/ros2_workspace/install/jibo_msgs/include/jibo_msgs/jibo_msgs/msg/detail/jibo_action__builder.hpp
[28.762s] -- Installing: /workspaces/jibo-workshop-fol2024/ros2_workspace/install/jibo_msgs/include/jibo_msgs/jibo_msgs/msg/detail/jibo_asr_result__struct.hpp
[28.762s] -- Installing: /workspaces/jibo-workshop-fol2024/ros2_workspace/install/jibo_msgs/include/jibo_msgs/jibo_msgs/msg/detail/jibo_remote__traits.hpp
[28.763s] -- Installing: /workspaces/jibo-workshop-fol2024/ros2_workspace/install/jibo_msgs/include/jibo_msgs/jibo_msgs/msg/detail/jibo_asr_command__traits.hpp
[28.764s] -- Installing: /workspaces/jibo-workshop-fol2024/ros2_workspace/install/jibo_msgs/include/jibo_msgs/jibo_msgs/msg/detail/jibo_asr_command__builder.hpp
[28.765s] -- Up-to-date: /workspaces/jibo-workshop-fol2024/ros2_workspace/install/jibo_msgs/include/jibo_msgs/jibo_msgs
[28.765s] -- Up-to-date: /workspaces/jibo-workshop-fol2024/ros2_workspace/install/jibo_msgs/include/jibo_msgs/jibo_msgs/msg
[28.765s] -- Up-to-date: /workspaces/jibo-workshop-fol2024/ros2_workspace/install/jibo_msgs/include/jibo_msgs/jibo_msgs/msg/rosidl_typesupport_fastrtps_cpp__visibility_control.h
[28.766s] -- Up-to-date: /workspaces/jibo-workshop-fol2024/ros2_workspace/install/jibo_msgs/include/jibo_msgs/jibo_msgs/msg/detail
[28.766s] -- Up-to-date: /workspaces/jibo-workshop-fol2024/ros2_workspace/install/jibo_msgs/include/jibo_msgs/jibo_msgs/msg/detail/dds_fastrtps
[28.766s] -- Installing: /workspaces/jibo-workshop-fol2024/ros2_workspace/install/jibo_msgs/include/jibo_msgs/jibo_msgs/msg/detail/jibo_asr_result__rosidl_typesupport_fastrtps_cpp.hpp
[28.767s] -- Installing: /workspaces/jibo-workshop-fol2024/ros2_workspace/install/jibo_msgs/include/jibo_msgs/jibo_msgs/msg/detail/jibo_asr_command__rosidl_typesupport_fastrtps_cpp.hpp
[28.768s] -- Installing: /workspaces/jibo-workshop-fol2024/ros2_workspace/install/jibo_msgs/include/jibo_msgs/jibo_msgs/msg/detail/jibo_state__rosidl_typesupport_fastrtps_cpp.hpp
[28.768s] -- Installing: /workspaces/jibo-workshop-fol2024/ros2_workspace/install/jibo_msgs/include/jibo_msgs/jibo_msgs/msg/detail/jibo_vec3__rosidl_typesupport_fastrtps_cpp.hpp
[28.769s] -- Installing: /workspaces/jibo-workshop-fol2024/ros2_workspace/install/jibo_msgs/include/jibo_msgs/jibo_msgs/msg/detail/jibo_remote__rosidl_typesupport_fastrtps_cpp.hpp
[28.770s] -- Installing: /workspaces/jibo-workshop-fol2024/ros2_workspace/install/jibo_msgs/include/jibo_msgs/jibo_msgs/msg/detail/jibo_action__rosidl_typesupport_fastrtps_cpp.hpp
[28.771s] -- Installing: /workspaces/jibo-workshop-fol2024/ros2_workspace/install/jibo_msgs/lib/libjibo_msgs__rosidl_typesupport_fastrtps_cpp.so
[28.772s] -- Set runtime path of "/workspaces/jibo-workshop-fol2024/ros2_workspace/install/jibo_msgs/lib/libjibo_msgs__rosidl_typesupport_fastrtps_cpp.so" to ""
[28.773s] -- Up-to-date: /workspaces/jibo-workshop-fol2024/ros2_workspace/install/jibo_msgs/include/jibo_msgs/jibo_msgs
[28.773s] -- Up-to-date: /workspaces/jibo-workshop-fol2024/ros2_workspace/install/jibo_msgs/include/jibo_msgs/jibo_msgs/msg
[28.773s] -- Up-to-date: /workspaces/jibo-workshop-fol2024/ros2_workspace/install/jibo_msgs/include/jibo_msgs/jibo_msgs/msg/detail
[28.774s] -- Installing: /workspaces/jibo-workshop-fol2024/ros2_workspace/install/jibo_msgs/include/jibo_msgs/jibo_msgs/msg/detail/jibo_asr_command__type_support.cpp
[28.774s] -- Installing: /workspaces/jibo-workshop-fol2024/ros2_workspace/install/jibo_msgs/include/jibo_msgs/jibo_msgs/msg/detail/jibo_remote__type_support.cpp
[28.775s] -- Installing: /workspaces/jibo-workshop-fol2024/ros2_workspace/install/jibo_msgs/include/jibo_msgs/jibo_msgs/msg/detail/jibo_action__type_support.cpp
[28.776s] -- Installing: /workspaces/jibo-workshop-fol2024/ros2_workspace/install/jibo_msgs/include/jibo_msgs/jibo_msgs/msg/detail/jibo_state__type_support.cpp
[28.777s] -- Installing: /workspaces/jibo-workshop-fol2024/ros2_workspace/install/jibo_msgs/include/jibo_msgs/jibo_msgs/msg/detail/jibo_action__rosidl_typesupport_introspection_cpp.hpp
[28.777s] -- Installing: /workspaces/jibo-workshop-fol2024/ros2_workspace/install/jibo_msgs/include/jibo_msgs/jibo_msgs/msg/detail/jibo_asr_command__rosidl_typesupport_introspection_cpp.hpp
[28.778s] -- Installing: /workspaces/jibo-workshop-fol2024/ros2_workspace/install/jibo_msgs/include/jibo_msgs/jibo_msgs/msg/detail/jibo_asr_result__rosidl_typesupport_introspection_cpp.hpp
[28.779s] -- Installing: /workspaces/jibo-workshop-fol2024/ros2_workspace/install/jibo_msgs/include/jibo_msgs/jibo_msgs/msg/detail/jibo_vec3__rosidl_typesupport_introspection_cpp.hpp
[28.780s] -- Installing: /workspaces/jibo-workshop-fol2024/ros2_workspace/install/jibo_msgs/include/jibo_msgs/jibo_msgs/msg/detail/jibo_remote__rosidl_typesupport_introspection_cpp.hpp
[28.780s] -- Installing: /workspaces/jibo-workshop-fol2024/ros2_workspace/install/jibo_msgs/include/jibo_msgs/jibo_msgs/msg/detail/jibo_vec3__type_support.cpp
[28.781s] -- Installing: /workspaces/jibo-workshop-fol2024/ros2_workspace/install/jibo_msgs/include/jibo_msgs/jibo_msgs/msg/detail/jibo_asr_result__type_support.cpp
[28.782s] -- Installing: /workspaces/jibo-workshop-fol2024/ros2_workspace/install/jibo_msgs/include/jibo_msgs/jibo_msgs/msg/detail/jibo_state__rosidl_typesupport_introspection_cpp.hpp
[28.783s] -- Installing: /workspaces/jibo-workshop-fol2024/ros2_workspace/install/jibo_msgs/lib/libjibo_msgs__rosidl_typesupport_introspection_cpp.so
[28.784s] -- Set runtime path of "/workspaces/jibo-workshop-fol2024/ros2_workspace/install/jibo_msgs/lib/libjibo_msgs__rosidl_typesupport_introspection_cpp.so" to ""
[28.786s] -- Installing: /workspaces/jibo-workshop-fol2024/ros2_workspace/install/jibo_msgs/lib/libjibo_msgs__rosidl_typesupport_cpp.so
[28.787s] -- Set runtime path of "/workspaces/jibo-workshop-fol2024/ros2_workspace/install/jibo_msgs/lib/libjibo_msgs__rosidl_typesupport_cpp.so" to ""
[28.787s] -- Up-to-date: /workspaces/jibo-workshop-fol2024/ros2_workspace/install/jibo_msgs/share/jibo_msgs/environment/pythonpath.sh
[28.788s] -- Up-to-date: /workspaces/jibo-workshop-fol2024/ros2_workspace/install/jibo_msgs/share/jibo_msgs/environment/pythonpath.dsv
[28.788s] -- Up-to-date: /workspaces/jibo-workshop-fol2024/ros2_workspace/install/jibo_msgs/lib/python3.10/site-packages/jibo_msgs-3.0.0-py3.10.egg-info
[28.788s] -- Installing: /workspaces/jibo-workshop-fol2024/ros2_workspace/install/jibo_msgs/lib/python3.10/site-packages/jibo_msgs-3.0.0-py3.10.egg-info/PKG-INFO
[28.788s] -- Installing: /workspaces/jibo-workshop-fol2024/ros2_workspace/install/jibo_msgs/lib/python3.10/site-packages/jibo_msgs-3.0.0-py3.10.egg-info/SOURCES.txt
[28.789s] -- Installing: /workspaces/jibo-workshop-fol2024/ros2_workspace/install/jibo_msgs/lib/python3.10/site-packages/jibo_msgs-3.0.0-py3.10.egg-info/top_level.txt
[28.789s] -- Installing: /workspaces/jibo-workshop-fol2024/ros2_workspace/install/jibo_msgs/lib/python3.10/site-packages/jibo_msgs-3.0.0-py3.10.egg-info/dependency_links.txt
[28.790s] -- Up-to-date: /workspaces/jibo-workshop-fol2024/ros2_workspace/install/jibo_msgs/lib/python3.10/site-packages/jibo_msgs
[28.790s] -- Up-to-date: /workspaces/jibo-workshop-fol2024/ros2_workspace/install/jibo_msgs/lib/python3.10/site-packages/jibo_msgs/msg
[28.791s] -- Installing: /workspaces/jibo-workshop-fol2024/ros2_workspace/install/jibo_msgs/lib/python3.10/site-packages/jibo_msgs/msg/_jibo_state.py
[28.791s] -- Installing: /workspaces/jibo-workshop-fol2024/ros2_workspace/install/jibo_msgs/lib/python3.10/site-packages/jibo_msgs/msg/_jibo_action_s.c
[28.792s] -- Installing: /workspaces/jibo-workshop-fol2024/ros2_workspace/install/jibo_msgs/lib/python3.10/site-packages/jibo_msgs/msg/_jibo_asr_result.py
[28.792s] -- Installing: /workspaces/jibo-workshop-fol2024/ros2_workspace/install/jibo_msgs/lib/python3.10/site-packages/jibo_msgs/msg/_jibo_state_s.c
[28.793s] -- Installing: /workspaces/jibo-workshop-fol2024/ros2_workspace/install/jibo_msgs/lib/python3.10/site-packages/jibo_msgs/msg/_jibo_asr_result_s.c
[28.793s] -- Installing: /workspaces/jibo-workshop-fol2024/ros2_workspace/install/jibo_msgs/lib/python3.10/site-packages/jibo_msgs/msg/_jibo_vec3.py
[28.794s] -- Installing: /workspaces/jibo-workshop-fol2024/ros2_workspace/install/jibo_msgs/lib/python3.10/site-packages/jibo_msgs/msg/_jibo_asr_command_s.c
[28.795s] -- Installing: /workspaces/jibo-workshop-fol2024/ros2_workspace/install/jibo_msgs/lib/python3.10/site-packages/jibo_msgs/msg/_jibo_remote.py
[28.795s] -- Installing: /workspaces/jibo-workshop-fol2024/ros2_workspace/install/jibo_msgs/lib/python3.10/site-packages/jibo_msgs/msg/__init__.py
[28.796s] -- Installing: /workspaces/jibo-workshop-fol2024/ros2_workspace/install/jibo_msgs/lib/python3.10/site-packages/jibo_msgs/msg/_jibo_action.py
[28.796s] -- Installing: /workspaces/jibo-workshop-fol2024/ros2_workspace/install/jibo_msgs/lib/python3.10/site-packages/jibo_msgs/msg/_jibo_asr_command.py
[28.797s] -- Installing: /workspaces/jibo-workshop-fol2024/ros2_workspace/install/jibo_msgs/lib/python3.10/site-packages/jibo_msgs/msg/_jibo_remote_s.c
[28.798s] -- Installing: /workspaces/jibo-workshop-fol2024/ros2_workspace/install/jibo_msgs/lib/python3.10/site-packages/jibo_msgs/msg/_jibo_vec3_s.c
[28.798s] -- Installing: /workspaces/jibo-workshop-fol2024/ros2_workspace/install/jibo_msgs/lib/python3.10/site-packages/jibo_msgs/_jibo_msgs_s.ep.rosidl_typesupport_introspection_c.c
[28.799s] -- Installing: /workspaces/jibo-workshop-fol2024/ros2_workspace/install/jibo_msgs/lib/python3.10/site-packages/jibo_msgs/_jibo_msgs_s.ep.rosidl_typesupport_c.c
[28.800s] -- Installing: /workspaces/jibo-workshop-fol2024/ros2_workspace/install/jibo_msgs/lib/python3.10/site-packages/jibo_msgs/_jibo_msgs_s.ep.rosidl_typesupport_fastrtps_c.c
[28.800s] -- Installing: /workspaces/jibo-workshop-fol2024/ros2_workspace/install/jibo_msgs/lib/python3.10/site-packages/jibo_msgs/jibo_msgs_s__rosidl_typesupport_fastrtps_c.cpython-310-x86_64-linux-gnu.so
[28.801s] -- Installing: /workspaces/jibo-workshop-fol2024/ros2_workspace/install/jibo_msgs/lib/python3.10/site-packages/jibo_msgs/__init__.py
[28.801s] -- Installing: /workspaces/jibo-workshop-fol2024/ros2_workspace/install/jibo_msgs/lib/python3.10/site-packages/jibo_msgs/libjibo_msgs__rosidl_generator_py.so
[28.802s] -- Installing: /workspaces/jibo-workshop-fol2024/ros2_workspace/install/jibo_msgs/lib/python3.10/site-packages/jibo_msgs/jibo_msgs_s__rosidl_typesupport_introspection_c.cpython-310-x86_64-linux-gnu.so
[28.803s] -- Installing: /workspaces/jibo-workshop-fol2024/ros2_workspace/install/jibo_msgs/lib/python3.10/site-packages/jibo_msgs/jibo_msgs_s__rosidl_typesupport_c.cpython-310-x86_64-linux-gnu.so
[28.871s] Listing '/workspaces/jibo-workshop-fol2024/ros2_workspace/install/jibo_msgs/lib/python3.10/site-packages/jibo_msgs'...
[28.871s] Compiling '/workspaces/jibo-workshop-fol2024/ros2_workspace/install/jibo_msgs/lib/python3.10/site-packages/jibo_msgs/__init__.py'...
[28.872s] Listing '/workspaces/jibo-workshop-fol2024/ros2_workspace/install/jibo_msgs/lib/python3.10/site-packages/jibo_msgs/msg'...
[28.872s] Compiling '/workspaces/jibo-workshop-fol2024/ros2_workspace/install/jibo_msgs/lib/python3.10/site-packages/jibo_msgs/msg/__init__.py'...
[28.872s] Compiling '/workspaces/jibo-workshop-fol2024/ros2_workspace/install/jibo_msgs/lib/python3.10/site-packages/jibo_msgs/msg/_jibo_action.py'...
[28.872s] Compiling '/workspaces/jibo-workshop-fol2024/ros2_workspace/install/jibo_msgs/lib/python3.10/site-packages/jibo_msgs/msg/_jibo_asr_command.py'...
[28.872s] Compiling '/workspaces/jibo-workshop-fol2024/ros2_workspace/install/jibo_msgs/lib/python3.10/site-packages/jibo_msgs/msg/_jibo_asr_result.py'...
[28.872s] Compiling '/workspaces/jibo-workshop-fol2024/ros2_workspace/install/jibo_msgs/lib/python3.10/site-packages/jibo_msgs/msg/_jibo_remote.py'...
[28.873s] Compiling '/workspaces/jibo-workshop-fol2024/ros2_workspace/install/jibo_msgs/lib/python3.10/site-packages/jibo_msgs/msg/_jibo_state.py'...
[28.873s] Compiling '/workspaces/jibo-workshop-fol2024/ros2_workspace/install/jibo_msgs/lib/python3.10/site-packages/jibo_msgs/msg/_jibo_vec3.py'...
[28.878s] -- Installing: /workspaces/jibo-workshop-fol2024/ros2_workspace/install/jibo_msgs/lib/python3.10/site-packages/jibo_msgs/jibo_msgs_s__rosidl_typesupport_fastrtps_c.cpython-310-x86_64-linux-gnu.so
[28.879s] -- Set runtime path of "/workspaces/jibo-workshop-fol2024/ros2_workspace/install/jibo_msgs/lib/python3.10/site-packages/jibo_msgs/jibo_msgs_s__rosidl_typesupport_fastrtps_c.cpython-310-x86_64-linux-gnu.so" to ""
[28.879s] -- Installing: /workspaces/jibo-workshop-fol2024/ros2_workspace/install/jibo_msgs/lib/python3.10/site-packages/jibo_msgs/jibo_msgs_s__rosidl_typesupport_introspection_c.cpython-310-x86_64-linux-gnu.so
[28.880s] -- Set runtime path of "/workspaces/jibo-workshop-fol2024/ros2_workspace/install/jibo_msgs/lib/python3.10/site-packages/jibo_msgs/jibo_msgs_s__rosidl_typesupport_introspection_c.cpython-310-x86_64-linux-gnu.so" to ""
[28.881s] -- Installing: /workspaces/jibo-workshop-fol2024/ros2_workspace/install/jibo_msgs/lib/python3.10/site-packages/jibo_msgs/jibo_msgs_s__rosidl_typesupport_c.cpython-310-x86_64-linux-gnu.so
[28.882s] -- Set runtime path of "/workspaces/jibo-workshop-fol2024/ros2_workspace/install/jibo_msgs/lib/python3.10/site-packages/jibo_msgs/jibo_msgs_s__rosidl_typesupport_c.cpython-310-x86_64-linux-gnu.so" to ""
[28.883s] -- Installing: /workspaces/jibo-workshop-fol2024/ros2_workspace/install/jibo_msgs/lib/libjibo_msgs__rosidl_generator_py.so
[28.884s] -- Set runtime path of "/workspaces/jibo-workshop-fol2024/ros2_workspace/install/jibo_msgs/lib/libjibo_msgs__rosidl_generator_py.so" to ""
[28.884s] -- Installing: /workspaces/jibo-workshop-fol2024/ros2_workspace/install/jibo_msgs/share/jibo_msgs/msg/JiboAction.idl
[28.885s] -- Up-to-date: /workspaces/jibo-workshop-fol2024/ros2_workspace/install/jibo_msgs/share/jibo_msgs/msg/JiboAsrCommand.idl
[28.886s] -- Up-to-date: /workspaces/jibo-workshop-fol2024/ros2_workspace/install/jibo_msgs/share/jibo_msgs/msg/JiboAsrResult.idl
[28.886s] -- Up-to-date: /workspaces/jibo-workshop-fol2024/ros2_workspace/install/jibo_msgs/share/jibo_msgs/msg/JiboRemote.idl
[28.887s] -- Up-to-date: /workspaces/jibo-workshop-fol2024/ros2_workspace/install/jibo_msgs/share/jibo_msgs/msg/JiboState.idl
[28.887s] -- Up-to-date: /workspaces/jibo-workshop-fol2024/ros2_workspace/install/jibo_msgs/share/jibo_msgs/msg/JiboVec3.idl
[28.887s] -- Installing: /workspaces/jibo-workshop-fol2024/ros2_workspace/install/jibo_msgs/share/jibo_msgs/msg/JiboAction.msg
[28.887s] -- Up-to-date: /workspaces/jibo-workshop-fol2024/ros2_workspace/install/jibo_msgs/share/jibo_msgs/msg/JiboAsrCommand.msg
[28.888s] -- Up-to-date: /workspaces/jibo-workshop-fol2024/ros2_workspace/install/jibo_msgs/share/jibo_msgs/msg/JiboAsrResult.msg
[28.888s] -- Up-to-date: /workspaces/jibo-workshop-fol2024/ros2_workspace/install/jibo_msgs/share/jibo_msgs/msg/JiboRemote.msg
[28.888s] -- Up-to-date: /workspaces/jibo-workshop-fol2024/ros2_workspace/install/jibo_msgs/share/jibo_msgs/msg/JiboState.msg
[28.888s] -- Up-to-date: /workspaces/jibo-workshop-fol2024/ros2_workspace/install/jibo_msgs/share/jibo_msgs/msg/JiboVec3.msg
[28.888s] -- Up-to-date: /workspaces/jibo-workshop-fol2024/ros2_workspace/install/jibo_msgs/share/ament_index/resource_index/package_run_dependencies/jibo_msgs
[28.889s] -- Up-to-date: /workspaces/jibo-workshop-fol2024/ros2_workspace/install/jibo_msgs/share/ament_index/resource_index/parent_prefix_path/jibo_msgs
[28.889s] -- Up-to-date: /workspaces/jibo-workshop-fol2024/ros2_workspace/install/jibo_msgs/share/jibo_msgs/environment/ament_prefix_path.sh
[28.889s] -- Up-to-date: /workspaces/jibo-workshop-fol2024/ros2_workspace/install/jibo_msgs/share/jibo_msgs/environment/ament_prefix_path.dsv
[28.889s] -- Up-to-date: /workspaces/jibo-workshop-fol2024/ros2_workspace/install/jibo_msgs/share/jibo_msgs/environment/path.sh
[28.890s] -- Up-to-date: /workspaces/jibo-workshop-fol2024/ros2_workspace/install/jibo_msgs/share/jibo_msgs/environment/path.dsv
[28.890s] -- Up-to-date: /workspaces/jibo-workshop-fol2024/ros2_workspace/install/jibo_msgs/share/jibo_msgs/local_setup.bash
[28.890s] -- Up-to-date: /workspaces/jibo-workshop-fol2024/ros2_workspace/install/jibo_msgs/share/jibo_msgs/local_setup.sh
[28.890s] -- Up-to-date: /workspaces/jibo-workshop-fol2024/ros2_workspace/install/jibo_msgs/share/jibo_msgs/local_setup.zsh
[28.890s] -- Up-to-date: /workspaces/jibo-workshop-fol2024/ros2_workspace/install/jibo_msgs/share/jibo_msgs/local_setup.dsv
[28.891s] -- Installing: /workspaces/jibo-workshop-fol2024/ros2_workspace/install/jibo_msgs/share/jibo_msgs/package.dsv
[28.891s] -- Up-to-date: /workspaces/jibo-workshop-fol2024/ros2_workspace/install/jibo_msgs/share/ament_index/resource_index/packages/jibo_msgs
[28.892s] -- Up-to-date: /workspaces/jibo-workshop-fol2024/ros2_workspace/install/jibo_msgs/share/jibo_msgs/cmake/export_jibo_msgs__rosidl_generator_cExport.cmake
[28.892s] -- Up-to-date: /workspaces/jibo-workshop-fol2024/ros2_workspace/install/jibo_msgs/share/jibo_msgs/cmake/export_jibo_msgs__rosidl_generator_cExport-noconfig.cmake
[28.892s] -- Up-to-date: /workspaces/jibo-workshop-fol2024/ros2_workspace/install/jibo_msgs/share/jibo_msgs/cmake/export_jibo_msgs__rosidl_typesupport_fastrtps_cExport.cmake
[28.892s] -- Up-to-date: /workspaces/jibo-workshop-fol2024/ros2_workspace/install/jibo_msgs/share/jibo_msgs/cmake/export_jibo_msgs__rosidl_typesupport_fastrtps_cExport-noconfig.cmake
[28.893s] -- Up-to-date: /workspaces/jibo-workshop-fol2024/ros2_workspace/install/jibo_msgs/share/jibo_msgs/cmake/jibo_msgs__rosidl_typesupport_introspection_cExport.cmake
[28.893s] -- Up-to-date: /workspaces/jibo-workshop-fol2024/ros2_workspace/install/jibo_msgs/share/jibo_msgs/cmake/jibo_msgs__rosidl_typesupport_introspection_cExport-noconfig.cmake
[28.893s] -- Up-to-date: /workspaces/jibo-workshop-fol2024/ros2_workspace/install/jibo_msgs/share/jibo_msgs/cmake/jibo_msgs__rosidl_typesupport_cExport.cmake
[28.893s] -- Up-to-date: /workspaces/jibo-workshop-fol2024/ros2_workspace/install/jibo_msgs/share/jibo_msgs/cmake/jibo_msgs__rosidl_typesupport_cExport-noconfig.cmake
[28.894s] -- Up-to-date: /workspaces/jibo-workshop-fol2024/ros2_workspace/install/jibo_msgs/share/jibo_msgs/cmake/export_jibo_msgs__rosidl_generator_cppExport.cmake
[28.894s] -- Up-to-date: /workspaces/jibo-workshop-fol2024/ros2_workspace/install/jibo_msgs/share/jibo_msgs/cmake/export_jibo_msgs__rosidl_typesupport_fastrtps_cppExport.cmake
[28.894s] -- Up-to-date: /workspaces/jibo-workshop-fol2024/ros2_workspace/install/jibo_msgs/share/jibo_msgs/cmake/export_jibo_msgs__rosidl_typesupport_fastrtps_cppExport-noconfig.cmake
[28.895s] -- Up-to-date: /workspaces/jibo-workshop-fol2024/ros2_workspace/install/jibo_msgs/share/jibo_msgs/cmake/jibo_msgs__rosidl_typesupport_introspection_cppExport.cmake
[28.895s] -- Up-to-date: /workspaces/jibo-workshop-fol2024/ros2_workspace/install/jibo_msgs/share/jibo_msgs/cmake/jibo_msgs__rosidl_typesupport_introspection_cppExport-noconfig.cmake
[28.895s] -- Up-to-date: /workspaces/jibo-workshop-fol2024/ros2_workspace/install/jibo_msgs/share/jibo_msgs/cmake/jibo_msgs__rosidl_typesupport_cppExport.cmake
[28.896s] -- Up-to-date: /workspaces/jibo-workshop-fol2024/ros2_workspace/install/jibo_msgs/share/jibo_msgs/cmake/jibo_msgs__rosidl_typesupport_cppExport-noconfig.cmake
[28.896s] -- Up-to-date: /workspaces/jibo-workshop-fol2024/ros2_workspace/install/jibo_msgs/share/jibo_msgs/cmake/export_jibo_msgs__rosidl_generator_pyExport.cmake
[28.909s] -- Up-to-date: /workspaces/jibo-workshop-fol2024/ros2_workspace/install/jibo_msgs/share/jibo_msgs/cmake/export_jibo_msgs__rosidl_generator_pyExport-noconfig.cmake
[28.909s] -- Up-to-date: /workspaces/jibo-workshop-fol2024/ros2_workspace/install/jibo_msgs/share/jibo_msgs/cmake/rosidl_cmake-extras.cmake
[28.909s] -- Up-to-date: /workspaces/jibo-workshop-fol2024/ros2_workspace/install/jibo_msgs/share/jibo_msgs/cmake/ament_cmake_export_dependencies-extras.cmake
[28.909s] -- Up-to-date: /workspaces/jibo-workshop-fol2024/ros2_workspace/install/jibo_msgs/share/jibo_msgs/cmake/ament_cmake_export_include_directories-extras.cmake
[28.909s] -- Up-to-date: /workspaces/jibo-workshop-fol2024/ros2_workspace/install/jibo_msgs/share/jibo_msgs/cmake/ament_cmake_export_libraries-extras.cmake
[28.909s] -- Up-to-date: /workspaces/jibo-workshop-fol2024/ros2_workspace/install/jibo_msgs/share/jibo_msgs/cmake/ament_cmake_export_targets-extras.cmake
[28.910s] -- Up-to-date: /workspaces/jibo-workshop-fol2024/ros2_workspace/install/jibo_msgs/share/jibo_msgs/cmake/rosidl_cmake_export_typesupport_targets-extras.cmake
[28.910s] -- Up-to-date: /workspaces/jibo-workshop-fol2024/ros2_workspace/install/jibo_msgs/share/jibo_msgs/cmake/rosidl_cmake_export_typesupport_libraries-extras.cmake
[28.910s] -- Up-to-date: /workspaces/jibo-workshop-fol2024/ros2_workspace/install/jibo_msgs/share/jibo_msgs/cmake/jibo_msgsConfig.cmake
[28.910s] -- Up-to-date: /workspaces/jibo-workshop-fol2024/ros2_workspace/install/jibo_msgs/share/jibo_msgs/cmake/jibo_msgsConfig-version.cmake
[28.910s] -- Up-to-date: /workspaces/jibo-workshop-fol2024/ros2_workspace/install/jibo_msgs/share/jibo_msgs/package.xml
[28.910s] Invoked command in '/workspaces/jibo-workshop-fol2024/ros2_workspace/build/jibo_msgs' returned '0': CMAKE_PREFIX_PATH=${CMAKE_PREFIX_PATH}:/opt/ros/iron /usr/bin/cmake --install /workspaces/jibo-workshop-fol2024/ros2_workspace/build/jibo_msgs
