[0.049s] Invoking command in '/workspaces/jibo-workshop-fol2024/ros2_workspace/build/jibo_msgs': CMAKE_PREFIX_PATH=${CMAKE_PREFIX_PATH}:/opt/ros/iron /usr/bin/cmake /workspaces/jibo-workshop-fol2024/ros2_workspace/src/jibo_msgs -DCMAKE_INSTALL_PREFIX=/workspaces/jibo-workshop-fol2024/ros2_workspace/install/jibo_msgs
[0.108s] -- The C compiler identification is GNU 11.4.0
[0.167s] -- The CXX compiler identification is GNU 11.4.0
[0.176s] -- Detecting C compiler ABI info
[0.257s] -- Detecting C compiler ABI info - done
[0.264s] -- Check for working C compiler: /usr/bin/cc - skipped
[0.264s] -- Detecting C compile features
[0.265s] -- Detecting C compile features - done
[0.269s] -- Detecting CXX compiler ABI info
[0.361s] -- Detecting CXX compiler ABI info - done
[0.370s] -- Check for working CXX compiler: /usr/bin/c++ - skipped
[0.370s] -- Detecting CXX compile features
[0.371s] -- Detecting CXX compile features - done
[0.375s] -- Found ament_cmake: 2.0.3 (/opt/ros/iron/share/ament_cmake/cmake)
[0.552s] -- Found Python3: /usr/bin/python3.10 (found version "3.10.12") found components: Interpreter 
[0.662s] -- Found ament_index_cpp: 1.5.2 (/opt/ros/iron/share/ament_index_cpp/cmake)
[0.663s] -- Found rosidl_default_generators: 1.5.0 (/opt/ros/iron/share/rosidl_default_generators/cmake)
[0.668s] -- Using all available rosidl_typesupport_c: rosidl_typesupport_fastrtps_c;rosidl_typesupport_introspection_c
[0.715s] -- Using all available rosidl_typesupport_cpp: rosidl_typesupport_fastrtps_cpp;rosidl_typesupport_introspection_cpp
[0.759s] -- Found rosidl_adapter: 4.0.1 (/opt/ros/iron/share/rosidl_adapter/cmake)
[0.765s] -- Found std_msgs: 5.0.0 (/opt/ros/iron/share/std_msgs/cmake)
[0.836s] -- Found std_srvs: 5.0.0 (/opt/ros/iron/share/std_srvs/cmake)
[1.375s] -- Found ament_cmake_ros: 0.11.2 (/opt/ros/iron/share/ament_cmake_ros/cmake)
[1.560s] -- Using all available rosidl_typesupport_c: rosidl_typesupport_fastrtps_c;rosidl_typesupport_introspection_c
[1.826s] -- Using all available rosidl_typesupport_cpp: rosidl_typesupport_fastrtps_cpp;rosidl_typesupport_introspection_cpp
[1.856s] -- Found PythonInterp: /usr/bin/python3 (found suitable version "3.10.12", minimum required is "3.6") 
[1.858s] -- Found python_cmake_module: 0.10.2 (/opt/ros/iron/share/python_cmake_module/cmake)
[1.882s] -- Found PythonLibs: /usr/lib/x86_64-linux-gnu/libpython3.10.so (found suitable version "3.10.12", minimum required is "3.5") 
[1.882s] -- Using PYTHON_EXECUTABLE: /usr/bin/python3
[1.882s] -- Using PYTHON_INCLUDE_DIRS: /usr/include/python3.10
[1.882s] -- Using PYTHON_LIBRARIES: /usr/lib/x86_64-linux-gnu/libpython3.10.so
[1.906s] -- Found PythonExtra: .so  
[1.964s] -- Configuring done
[2.039s] -- Generating done
[2.046s] -- Build files have been written to: /workspaces/jibo-workshop-fol2024/ros2_workspace/build/jibo_msgs
[2.058s] Invoked command in '/workspaces/jibo-workshop-fol2024/ros2_workspace/build/jibo_msgs' returned '0': CMAKE_PREFIX_PATH=${CMAKE_PREFIX_PATH}:/opt/ros/iron /usr/bin/cmake /workspaces/jibo-workshop-fol2024/ros2_workspace/src/jibo_msgs -DCMAKE_INSTALL_PREFIX=/workspaces/jibo-workshop-fol2024/ros2_workspace/install/jibo_msgs
[2.058s] Invoking command in '/workspaces/jibo-workshop-fol2024/ros2_workspace/build/jibo_msgs': CMAKE_PREFIX_PATH=${CMAKE_PREFIX_PATH}:/opt/ros/iron /usr/bin/cmake --build /workspaces/jibo-workshop-fol2024/ros2_workspace/build/jibo_msgs -- -j2 -l2
[2.123s] [  1%] [34m[1mGenerating type hashes for ROS interfaces[0m
[2.139s] [  1%] Built target ament_cmake_python_copy_jibo_msgs
[2.500s] running egg_info
[2.501s] creating jibo_msgs.egg-info
[2.502s] writing jibo_msgs.egg-info/PKG-INFO
[2.505s] writing dependency_links to jibo_msgs.egg-info/dependency_links.txt
[2.506s] writing top-level names to jibo_msgs.egg-info/top_level.txt
[2.510s] writing manifest file 'jibo_msgs.egg-info/SOURCES.txt'
[2.517s] reading manifest file 'jibo_msgs.egg-info/SOURCES.txt'
[2.520s] writing manifest file 'jibo_msgs.egg-info/SOURCES.txt'
[2.603s] [  1%] Built target ament_cmake_python_build_jibo_msgs_egg
[3.096s] [  1%] Built target jibo_msgs__rosidl_generator_type_description
[3.111s] [  2%] [34m[1mGenerating C code for ROS interfaces[0m
[3.129s] [  4%] [34m[1mGenerating C++ code for ROS interfaces[0m
[4.939s] [  4%] Built target jibo_msgs__cpp
[5.134s] [  5%] [32mBuilding C object CMakeFiles/jibo_msgs__rosidl_generator_c.dir/rosidl_generator_c/jibo_msgs/msg/detail/jibo_action__description.c.o[0m
[5.134s] [  6%] [32mBuilding C object CMakeFiles/jibo_msgs__rosidl_generator_c.dir/rosidl_generator_c/jibo_msgs/msg/detail/jibo_action__functions.c.o[0m
[5.149s] gmake[2]: *** [CMakeFiles/jibo_msgs__rosidl_generator_c.dir/build.make:219: CMakeFiles/jibo_msgs__rosidl_generator_c.dir/rosidl_generator_c/jibo_msgs/msg/detail/jibo_action__functions.c.o] Interrupt
[5.150s] gmake[2]: *** [CMakeFiles/jibo_msgs__rosidl_generator_c.dir/build.make:205: CMakeFiles/jibo_msgs__rosidl_generator_c.dir/rosidl_generator_c/jibo_msgs/msg/detail/jibo_action__description.c.o] Interrupt
[5.150s] gmake[1]: *** [CMakeFiles/Makefile2:241: CMakeFiles/jibo_msgs__rosidl_generator_c.dir/all] Interrupt
[5.152s] gmake: *** [Makefile:146: all] Interrupt
[5.154s] Invoked command in '/workspaces/jibo-workshop-fol2024/ros2_workspace/build/jibo_msgs' returned '-2': CMAKE_PREFIX_PATH=${CMAKE_PREFIX_PATH}:/opt/ros/iron /usr/bin/cmake --build /workspaces/jibo-workshop-fol2024/ros2_workspace/build/jibo_msgs -- -j2 -l2
