[0.056s] Invoking command in '/workspaces/jibo-workshop-fol2024/ros2_workspace/build/jibo_msgs': CMAKE_PREFIX_PATH=/opt/ros/iron /usr/bin/cmake --build /workspaces/jibo-workshop-fol2024/ros2_workspace/build/jibo_msgs -- -j2 -l2
[0.090s] -- Found ament_cmake: 2.0.3 (/opt/ros/iron/share/ament_cmake/cmake)
[0.248s] -- Found ament_index_cpp: 1.5.2 (/opt/ros/iron/share/ament_index_cpp/cmake)
[0.249s] -- Found rosidl_default_generators: 1.5.0 (/opt/ros/iron/share/rosidl_default_generators/cmake)
[0.253s] -- Using all available rosidl_typesupport_c: rosidl_typesupport_fastrtps_c;rosidl_typesupport_introspection_c
[0.289s] -- Using all available rosidl_typesupport_cpp: rosidl_typesupport_fastrtps_cpp;rosidl_typesupport_introspection_cpp
[0.327s] -- Found rosidl_adapter: 4.0.1 (/opt/ros/iron/share/rosidl_adapter/cmake)
[0.334s] -- Found std_msgs: 5.0.0 (/opt/ros/iron/share/std_msgs/cmake)
[0.398s] -- Found std_srvs: 5.0.0 (/opt/ros/iron/share/std_srvs/cmake)
[0.930s] -- Found ament_cmake_ros: 0.11.2 (/opt/ros/iron/share/ament_cmake_ros/cmake)
[1.148s] -- Using all available rosidl_typesupport_c: rosidl_typesupport_fastrtps_c;rosidl_typesupport_introspection_c
[1.417s] -- Using all available rosidl_typesupport_cpp: rosidl_typesupport_fastrtps_cpp;rosidl_typesupport_introspection_cpp
[1.444s] -- Found python_cmake_module: 0.10.2 (/opt/ros/iron/share/python_cmake_module/cmake)
[1.467s] -- Using PYTHON_EXECUTABLE: /usr/bin/python3
[1.467s] -- Using PYTHON_INCLUDE_DIRS: /usr/include/python3.10
[1.467s] -- Using PYTHON_LIBRARIES: /usr/lib/x86_64-linux-gnu/libpython3.10.so
[1.496s] -- Configuring done
[1.581s] -- Generating done
[1.590s] -- Build files have been written to: /workspaces/jibo-workshop-fol2024/ros2_workspace/build/jibo_msgs
[1.653s] [  1%] [34m[1mGenerating type hashes for ROS interfaces[0m
[1.710s] [  1%] Built target ament_cmake_python_copy_jibo_msgs
[2.259s] running egg_info
[2.261s] writing jibo_msgs.egg-info/PKG-INFO
[2.263s] writing dependency_links to jibo_msgs.egg-info/dependency_links.txt
[2.265s] writing top-level names to jibo_msgs.egg-info/top_level.txt
[2.270s] reading manifest file 'jibo_msgs.egg-info/SOURCES.txt'
[2.272s] writing manifest file 'jibo_msgs.egg-info/SOURCES.txt'
[2.317s] [  1%] Built target ament_cmake_python_build_jibo_msgs_egg
[2.787s] Traceback (most recent call last):
[2.787s]   File "/opt/ros/iron/lib/rosidl_generator_type_description/rosidl_generator_type_description", line 50, in <module>
[2.788s]     sys.exit(main())
[2.789s]   File "/opt/ros/iron/lib/rosidl_generator_type_description/rosidl_generator_type_description", line 46, in main
[2.789s]     generate_type_hash(args.generator_arguments_file)
[2.789s]   File "/opt/ros/iron/lib/python3.10/site-packages/rosidl_generator_type_description/__init__.py", line 162, in generate_type_hash
[2.789s]     with include_path.open('r') as include_file:
[2.789s]   File "/usr/lib/python3.10/pathlib.py", line 1119, in open
[2.790s]     return self._accessor.open(self, mode, buffering, encoding, errors,
[2.790s] FileNotFoundError: [Errno 2] No such file or directory: '/workspaces/jibo-workshop-fol2024/ros2_workspace/build/jibo_msgs/rosidl_generator_type_description/jibo_msgs/msg/Header.json'
[2.811s] gmake[2]: *** [CMakeFiles/jibo_msgs__rosidl_generator_type_description.dir/build.make:83: rosidl_generator_type_description/jibo_msgs/msg/JiboAction.json] Error 1
[2.812s] gmake[1]: *** [CMakeFiles/Makefile2:215: CMakeFiles/jibo_msgs__rosidl_generator_type_description.dir/all] Error 2
[2.812s] gmake: *** [Makefile:146: all] Error 2
[2.816s] Invoked command in '/workspaces/jibo-workshop-fol2024/ros2_workspace/build/jibo_msgs' returned '2': CMAKE_PREFIX_PATH=/opt/ros/iron /usr/bin/cmake --build /workspaces/jibo-workshop-fol2024/ros2_workspace/build/jibo_msgs -- -j2 -l2
